2020-06-18 13:12:50: == Sync Started by User Command
2020-06-18 13:12:50: Create Folder 'K:/Website backup/AE2020Spring/.git/objects/10'
2020-06-18 13:12:51: Create Folder 'K:/Website backup/AE2020Spring/.git/objects/25'
2020-06-18 13:12:51: Create Folder 'K:/Website backup/AE2020Spring/.git/objects/ae'
2020-06-18 13:12:51: Copy Over 'L:/Github/spring/.git/COMMIT_EDITMSG' -> 'K:/Website backup/AE2020Spring/.git/COMMIT_EDITMSG' (7)
2020-06-18 13:12:51: Copy Over 'L:/Github/spring/.git/FETCH_HEAD' -> 'K:/Website backup/AE2020Spring/.git/FETCH_HEAD' (100)
2020-06-18 13:12:51: Copy Over 'L:/Github/spring/.git/index' -> 'K:/Website backup/AE2020Spring/.git/index' (7,761)
2020-06-18 13:12:51: Copy Over 'L:/Github/spring/.git/logs/HEAD' -> 'K:/Website backup/AE2020Spring/.git/logs/HEAD' (23,998)
2020-06-18 13:12:51: Copy Over 'L:/Github/spring/.git/logs/refs/heads/master' -> 'K:/Website backup/AE2020Spring/.git/logs/refs/heads/master' (23,524)
2020-06-18 13:12:51: Copy Over 'L:/Github/spring/.git/logs/refs/remotes/origin/master' -> 'K:/Website backup/AE2020Spring/.git/logs/refs/remotes/origin/master' (19,963)
2020-06-18 13:12:51: Copy New 'L:/Github/spring/.git/objects/10/1819cbe4993874ec887667f829dc4cd0f341f2' -> 'K:/Website backup/AE2020Spring/.git/objects/10/1819cbe4993874ec887667f829dc4cd0f341f2' (4,427)
2020-06-18 13:12:51: Copy New 'L:/Github/spring/.git/objects/12/771311450c92d95a54b8a20603ee202d51e5e3' -> 'K:/Website backup/AE2020Spring/.git/objects/12/771311450c92d95a54b8a20603ee202d51e5e3' (112)
2020-06-18 13:12:51: Copy New 'L:/Github/spring/.git/objects/18/dee98c46bd5873512822c51d9e063f8aea4772' -> 'K:/Website backup/AE2020Spring/.git/objects/18/dee98c46bd5873512822c51d9e063f8aea4772' (4,416)
2020-06-18 13:12:52: Copy New 'L:/Github/spring/.git/objects/19/27f32301a612a0048e729c4b39cf714c7088d1' -> 'K:/Website backup/AE2020Spring/.git/objects/19/27f32301a612a0048e729c4b39cf714c7088d1' (725)
2020-06-18 13:12:52: Copy New 'L:/Github/spring/.git/objects/25/1146ed0e8d654074ea164dd941cac78b36d450' -> 'K:/Website backup/AE2020Spring/.git/objects/25/1146ed0e8d654074ea164dd941cac78b36d450' (56)
2020-06-18 13:12:52: Copy New 'L:/Github/spring/.git/objects/26/2d2dc2cd3fd7ef927a466c6ede5c816d8b9ed3' -> 'K:/Website backup/AE2020Spring/.git/objects/26/2d2dc2cd3fd7ef927a466c6ede5c816d8b9ed3' (159)
2020-06-18 13:12:52: Copy New 'L:/Github/spring/.git/objects/2b/80abd4d394adb55c9067a7ded78444680aa7f2' -> 'K:/Website backup/AE2020Spring/.git/objects/2b/80abd4d394adb55c9067a7ded78444680aa7f2' (724)
2020-06-18 13:12:52: Copy New 'L:/Github/spring/.git/objects/37/2caa20b63d2a66fd4cbbe2721e5db5c9969792' -> 'K:/Website backup/AE2020Spring/.git/objects/37/2caa20b63d2a66fd4cbbe2721e5db5c9969792' (171)
2020-06-18 13:12:52: Copy New 'L:/Github/spring/.git/objects/41/1384111d47cb0e8f4015a471f828ab3e8b40ea' -> 'K:/Website backup/AE2020Spring/.git/objects/41/1384111d47cb0e8f4015a471f828ab3e8b40ea' (4,408)
2020-06-18 13:12:52: Copy New 'L:/Github/spring/.git/objects/44/4f2f83c03a38be790d43e239809df2021fb410' -> 'K:/Website backup/AE2020Spring/.git/objects/44/4f2f83c03a38be790d43e239809df2021fb410' (205)
2020-06-18 13:12:53: Copy New 'L:/Github/spring/.git/objects/44/8c8f69a48d6c24ab09bce4aadffa892c6f6647' -> 'K:/Website backup/AE2020Spring/.git/objects/44/8c8f69a48d6c24ab09bce4aadffa892c6f6647' (1,563)
2020-06-18 13:12:53: Copy New 'L:/Github/spring/.git/objects/4c/80a62fbe40855dc1845af4de44b6f43a77aa3f' -> 'K:/Website backup/AE2020Spring/.git/objects/4c/80a62fbe40855dc1845af4de44b6f43a77aa3f' (724)
2020-06-18 13:12:53: Copy New 'L:/Github/spring/.git/objects/5b/95c91630e7a7791b610eaa46c7044938a5bcfd' -> 'K:/Website backup/AE2020Spring/.git/objects/5b/95c91630e7a7791b610eaa46c7044938a5bcfd' (725)
2020-06-18 13:12:53: Copy New 'L:/Github/spring/.git/objects/64/6d2b959f03fc6efc6ac58363e3c62dedf44be3' -> 'K:/Website backup/AE2020Spring/.git/objects/64/6d2b959f03fc6efc6ac58363e3c62dedf44be3' (83)
2020-06-18 13:12:53: Copy New 'L:/Github/spring/.git/objects/6a/56e65182ac063ffbd99a7677a4cd1609c11aef' -> 'K:/Website backup/AE2020Spring/.git/objects/6a/56e65182ac063ffbd99a7677a4cd1609c11aef' (62)
2020-06-18 13:12:53: Copy New 'L:/Github/spring/.git/objects/6a/a8d8cca6eb52524850b651ebe521483d3b1156' -> 'K:/Website backup/AE2020Spring/.git/objects/6a/a8d8cca6eb52524850b651ebe521483d3b1156' (171)
2020-06-18 13:12:53: Copy New 'L:/Github/spring/.git/objects/79/32a254a704420f60f92707798f2d7e857b21e4' -> 'K:/Website backup/AE2020Spring/.git/objects/79/32a254a704420f60f92707798f2d7e857b21e4' (168)
2020-06-18 13:12:53: Copy New 'L:/Github/spring/.git/objects/7c/1b02bd210268462df1c5bf2eef3607efd7aa03' -> 'K:/Website backup/AE2020Spring/.git/objects/7c/1b02bd210268462df1c5bf2eef3607efd7aa03' (724)
2020-06-18 13:12:54: Copy New 'L:/Github/spring/.git/objects/8a/0f392f6a70248e3977dd3c44081374a02d7329' -> 'K:/Website backup/AE2020Spring/.git/objects/8a/0f392f6a70248e3977dd3c44081374a02d7329' (4,540)
2020-06-18 13:12:54: Copy New 'L:/Github/spring/.git/objects/93/96af6e03051e1123b19aa3c8199d46046d8bca' -> 'K:/Website backup/AE2020Spring/.git/objects/93/96af6e03051e1123b19aa3c8199d46046d8bca' (725)
2020-06-18 13:12:54: Copy New 'L:/Github/spring/.git/objects/9e/aa1185c1b3deccd8291d3be25d7d76e9dda534' -> 'K:/Website backup/AE2020Spring/.git/objects/9e/aa1185c1b3deccd8291d3be25d7d76e9dda534' (57)
2020-06-18 13:12:54: Copy New 'L:/Github/spring/.git/objects/a9/bcfe374724b8aaf6002f81facf8c406d9de551' -> 'K:/Website backup/AE2020Spring/.git/objects/a9/bcfe374724b8aaf6002f81facf8c406d9de551' (170)
2020-06-18 13:12:54: Copy New 'L:/Github/spring/.git/objects/ac/eff367ba8f054efd5f191367478d698e52872b' -> 'K:/Website backup/AE2020Spring/.git/objects/ac/eff367ba8f054efd5f191367478d698e52872b' (83)
2020-06-18 13:12:54: Copy New 'L:/Github/spring/.git/objects/ae/97169c21067c46c933835814af4bb4cb84c1b6' -> 'K:/Website backup/AE2020Spring/.git/objects/ae/97169c21067c46c933835814af4bb4cb84c1b6' (724)
2020-06-18 13:12:54: Copy New 'L:/Github/spring/.git/objects/b0/51810308e79d871f73cca2294c2e2a23c0280f' -> 'K:/Website backup/AE2020Spring/.git/objects/b0/51810308e79d871f73cca2294c2e2a23c0280f' (29,415)
2020-06-18 13:12:54: Copy New 'L:/Github/spring/.git/objects/b0/534b8db2ecb8980d302241c98901f0ff8711b1' -> 'K:/Website backup/AE2020Spring/.git/objects/b0/534b8db2ecb8980d302241c98901f0ff8711b1' (160)
2020-06-18 13:12:54: Copy New 'L:/Github/spring/.git/objects/be/337bea49e0e08d0e0261aa2677b103373dc4fd' -> 'K:/Website backup/AE2020Spring/.git/objects/be/337bea49e0e08d0e0261aa2677b103373dc4fd' (4,539)
2020-06-18 13:12:54: Copy New 'L:/Github/spring/.git/objects/be/f7b7fa25585742b3f0e06282a5402eb19e350c' -> 'K:/Website backup/AE2020Spring/.git/objects/be/f7b7fa25585742b3f0e06282a5402eb19e350c' (4,429)
2020-06-18 13:12:54: Copy New 'L:/Github/spring/.git/objects/cc/5294e1b067710258a2d73fc065bcde498aafc3' -> 'K:/Website backup/AE2020Spring/.git/objects/cc/5294e1b067710258a2d73fc065bcde498aafc3' (170)
2020-06-18 13:12:55: Copy New 'L:/Github/spring/.git/objects/e0/15c8101b0d3a0684ef086dcc6e55bbd47c07c6' -> 'K:/Website backup/AE2020Spring/.git/objects/e0/15c8101b0d3a0684ef086dcc6e55bbd47c07c6' (6,343)
2020-06-18 13:12:55: Copy New 'L:/Github/spring/.git/objects/e8/ac0b7f3e7df6343ee2c073fd4de15b140ee14c' -> 'K:/Website backup/AE2020Spring/.git/objects/e8/ac0b7f3e7df6343ee2c073fd4de15b140ee14c' (725)
2020-06-18 13:12:55: Copy New 'L:/Github/spring/.git/objects/f7/8971130825930db167c719580cb35d18a1ba37' -> 'K:/Website backup/AE2020Spring/.git/objects/f7/8971130825930db167c719580cb35d18a1ba37' (225)
2020-06-18 13:12:55: Copy New 'L:/Github/spring/.git/objects/fd/6138368c2995f27bf08208d749e00b4c7e544d' -> 'K:/Website backup/AE2020Spring/.git/objects/fd/6138368c2995f27bf08208d749e00b4c7e544d' (56)
2020-06-18 13:12:55: Copy New 'L:/Github/spring/.git/objects/fe/f840734ffc5514ee87ddb35e611c9221ca497a' -> 'K:/Website backup/AE2020Spring/.git/objects/fe/f840734ffc5514ee87ddb35e611c9221ca497a' (4,428)
2020-06-18 13:12:55: Copy New 'L:/Github/spring/.git/ORIG_HEAD' -> 'K:/Website backup/AE2020Spring/.git/ORIG_HEAD' (41)
2020-06-18 13:12:55: Copy Over 'L:/Github/spring/.git/refs/heads/master' -> 'K:/Website backup/AE2020Spring/.git/refs/heads/master' (41)
2020-06-18 13:12:55: Copy Over 'L:/Github/spring/.git/refs/remotes/origin/master' -> 'K:/Website backup/AE2020Spring/.git/refs/remotes/origin/master' (41)
2020-06-18 13:12:55: Copy Over 'L:/Github/spring/index.html' -> 'K:/Website backup/AE2020Spring/index.html' (22,639)
2020-06-18 13:12:55: Copy Over 'L:/Github/spring/surveys/surveys.html' -> 'K:/Website backup/AE2020Spring/surveys/surveys.html' (17,797)
2020-06-18 13:12:55: Copy New 'L:/Github/spring/surveys/surveys2.html' -> 'K:/Website backup/AE2020Spring/surveys/surveys2.html' (17,777)
2020-06-18 13:12:56: == Sync Complete. Time: 00:00:06, Speed: 632.70 KB/s, OK: 49, Errors: 0
2020-06-18 13:12:56: 
