2020-07-13 23:06:58: == Sync Started by User Command
2020-07-13 23:06:58: Delete File 'K:/Website backup/AE2020Spring/css/ticker.css'
2020-07-13 23:06:58: Delete File 'K:/Website backup/AE2020Spring/css/ticker2.css'
2020-07-13 23:06:58: Delete File 'K:/Website backup/AE2020Spring/index-week1.html'
2020-07-13 23:06:58: Delete File 'K:/Website backup/AE2020Spring/index-week2.html'
2020-07-13 23:06:58: Delete File 'K:/Website backup/AE2020Spring/index-week3.html'
2020-07-13 23:06:58: Delete File 'K:/Website backup/AE2020Spring/index-week4.html'
2020-07-13 23:06:58: Delete File 'K:/Website backup/AE2020Spring/index-week5.html'
2020-07-13 23:06:58: Delete File 'K:/Website backup/AE2020Spring/splitscreen/block-1-test-mon2.html'
2020-07-13 23:06:58: Create Folder 'K:/Website backup/AE2020Spring/.git/objects/1d'
2020-07-13 23:06:58: Create Folder 'K:/Website backup/AE2020Spring/.git/objects/2f'
2020-07-13 23:06:58: Create Folder 'K:/Website backup/AE2020Spring/.git/objects/30'
2020-07-13 23:06:58: Create Folder 'K:/Website backup/AE2020Spring/.git/objects/42'
2020-07-13 23:06:58: Create Folder 'K:/Website backup/AE2020Spring/.git/objects/45'
2020-07-13 23:06:58: Create Folder 'K:/Website backup/AE2020Spring/.git/objects/4d'
2020-07-13 23:06:58: Create Folder 'K:/Website backup/AE2020Spring/.git/objects/67'
2020-07-13 23:06:58: Create Folder 'K:/Website backup/AE2020Spring/.git/objects/75'
2020-07-13 23:06:58: Create Folder 'K:/Website backup/AE2020Spring/.git/objects/88'
2020-07-13 23:06:58: Create Folder 'K:/Website backup/AE2020Spring/.git/objects/89'
2020-07-13 23:06:58: Create Folder 'K:/Website backup/AE2020Spring/.git/objects/9a'
2020-07-13 23:06:58: Create Folder 'K:/Website backup/AE2020Spring/.git/objects/d3'
2020-07-13 23:06:58: Create Folder 'K:/Website backup/AE2020Spring/.git/objects/e6'
2020-07-13 23:06:58: Create Folder 'K:/Website backup/AE2020Spring/.git/objects/fa'
2020-07-13 23:06:58: Create Folder 'K:/Website backup/AE2020Spring/practice/block3'
2020-07-13 23:06:59: Copy Over 'L:/Github/spring/.git/COMMIT_EDITMSG' -> 'K:/Website backup/AE2020Spring/.git/COMMIT_EDITMSG' (18)
2020-07-13 23:06:59: Copy Over 'L:/Github/spring/.git/FETCH_HEAD' -> 'K:/Website backup/AE2020Spring/.git/FETCH_HEAD' (100)
2020-07-13 23:06:59: Copy Over 'L:/Github/spring/.git/index' -> 'K:/Website backup/AE2020Spring/.git/index' (9,152)
2020-07-13 23:06:59: Copy Over 'L:/Github/spring/.git/logs/HEAD' -> 'K:/Website backup/AE2020Spring/.git/logs/HEAD' (35,822)
2020-07-13 23:06:59: Copy Over 'L:/Github/spring/.git/logs/refs/heads/master' -> 'K:/Website backup/AE2020Spring/.git/logs/refs/heads/master' (35,348)
2020-07-13 23:06:59: Copy Over 'L:/Github/spring/.git/logs/refs/remotes/origin/master' -> 'K:/Website backup/AE2020Spring/.git/logs/refs/remotes/origin/master' (30,684)
2020-07-13 23:06:59: Copy New 'L:/Github/spring/.git/objects/00/e723ec0a234ac1bf58e55bb6915dfec9551546' -> 'K:/Website backup/AE2020Spring/.git/objects/00/e723ec0a234ac1bf58e55bb6915dfec9551546' (2,391)
2020-07-13 23:06:59: Copy New 'L:/Github/spring/.git/objects/01/da722b098faf50d526936b1982cba993cc34ad' -> 'K:/Website backup/AE2020Spring/.git/objects/01/da722b098faf50d526936b1982cba993cc34ad' (2,389)
2020-07-13 23:07:00: Copy New 'L:/Github/spring/.git/objects/01/fa4e6685a0f125d785ac77eda7b87e6a46ca15' -> 'K:/Website backup/AE2020Spring/.git/objects/01/fa4e6685a0f125d785ac77eda7b87e6a46ca15' (6,626)
2020-07-13 23:07:00: Copy New 'L:/Github/spring/.git/objects/02/2a1bd3e383c622d56569557697ce1577d451dd' -> 'K:/Website backup/AE2020Spring/.git/objects/02/2a1bd3e383c622d56569557697ce1577d451dd' (170)
2020-07-13 23:07:00: Copy New 'L:/Github/spring/.git/objects/03/c1be9030c6a0cd70e7f5350f3409278375db1a' -> 'K:/Website backup/AE2020Spring/.git/objects/03/c1be9030c6a0cd70e7f5350f3409278375db1a' (172)
2020-07-13 23:07:00: Copy New 'L:/Github/spring/.git/objects/03/e8dc3bc8c41f21b939667b33b0616845bb2338' -> 'K:/Website backup/AE2020Spring/.git/objects/03/e8dc3bc8c41f21b939667b33b0616845bb2338' (2,391)
2020-07-13 23:07:00: Copy New 'L:/Github/spring/.git/objects/06/5fa8a30eb5c09a3f4967127c8cc350d210d953' -> 'K:/Website backup/AE2020Spring/.git/objects/06/5fa8a30eb5c09a3f4967127c8cc350d210d953' (620)
2020-07-13 23:07:00: Copy New 'L:/Github/spring/.git/objects/07/11fda87dd17a1599471f10c561bf95bfa8f297' -> 'K:/Website backup/AE2020Spring/.git/objects/07/11fda87dd17a1599471f10c561bf95bfa8f297' (2,389)
2020-07-13 23:07:00: Copy New 'L:/Github/spring/.git/objects/0a/8eebef63c1d014363ce4f380b7bbeab7ca6cb0' -> 'K:/Website backup/AE2020Spring/.git/objects/0a/8eebef63c1d014363ce4f380b7bbeab7ca6cb0' (2,389)
2020-07-13 23:07:01: Copy New 'L:/Github/spring/.git/objects/0c/87338eea7d55dc4d23fb24782ca235dffeb170' -> 'K:/Website backup/AE2020Spring/.git/objects/0c/87338eea7d55dc4d23fb24782ca235dffeb170' (632,796)
2020-07-13 23:07:01: Copy New 'L:/Github/spring/.git/objects/0d/970976af0e613dac794813ca32e69a2ee7a649' -> 'K:/Website backup/AE2020Spring/.git/objects/0d/970976af0e613dac794813ca32e69a2ee7a649' (2,327)
2020-07-13 23:07:01: Copy New 'L:/Github/spring/.git/objects/0e/0e12ad32b5045d8a416493a3af7153115f4705' -> 'K:/Website backup/AE2020Spring/.git/objects/0e/0e12ad32b5045d8a416493a3af7153115f4705' (2,390)
2020-07-13 23:07:01: Copy New 'L:/Github/spring/.git/objects/0e/dc840d697f6d4902ceed434adcd3b15c915048' -> 'K:/Website backup/AE2020Spring/.git/objects/0e/dc840d697f6d4902ceed434adcd3b15c915048' (178)
2020-07-13 23:07:01: Copy New 'L:/Github/spring/.git/objects/0e/fd87d4180edcd9853acb32b12292ebcd62b080' -> 'K:/Website backup/AE2020Spring/.git/objects/0e/fd87d4180edcd9853acb32b12292ebcd62b080' (3,804)
2020-07-13 23:07:01: Copy New 'L:/Github/spring/.git/objects/0f/4858686fb3efef40937c7e88655eb1a8cd392e' -> 'K:/Website backup/AE2020Spring/.git/objects/0f/4858686fb3efef40937c7e88655eb1a8cd392e' (158)
2020-07-13 23:07:01: Copy New 'L:/Github/spring/.git/objects/0f/74c727b717237dc0881197cd45baab953a7aff' -> 'K:/Website backup/AE2020Spring/.git/objects/0f/74c727b717237dc0881197cd45baab953a7aff' (568)
2020-07-13 23:07:01: Copy New 'L:/Github/spring/.git/objects/10/21ec12194abf9374a560a900767a1f048fa325' -> 'K:/Website backup/AE2020Spring/.git/objects/10/21ec12194abf9374a560a900767a1f048fa325' (805)
2020-07-13 23:07:02: Copy New 'L:/Github/spring/.git/objects/11/0956ab6dbcda34b6b71da09b31d1c832462825' -> 'K:/Website backup/AE2020Spring/.git/objects/11/0956ab6dbcda34b6b71da09b31d1c832462825' (83)
2020-07-13 23:07:02: Copy New 'L:/Github/spring/.git/objects/11/64ce46536f8b30ec1620d299d5789c030ce23a' -> 'K:/Website backup/AE2020Spring/.git/objects/11/64ce46536f8b30ec1620d299d5789c030ce23a' (620)
2020-07-13 23:07:02: Copy New 'L:/Github/spring/.git/objects/12/53af169fe7eb6dce50d9fdffb0b29dd49950ef' -> 'K:/Website backup/AE2020Spring/.git/objects/12/53af169fe7eb6dce50d9fdffb0b29dd49950ef' (83)
2020-07-13 23:07:02: Copy New 'L:/Github/spring/.git/objects/14/106a32bd60dce086812166f7f73d91ea34d820' -> 'K:/Website backup/AE2020Spring/.git/objects/14/106a32bd60dce086812166f7f73d91ea34d820' (3,683)
2020-07-13 23:07:02: Copy New 'L:/Github/spring/.git/objects/14/20687e85d2008796317b80732b0c813f8b92e7' -> 'K:/Website backup/AE2020Spring/.git/objects/14/20687e85d2008796317b80732b0c813f8b92e7' (2,377)
2020-07-13 23:07:02: Copy New 'L:/Github/spring/.git/objects/14/835399baa164f60d21892598cf60774ff27928' -> 'K:/Website backup/AE2020Spring/.git/objects/14/835399baa164f60d21892598cf60774ff27928' (159)
2020-07-13 23:07:02: Copy New 'L:/Github/spring/.git/objects/15/1636f3f8295adad0859083520e5caa74084996' -> 'K:/Website backup/AE2020Spring/.git/objects/15/1636f3f8295adad0859083520e5caa74084996' (4,850)
2020-07-13 23:07:02: Copy New 'L:/Github/spring/.git/objects/15/3fdefc928a2f8b8327e8ba79311263310523e7' -> 'K:/Website backup/AE2020Spring/.git/objects/15/3fdefc928a2f8b8327e8ba79311263310523e7' (160)
2020-07-13 23:07:02: Copy New 'L:/Github/spring/.git/objects/15/8f1d7dbb447a19089d44396a33a6e00c4a0703' -> 'K:/Website backup/AE2020Spring/.git/objects/15/8f1d7dbb447a19089d44396a33a6e00c4a0703' (805)
2020-07-13 23:07:03: Copy New 'L:/Github/spring/.git/objects/15/c30bedc9d0d463c0d83c0aa1ef7f6eb61fc9ee' -> 'K:/Website backup/AE2020Spring/.git/objects/15/c30bedc9d0d463c0d83c0aa1ef7f6eb61fc9ee' (5,008)
2020-07-13 23:07:03: Copy New 'L:/Github/spring/.git/objects/16/54ad740b3b01c897421929e28a409c278768d8' -> 'K:/Website backup/AE2020Spring/.git/objects/16/54ad740b3b01c897421929e28a409c278768d8' (777)
2020-07-13 23:07:03: Copy New 'L:/Github/spring/.git/objects/17/1d2cad96110fc8a77293245cfec467021bcfdf' -> 'K:/Website backup/AE2020Spring/.git/objects/17/1d2cad96110fc8a77293245cfec467021bcfdf' (167)
2020-07-13 23:07:03: Copy New 'L:/Github/spring/.git/objects/17/612e9412788f286b5f0891055b53ac57e01611' -> 'K:/Website backup/AE2020Spring/.git/objects/17/612e9412788f286b5f0891055b53ac57e01611' (459)
2020-07-13 23:07:03: Copy New 'L:/Github/spring/.git/objects/18/e32ff03cbd5ed5c090c4473969562bc686b734' -> 'K:/Website backup/AE2020Spring/.git/objects/18/e32ff03cbd5ed5c090c4473969562bc686b734' (619)
2020-07-13 23:07:03: Copy New 'L:/Github/spring/.git/objects/19/dbad9e8b8b2b729adf362ad770f973535ae960' -> 'K:/Website backup/AE2020Spring/.git/objects/19/dbad9e8b8b2b729adf362ad770f973535ae960' (319)
2020-07-13 23:07:03: Copy New 'L:/Github/spring/.git/objects/1b/3c39aff8f84f2f38443e60cf0ff2e20a0ede4b' -> 'K:/Website backup/AE2020Spring/.git/objects/1b/3c39aff8f84f2f38443e60cf0ff2e20a0ede4b' (172)
2020-07-13 23:07:03: Copy New 'L:/Github/spring/.git/objects/1b/4a7606669238912b5a5c6c34fa2eef444a7948' -> 'K:/Website backup/AE2020Spring/.git/objects/1b/4a7606669238912b5a5c6c34fa2eef444a7948' (803)
2020-07-13 23:07:03: Copy New 'L:/Github/spring/.git/objects/1b/ce15af58d2c56290c0d06adc4dfd0fee4c5258' -> 'K:/Website backup/AE2020Spring/.git/objects/1b/ce15af58d2c56290c0d06adc4dfd0fee4c5258' (2,387)
2020-07-13 23:07:03: Copy New 'L:/Github/spring/.git/objects/1b/fe2dceb3be5c7ca72e03cc564e5c18c339761c' -> 'K:/Website backup/AE2020Spring/.git/objects/1b/fe2dceb3be5c7ca72e03cc564e5c18c339761c' (2,393)
2020-07-13 23:07:04: Copy New 'L:/Github/spring/.git/objects/1c/ba9527952fe073c4031e48efbf8d64996b1e7f' -> 'K:/Website backup/AE2020Spring/.git/objects/1c/ba9527952fe073c4031e48efbf8d64996b1e7f' (3,649)
2020-07-13 23:07:04: Copy New 'L:/Github/spring/.git/objects/1d/9d107fdc25b55656156c855436d399797816f8' -> 'K:/Website backup/AE2020Spring/.git/objects/1d/9d107fdc25b55656156c855436d399797816f8' (177)
2020-07-13 23:07:04: Copy New 'L:/Github/spring/.git/objects/1e/0e34ba88e0a822b467249f1df7209a8122cb8f' -> 'K:/Website backup/AE2020Spring/.git/objects/1e/0e34ba88e0a822b467249f1df7209a8122cb8f' (169)
2020-07-13 23:07:04: Copy New 'L:/Github/spring/.git/objects/1e/68b65218aaef7950fad7a9a7bd3fb14fd46c0b' -> 'K:/Website backup/AE2020Spring/.git/objects/1e/68b65218aaef7950fad7a9a7bd3fb14fd46c0b' (738)
2020-07-13 23:07:04: Copy New 'L:/Github/spring/.git/objects/20/037be8ac6efd87053f3aca6788d8b293b12b03' -> 'K:/Website backup/AE2020Spring/.git/objects/20/037be8ac6efd87053f3aca6788d8b293b12b03' (157)
2020-07-13 23:07:04: Copy New 'L:/Github/spring/.git/objects/21/7e01b973d61f7df5598673cb2f9496de00232a' -> 'K:/Website backup/AE2020Spring/.git/objects/21/7e01b973d61f7df5598673cb2f9496de00232a' (171)
2020-07-13 23:07:04: Copy New 'L:/Github/spring/.git/objects/21/fe0feabb91f4cd98a9d700ab3e139920f709ae' -> 'K:/Website backup/AE2020Spring/.git/objects/21/fe0feabb91f4cd98a9d700ab3e139920f709ae' (6,908)
2020-07-13 23:07:04: Copy New 'L:/Github/spring/.git/objects/22/339b6e533dfb9f799fb285b7656880f5b114fb' -> 'K:/Website backup/AE2020Spring/.git/objects/22/339b6e533dfb9f799fb285b7656880f5b114fb' (178)
2020-07-13 23:07:05: Copy New 'L:/Github/spring/.git/objects/23/b1a7e9a3fd02fd0fa008ea23ae6c58c9f2685d' -> 'K:/Website backup/AE2020Spring/.git/objects/23/b1a7e9a3fd02fd0fa008ea23ae6c58c9f2685d' (708)
2020-07-13 23:07:05: Copy New 'L:/Github/spring/.git/objects/23/c27b7bbfaf2ebac99f2fe52ae7d65492bee0da' -> 'K:/Website backup/AE2020Spring/.git/objects/23/c27b7bbfaf2ebac99f2fe52ae7d65492bee0da' (83)
2020-07-13 23:07:05: Copy New 'L:/Github/spring/.git/objects/24/1e076b735c6277fc13f3c6d982c530c591422a' -> 'K:/Website backup/AE2020Spring/.git/objects/24/1e076b735c6277fc13f3c6d982c530c591422a' (159)
2020-07-13 23:07:05: Copy New 'L:/Github/spring/.git/objects/25/2257f1928b8947ec2037991d12c6c9e8c139d4' -> 'K:/Website backup/AE2020Spring/.git/objects/25/2257f1928b8947ec2037991d12c6c9e8c139d4' (6,607)
2020-07-13 23:07:05: Copy New 'L:/Github/spring/.git/objects/25/7293500390b46b718a556700bf6a0278f35b06' -> 'K:/Website backup/AE2020Spring/.git/objects/25/7293500390b46b718a556700bf6a0278f35b06' (158)
2020-07-13 23:07:05: Copy New 'L:/Github/spring/.git/objects/26/3162c0007d67fedf23a4b142b9ab498e7042ff' -> 'K:/Website backup/AE2020Spring/.git/objects/26/3162c0007d67fedf23a4b142b9ab498e7042ff' (751)
2020-07-13 23:07:05: Copy New 'L:/Github/spring/.git/objects/26/be27e8963e1c5b63c2890b8717e2e23ff92b3d' -> 'K:/Website backup/AE2020Spring/.git/objects/26/be27e8963e1c5b63c2890b8717e2e23ff92b3d' (158)
2020-07-13 23:07:05: Copy New 'L:/Github/spring/.git/objects/28/373407528a20b267a5d07d0d8c94f654b8f850' -> 'K:/Website backup/AE2020Spring/.git/objects/28/373407528a20b267a5d07d0d8c94f654b8f850' (6,758)
2020-07-13 23:07:05: Copy New 'L:/Github/spring/.git/objects/28/6c92d6521179550165c3267ca7051603c74747' -> 'K:/Website backup/AE2020Spring/.git/objects/28/6c92d6521179550165c3267ca7051603c74747' (182)
2020-07-13 23:07:06: Copy New 'L:/Github/spring/.git/objects/29/09dce0f0a7cdfc04fae8d1af27ab080679bada' -> 'K:/Website backup/AE2020Spring/.git/objects/29/09dce0f0a7cdfc04fae8d1af27ab080679bada' (6,157)
2020-07-13 23:07:06: Copy New 'L:/Github/spring/.git/objects/29/ca42971f60cedefec59948679b388d780d807d' -> 'K:/Website backup/AE2020Spring/.git/objects/29/ca42971f60cedefec59948679b388d780d807d' (82)
2020-07-13 23:07:06: Copy New 'L:/Github/spring/.git/objects/2a/b6e27fd3ce153d5ab19859bc59b1728b1141d7' -> 'K:/Website backup/AE2020Spring/.git/objects/2a/b6e27fd3ce153d5ab19859bc59b1728b1141d7' (2,386)
2020-07-13 23:07:06: Copy New 'L:/Github/spring/.git/objects/2b/3deba8ce29d7164d9700870f537b0ae1265409' -> 'K:/Website backup/AE2020Spring/.git/objects/2b/3deba8ce29d7164d9700870f537b0ae1265409' (7,398)
2020-07-13 23:07:06: Copy New 'L:/Github/spring/.git/objects/2b/f600e668ed579f2e272c374fe427d9d91493a2' -> 'K:/Website backup/AE2020Spring/.git/objects/2b/f600e668ed579f2e272c374fe427d9d91493a2' (159)
2020-07-13 23:07:06: Copy New 'L:/Github/spring/.git/objects/2c/1cf28e3388916169b385dbf957f3a239316533' -> 'K:/Website backup/AE2020Spring/.git/objects/2c/1cf28e3388916169b385dbf957f3a239316533' (235)
2020-07-13 23:07:06: Copy New 'L:/Github/spring/.git/objects/2d/afca84d449c0c0a04af9b20407685a2721f8a8' -> 'K:/Website backup/AE2020Spring/.git/objects/2d/afca84d449c0c0a04af9b20407685a2721f8a8' (2,308)
2020-07-13 23:07:06: Copy New 'L:/Github/spring/.git/objects/2e/a9f8faaf89bc20dbefb81e8dad1cca21a3494a' -> 'K:/Website backup/AE2020Spring/.git/objects/2e/a9f8faaf89bc20dbefb81e8dad1cca21a3494a' (6,795)
2020-07-13 23:07:07: Copy New 'L:/Github/spring/.git/objects/2e/b30e00e8fe38aa559063fda451f60d1948289c' -> 'K:/Website backup/AE2020Spring/.git/objects/2e/b30e00e8fe38aa559063fda451f60d1948289c' (119,445)
2020-07-13 23:07:07: Copy New 'L:/Github/spring/.git/objects/2f/9bcd4786cdf80fdc2050ce830d1c235ad41c84' -> 'K:/Website backup/AE2020Spring/.git/objects/2f/9bcd4786cdf80fdc2050ce830d1c235ad41c84' (6,605)
2020-07-13 23:07:07: Copy New 'L:/Github/spring/.git/objects/30/6a2b4760bbc1e8f68dcfda1f6b9e372409c4ad' -> 'K:/Website backup/AE2020Spring/.git/objects/30/6a2b4760bbc1e8f68dcfda1f6b9e372409c4ad' (172)
2020-07-13 23:07:07: Copy New 'L:/Github/spring/.git/objects/30/787da85d1e5ebed0a6edddbf6cdd92c8372992' -> 'K:/Website backup/AE2020Spring/.git/objects/30/787da85d1e5ebed0a6edddbf6cdd92c8372992' (621)
2020-07-13 23:07:07: Copy New 'L:/Github/spring/.git/objects/31/2949b59231e147a68922e0bc9a400870997345' -> 'K:/Website backup/AE2020Spring/.git/objects/31/2949b59231e147a68922e0bc9a400870997345' (4,870)
2020-07-13 23:07:07: Copy New 'L:/Github/spring/.git/objects/31/9599bbe80d24be4e42be7c83f65582f63aa35f' -> 'K:/Website backup/AE2020Spring/.git/objects/31/9599bbe80d24be4e42be7c83f65582f63aa35f' (2,388)
2020-07-13 23:07:07: Copy New 'L:/Github/spring/.git/objects/31/ff4bd16810cf3ccd7320f54ef6f50d80223e52' -> 'K:/Website backup/AE2020Spring/.git/objects/31/ff4bd16810cf3ccd7320f54ef6f50d80223e52' (29,699)
2020-07-13 23:07:07: Copy New 'L:/Github/spring/.git/objects/32/27f284580b4cb305cd713a26cd53f8c2b23829' -> 'K:/Website backup/AE2020Spring/.git/objects/32/27f284580b4cb305cd713a26cd53f8c2b23829' (777)
2020-07-13 23:07:07: Copy New 'L:/Github/spring/.git/objects/34/fcfe47d858e378d619405e48b7a26a5a720913' -> 'K:/Website backup/AE2020Spring/.git/objects/34/fcfe47d858e378d619405e48b7a26a5a720913' (621)
2020-07-13 23:07:07: Copy New 'L:/Github/spring/.git/objects/35/816723e4ffbea3e8dcc5d8bb03103e8fd18dd8' -> 'K:/Website backup/AE2020Spring/.git/objects/35/816723e4ffbea3e8dcc5d8bb03103e8fd18dd8' (159)
2020-07-13 23:07:08: Copy New 'L:/Github/spring/.git/objects/37/65d5a57bcb6b87974786cef93987827ea79fbb' -> 'K:/Website backup/AE2020Spring/.git/objects/37/65d5a57bcb6b87974786cef93987827ea79fbb' (738)
2020-07-13 23:07:08: Copy New 'L:/Github/spring/.git/objects/3a/aa205af1cf0b6efe3a0d43fa33aa7f3bd34f98' -> 'K:/Website backup/AE2020Spring/.git/objects/3a/aa205af1cf0b6efe3a0d43fa33aa7f3bd34f98' (2,390)
2020-07-13 23:07:08: Copy New 'L:/Github/spring/.git/objects/3a/af81ff4b11403f9c6916a83af4d2c0dd71eedc' -> 'K:/Website backup/AE2020Spring/.git/objects/3a/af81ff4b11403f9c6916a83af4d2c0dd71eedc' (708)
2020-07-13 23:07:08: Copy New 'L:/Github/spring/.git/objects/3d/c8fbcddef83a4d1504ed72d0dbb55eed9dfeda' -> 'K:/Website backup/AE2020Spring/.git/objects/3d/c8fbcddef83a4d1504ed72d0dbb55eed9dfeda' (176)
2020-07-13 23:07:08: Copy New 'L:/Github/spring/.git/objects/41/e211aaea6c0fb58003d92f5441a9820e63c6c3' -> 'K:/Website backup/AE2020Spring/.git/objects/41/e211aaea6c0fb58003d92f5441a9820e63c6c3' (171)
2020-07-13 23:07:08: Copy New 'L:/Github/spring/.git/objects/41/f112813b2442a5b5b219c533f0adeeb7056ac5' -> 'K:/Website backup/AE2020Spring/.git/objects/41/f112813b2442a5b5b219c533f0adeeb7056ac5' (177)
2020-07-13 23:07:08: Copy New 'L:/Github/spring/.git/objects/42/3188257391bfca273f002aac0952f1ab9202b0' -> 'K:/Website backup/AE2020Spring/.git/objects/42/3188257391bfca273f002aac0952f1ab9202b0' (708)
2020-07-13 23:07:09: Copy New 'L:/Github/spring/.git/objects/42/56c248f454daea8731a2fafb9809260faefc02' -> 'K:/Website backup/AE2020Spring/.git/objects/42/56c248f454daea8731a2fafb9809260faefc02' (7,232)
2020-07-13 23:07:09: Copy New 'L:/Github/spring/.git/objects/44/cce1fbe2ad4cf9a9069a28bcc6c893f93c17cb' -> 'K:/Website backup/AE2020Spring/.git/objects/44/cce1fbe2ad4cf9a9069a28bcc6c893f93c17cb' (179)
2020-07-13 23:07:09: Copy New 'L:/Github/spring/.git/objects/45/8a745e75cae089d906305a4df9eacea585645c' -> 'K:/Website backup/AE2020Spring/.git/objects/45/8a745e75cae089d906305a4df9eacea585645c' (2,387)
2020-07-13 23:07:09: Copy New 'L:/Github/spring/.git/objects/46/4ef061471a31b6acf6b5cc8f54e2280003a4fc' -> 'K:/Website backup/AE2020Spring/.git/objects/46/4ef061471a31b6acf6b5cc8f54e2280003a4fc' (175)
2020-07-13 23:07:09: Copy New 'L:/Github/spring/.git/objects/46/6d27cce5a83185617338acaab442e8bdc49e3e' -> 'K:/Website backup/AE2020Spring/.git/objects/46/6d27cce5a83185617338acaab442e8bdc49e3e' (751)
2020-07-13 23:07:09: Copy New 'L:/Github/spring/.git/objects/46/8b2f6996c0f4e4c35e0e666bd5cf6b768aeee9' -> 'K:/Website backup/AE2020Spring/.git/objects/46/8b2f6996c0f4e4c35e0e666bd5cf6b768aeee9' (83)
2020-07-13 23:07:09: Copy New 'L:/Github/spring/.git/objects/46/d4e5825b361cc038dd655d1ef89f34d077b293' -> 'K:/Website backup/AE2020Spring/.git/objects/46/d4e5825b361cc038dd655d1ef89f34d077b293' (804)
2020-07-13 23:07:09: Copy New 'L:/Github/spring/.git/objects/47/bb3c9cbde83496d783e491ac2915387817f039' -> 'K:/Website backup/AE2020Spring/.git/objects/47/bb3c9cbde83496d783e491ac2915387817f039' (568)
2020-07-13 23:07:09: Copy New 'L:/Github/spring/.git/objects/48/0006072ba50802b660fc9a9b465ac08aeff0d1' -> 'K:/Website backup/AE2020Spring/.git/objects/48/0006072ba50802b660fc9a9b465ac08aeff0d1' (750)
2020-07-13 23:07:10: Copy New 'L:/Github/spring/.git/objects/49/01bd2666e6e48de6a6ef44c16778f40ea32bf0' -> 'K:/Website backup/AE2020Spring/.git/objects/49/01bd2666e6e48de6a6ef44c16778f40ea32bf0' (158)
2020-07-13 23:07:10: Copy New 'L:/Github/spring/.git/objects/49/3987f7bac2906baaec95ac537d6d3b1bb294a8' -> 'K:/Website backup/AE2020Spring/.git/objects/49/3987f7bac2906baaec95ac537d6d3b1bb294a8' (2,435)
2020-07-13 23:07:10: Copy New 'L:/Github/spring/.git/objects/4a/9e4ae7e72bc5c8860b8f206a75f71812f8b9bb' -> 'K:/Website backup/AE2020Spring/.git/objects/4a/9e4ae7e72bc5c8860b8f206a75f71812f8b9bb' (2,388)
2020-07-13 23:07:10: Copy New 'L:/Github/spring/.git/objects/4a/c26f71ef4df4f899f734607aac7ee6a2e94a81' -> 'K:/Website backup/AE2020Spring/.git/objects/4a/c26f71ef4df4f899f734607aac7ee6a2e94a81' (3,728)
2020-07-13 23:07:10: Copy New 'L:/Github/spring/.git/objects/4b/60c2f401dc80c163f099f5678575b84e2664da' -> 'K:/Website backup/AE2020Spring/.git/objects/4b/60c2f401dc80c163f099f5678575b84e2664da' (620)
2020-07-13 23:07:10: Copy New 'L:/Github/spring/.git/objects/4c/8e8e244f7a044d1e7750e0b43bbd8ab581d7c5' -> 'K:/Website backup/AE2020Spring/.git/objects/4c/8e8e244f7a044d1e7750e0b43bbd8ab581d7c5' (751)
2020-07-13 23:07:10: Copy New 'L:/Github/spring/.git/objects/4d/201bd9aa70cb9f79d2f787dc4ff1406d186f9d' -> 'K:/Website backup/AE2020Spring/.git/objects/4d/201bd9aa70cb9f79d2f787dc4ff1406d186f9d' (805)
2020-07-13 23:07:10: Copy New 'L:/Github/spring/.git/objects/4e/7aaabafd7fb40c6ea1c3297b2eafce41d5855e' -> 'K:/Website backup/AE2020Spring/.git/objects/4e/7aaabafd7fb40c6ea1c3297b2eafce41d5855e' (3,730)
2020-07-13 23:07:10: Copy New 'L:/Github/spring/.git/objects/4e/d5ee0076c71b52c1648a1e408753ac10b0559e' -> 'K:/Website backup/AE2020Spring/.git/objects/4e/d5ee0076c71b52c1648a1e408753ac10b0559e' (803)
2020-07-13 23:07:11: Copy New 'L:/Github/spring/.git/objects/4f/bef18ed79d3bd9a543259040bcc44c0d5deb74' -> 'K:/Website backup/AE2020Spring/.git/objects/4f/bef18ed79d3bd9a543259040bcc44c0d5deb74' (740)
2020-07-13 23:07:11: Copy New 'L:/Github/spring/.git/objects/50/39f2d9e943d80566e9817150a0f8b9f5615204' -> 'K:/Website backup/AE2020Spring/.git/objects/50/39f2d9e943d80566e9817150a0f8b9f5615204' (166)
2020-07-13 23:07:11: Copy New 'L:/Github/spring/.git/objects/51/c3b9f3523999ee3846bd8aa771d371108477db' -> 'K:/Website backup/AE2020Spring/.git/objects/51/c3b9f3523999ee3846bd8aa771d371108477db' (6,523)
2020-07-13 23:07:11: Copy New 'L:/Github/spring/.git/objects/52/0f4598a73a7d2e46d58556661005d4acd62b3b' -> 'K:/Website backup/AE2020Spring/.git/objects/52/0f4598a73a7d2e46d58556661005d4acd62b3b' (737)
2020-07-13 23:07:11: Copy New 'L:/Github/spring/.git/objects/52/80ed57b12092ef7f1c9ec93f925d6969f63880' -> 'K:/Website backup/AE2020Spring/.git/objects/52/80ed57b12092ef7f1c9ec93f925d6969f63880' (159)
2020-07-13 23:07:11: Copy New 'L:/Github/spring/.git/objects/53/24bf1dce122e264b1d5c2f01eeab1b5ca64f5f' -> 'K:/Website backup/AE2020Spring/.git/objects/53/24bf1dce122e264b1d5c2f01eeab1b5ca64f5f' (176)
2020-07-13 23:07:11: Copy New 'L:/Github/spring/.git/objects/53/88b569dde1c957607adb19fa747b2c88ac8cfc' -> 'K:/Website backup/AE2020Spring/.git/objects/53/88b569dde1c957607adb19fa747b2c88ac8cfc' (6,579)
2020-07-13 23:07:11: Copy New 'L:/Github/spring/.git/objects/53/c94c68cb20b250235573475d1d11293c886750' -> 'K:/Website backup/AE2020Spring/.git/objects/53/c94c68cb20b250235573475d1d11293c886750' (734)
2020-07-13 23:07:12: Copy New 'L:/Github/spring/.git/objects/55/ee5e8729bc03eabaaeb63faf80516d8f3a5f50' -> 'K:/Website backup/AE2020Spring/.git/objects/55/ee5e8729bc03eabaaeb63faf80516d8f3a5f50' (82)
2020-07-13 23:07:12: Copy New 'L:/Github/spring/.git/objects/56/08c94f322fd5aba3cf5183b8b7fc8ad3e6f32c' -> 'K:/Website backup/AE2020Spring/.git/objects/56/08c94f322fd5aba3cf5183b8b7fc8ad3e6f32c' (750)
2020-07-13 23:07:12: Copy New 'L:/Github/spring/.git/objects/56/8a9d1b1320d90f4468e4966a6d2e68c74b901b' -> 'K:/Website backup/AE2020Spring/.git/objects/56/8a9d1b1320d90f4468e4966a6d2e68c74b901b' (158)
2020-07-13 23:07:12: Copy New 'L:/Github/spring/.git/objects/57/936a8656fa6944aa99fd2267e3463cbe8052d7' -> 'K:/Website backup/AE2020Spring/.git/objects/57/936a8656fa6944aa99fd2267e3463cbe8052d7' (168)
2020-07-13 23:07:12: Copy New 'L:/Github/spring/.git/objects/57/f9b637e55c0429dd6bd238967c0a54717ee3d0' -> 'K:/Website backup/AE2020Spring/.git/objects/57/f9b637e55c0429dd6bd238967c0a54717ee3d0' (568)
2020-07-13 23:07:12: Copy New 'L:/Github/spring/.git/objects/59/88db8e53fecac36d38d74b7d11ea4d6fef463c' -> 'K:/Website backup/AE2020Spring/.git/objects/59/88db8e53fecac36d38d74b7d11ea4d6fef463c' (805)
2020-07-13 23:07:12: Copy New 'L:/Github/spring/.git/objects/59/9c1c419948c0ec6c661e318bd659d770576f20' -> 'K:/Website backup/AE2020Spring/.git/objects/59/9c1c419948c0ec6c661e318bd659d770576f20' (7,116)
2020-07-13 23:07:12: Copy New 'L:/Github/spring/.git/objects/5a/42e4400354482e60de717206e425245b6f9607' -> 'K:/Website backup/AE2020Spring/.git/objects/5a/42e4400354482e60de717206e425245b6f9607' (7,189)
2020-07-13 23:07:12: Copy New 'L:/Github/spring/.git/objects/5b/33569efab3b26eac05ce55bc6314584549f686' -> 'K:/Website backup/AE2020Spring/.git/objects/5b/33569efab3b26eac05ce55bc6314584549f686' (2,388)
2020-07-13 23:07:13: Copy New 'L:/Github/spring/.git/objects/5e/284b1349fb978071e875335a58c7d0da28ce3f' -> 'K:/Website backup/AE2020Spring/.git/objects/5e/284b1349fb978071e875335a58c7d0da28ce3f' (7,730)
2020-07-13 23:07:13: Copy New 'L:/Github/spring/.git/objects/5e/c123e7cad2a3c50388bdf7e495c28cac991034' -> 'K:/Website backup/AE2020Spring/.git/objects/5e/c123e7cad2a3c50388bdf7e495c28cac991034' (737)
2020-07-13 23:07:13: Copy New 'L:/Github/spring/.git/objects/60/54a6ed190a8d215f320d1c3d8d5efd0f9b985f' -> 'K:/Website backup/AE2020Spring/.git/objects/60/54a6ed190a8d215f320d1c3d8d5efd0f9b985f' (4,964)
2020-07-13 23:07:13: Copy New 'L:/Github/spring/.git/objects/62/cf1fe0d2e2394da66bec9e81a20005c9b350ef' -> 'K:/Website backup/AE2020Spring/.git/objects/62/cf1fe0d2e2394da66bec9e81a20005c9b350ef' (2,389)
2020-07-13 23:07:13: Copy New 'L:/Github/spring/.git/objects/63/46980ad6948b4ce43e14f3ac258fc165f64db7' -> 'K:/Website backup/AE2020Spring/.git/objects/63/46980ad6948b4ce43e14f3ac258fc165f64db7' (29,693)
2020-07-13 23:07:13: Copy New 'L:/Github/spring/.git/objects/63/6c24a6e3cdc3c4de9675c8cdb3a3d600a54c6d' -> 'K:/Website backup/AE2020Spring/.git/objects/63/6c24a6e3cdc3c4de9675c8cdb3a3d600a54c6d' (2,403)
2020-07-13 23:07:13: Copy New 'L:/Github/spring/.git/objects/63/87340c3b6cb20dfe5a744696f0a507cd3bbb9b' -> 'K:/Website backup/AE2020Spring/.git/objects/63/87340c3b6cb20dfe5a744696f0a507cd3bbb9b' (6,317)
2020-07-13 23:07:13: Copy New 'L:/Github/spring/.git/objects/64/1752d9a20fdea16069c1df0ac425b7ce73e47d' -> 'K:/Website backup/AE2020Spring/.git/objects/64/1752d9a20fdea16069c1df0ac425b7ce73e47d' (750)
2020-07-13 23:07:13: Copy New 'L:/Github/spring/.git/objects/65/426437ff02657e46285f4107885c102741900f' -> 'K:/Website backup/AE2020Spring/.git/objects/65/426437ff02657e46285f4107885c102741900f' (4,962)
2020-07-13 23:07:13: Copy New 'L:/Github/spring/.git/objects/66/f138a932744b72e1695a3b137bc037c98f127a' -> 'K:/Website backup/AE2020Spring/.git/objects/66/f138a932744b72e1695a3b137bc037c98f127a' (170)
2020-07-13 23:07:14: Copy New 'L:/Github/spring/.git/objects/67/7542e1ddfddca58bdb456f66a9c063e0f2bda8' -> 'K:/Website backup/AE2020Spring/.git/objects/67/7542e1ddfddca58bdb456f66a9c063e0f2bda8' (6,604)
2020-07-13 23:07:14: Copy New 'L:/Github/spring/.git/objects/68/571b6220aac817c75df7e2f7e035942fbb5a10' -> 'K:/Website backup/AE2020Spring/.git/objects/68/571b6220aac817c75df7e2f7e035942fbb5a10' (2,413)
2020-07-13 23:07:14: Copy New 'L:/Github/spring/.git/objects/69/50e10e1769823ffea52b0a8ed3136bf27f2005' -> 'K:/Website backup/AE2020Spring/.git/objects/69/50e10e1769823ffea52b0a8ed3136bf27f2005' (569)
2020-07-13 23:07:14: Copy New 'L:/Github/spring/.git/objects/6b/0195bb702d0c256e0e4d877738c956e218c147' -> 'K:/Website backup/AE2020Spring/.git/objects/6b/0195bb702d0c256e0e4d877738c956e218c147' (568)
2020-07-13 23:07:14: Copy New 'L:/Github/spring/.git/objects/6b/2ef06441d99158a9ce20957457c81f460e5c22' -> 'K:/Website backup/AE2020Spring/.git/objects/6b/2ef06441d99158a9ce20957457c81f460e5c22' (2,976)
2020-07-13 23:07:14: Copy New 'L:/Github/spring/.git/objects/6b/c8dbad1b8de3b0f20ada9bb2121a683d2523cf' -> 'K:/Website backup/AE2020Spring/.git/objects/6b/c8dbad1b8de3b0f20ada9bb2121a683d2523cf' (569)
2020-07-13 23:07:14: Copy New 'L:/Github/spring/.git/objects/6d/2da8ce2e581e44fe09d557f3f31de106b82f82' -> 'K:/Website backup/AE2020Spring/.git/objects/6d/2da8ce2e581e44fe09d557f3f31de106b82f82' (619)
2020-07-13 23:07:14: Copy New 'L:/Github/spring/.git/objects/6d/b0d53751e2a46bf21606b205a676882b7915f4' -> 'K:/Website backup/AE2020Spring/.git/objects/6d/b0d53751e2a46bf21606b205a676882b7915f4' (750)
2020-07-13 23:07:14: Copy New 'L:/Github/spring/.git/objects/6e/1079b0eb48a9c318c55f69ed3d66f90dc49d7b' -> 'K:/Website backup/AE2020Spring/.git/objects/6e/1079b0eb48a9c318c55f69ed3d66f90dc49d7b' (805)
2020-07-13 23:07:14: Copy New 'L:/Github/spring/.git/objects/6e/ee42998058edfe48b0294c3b9657f837e7e892' -> 'K:/Website backup/AE2020Spring/.git/objects/6e/ee42998058edfe48b0294c3b9657f837e7e892' (7,013)
2020-07-13 23:07:15: Copy New 'L:/Github/spring/.git/objects/6f/5f6dd4866f83299094528d99be86636457f367' -> 'K:/Website backup/AE2020Spring/.git/objects/6f/5f6dd4866f83299094528d99be86636457f367' (179)
2020-07-13 23:07:15: Copy New 'L:/Github/spring/.git/objects/70/9f844a0e510d5845113f88c87c40f05fbfa0c5' -> 'K:/Website backup/AE2020Spring/.git/objects/70/9f844a0e510d5845113f88c87c40f05fbfa0c5' (2,293)
2020-07-13 23:07:15: Copy New 'L:/Github/spring/.git/objects/71/ebf6792d51edc1f1d229a12d9ff175d3e6dd32' -> 'K:/Website backup/AE2020Spring/.git/objects/71/ebf6792d51edc1f1d229a12d9ff175d3e6dd32' (83)
2020-07-13 23:07:15: Copy New 'L:/Github/spring/.git/objects/72/b9221a43963d26ec0760a6c589daa3a1dfc82b' -> 'K:/Website backup/AE2020Spring/.git/objects/72/b9221a43963d26ec0760a6c589daa3a1dfc82b' (2,348)
2020-07-13 23:07:15: Copy New 'L:/Github/spring/.git/objects/73/85f3b402c29d3f7838a503cbf75865aa11472d' -> 'K:/Website backup/AE2020Spring/.git/objects/73/85f3b402c29d3f7838a503cbf75865aa11472d' (83)
2020-07-13 23:07:15: Copy New 'L:/Github/spring/.git/objects/73/b769deabd5925ffd26c704c9512259aaec558a' -> 'K:/Website backup/AE2020Spring/.git/objects/73/b769deabd5925ffd26c704c9512259aaec558a' (458)
2020-07-13 23:07:15: Copy New 'L:/Github/spring/.git/objects/73/ea7731529ce8b990c3b978cd384de5736e5f6b' -> 'K:/Website backup/AE2020Spring/.git/objects/73/ea7731529ce8b990c3b978cd384de5736e5f6b' (3,279)
2020-07-13 23:07:16: Copy New 'L:/Github/spring/.git/objects/74/71a7b3a25c1f11ed3b4ffc60e83419ab1e5037' -> 'K:/Website backup/AE2020Spring/.git/objects/74/71a7b3a25c1f11ed3b4ffc60e83419ab1e5037' (707)
2020-07-13 23:07:16: Copy New 'L:/Github/spring/.git/objects/74/a5015543a748460878a19525795e6d1b8dec91' -> 'K:/Website backup/AE2020Spring/.git/objects/74/a5015543a748460878a19525795e6d1b8dec91' (3,601)
2020-07-13 23:07:16: Copy New 'L:/Github/spring/.git/objects/74/c5153ae1ae64123800cae1f107fa72643239cd' -> 'K:/Website backup/AE2020Spring/.git/objects/74/c5153ae1ae64123800cae1f107fa72643239cd' (2,388)
2020-07-13 23:07:16: Copy New 'L:/Github/spring/.git/objects/75/d785baf20863e7c4a484cd6dc56789a0cbc26b' -> 'K:/Website backup/AE2020Spring/.git/objects/75/d785baf20863e7c4a484cd6dc56789a0cbc26b' (739)
2020-07-13 23:07:16: Copy New 'L:/Github/spring/.git/objects/76/402382fd76098e79dbf4b0053566ee153f2c56' -> 'K:/Website backup/AE2020Spring/.git/objects/76/402382fd76098e79dbf4b0053566ee153f2c56' (738)
2020-07-13 23:07:16: Copy New 'L:/Github/spring/.git/objects/78/2ced3b324f541e3f5da646bafa858a2343a0ce' -> 'K:/Website backup/AE2020Spring/.git/objects/78/2ced3b324f541e3f5da646bafa858a2343a0ce' (5,011)
2020-07-13 23:07:16: Copy New 'L:/Github/spring/.git/objects/78/d6a01986278e0c63e014f03675c4b5f92c0608' -> 'K:/Website backup/AE2020Spring/.git/objects/78/d6a01986278e0c63e014f03675c4b5f92c0608' (4,805)
2020-07-13 23:07:16: Copy New 'L:/Github/spring/.git/objects/79/259328370c9816ca59ff852c352c670996d28e' -> 'K:/Website backup/AE2020Spring/.git/objects/79/259328370c9816ca59ff852c352c670996d28e' (6,799)
2020-07-13 23:07:16: Copy New 'L:/Github/spring/.git/objects/7a/84f058170e200e3f4067797e309fdaac47cb07' -> 'K:/Website backup/AE2020Spring/.git/objects/7a/84f058170e200e3f4067797e309fdaac47cb07' (234)
2020-07-13 23:07:16: Copy New 'L:/Github/spring/.git/objects/7a/9031309903ea007a118a83ad681623f2eb73d8' -> 'K:/Website backup/AE2020Spring/.git/objects/7a/9031309903ea007a118a83ad681623f2eb73d8' (803)
2020-07-13 23:07:17: Copy New 'L:/Github/spring/.git/objects/7a/b479738d4a8b7f721adc611226c4d94b30db58' -> 'K:/Website backup/AE2020Spring/.git/objects/7a/b479738d4a8b7f721adc611226c4d94b30db58' (777)
2020-07-13 23:07:17: Copy New 'L:/Github/spring/.git/objects/7b/576cd6bbfdd54c659807d4a9e42dcf18a41cbd' -> 'K:/Website backup/AE2020Spring/.git/objects/7b/576cd6bbfdd54c659807d4a9e42dcf18a41cbd' (14,251)
2020-07-13 23:07:17: Copy New 'L:/Github/spring/.git/objects/7b/edc35a0a9b9c9d052a95fd3e5ffa0dd57e02bb' -> 'K:/Website backup/AE2020Spring/.git/objects/7b/edc35a0a9b9c9d052a95fd3e5ffa0dd57e02bb' (262)
2020-07-13 23:07:17: Copy New 'L:/Github/spring/.git/objects/7c/c7c7fb37a5c6312a76d30c11c6ab502a1515cd' -> 'K:/Website backup/AE2020Spring/.git/objects/7c/c7c7fb37a5c6312a76d30c11c6ab502a1515cd' (777)
2020-07-13 23:07:17: Copy New 'L:/Github/spring/.git/objects/7c/fd2b3be6f667f9575840151f0ad40cd1ea0006' -> 'K:/Website backup/AE2020Spring/.git/objects/7c/fd2b3be6f667f9575840151f0ad40cd1ea0006' (619)
2020-07-13 23:07:17: Copy New 'L:/Github/spring/.git/objects/7e/3c3a367db19a8e774819413a89035bcea4d0ab' -> 'K:/Website backup/AE2020Spring/.git/objects/7e/3c3a367db19a8e774819413a89035bcea4d0ab' (2,345)
2020-07-13 23:07:17: Copy New 'L:/Github/spring/.git/objects/7e/564a8979d23b745e1aa6cb172b1ed2d453de4a' -> 'K:/Website backup/AE2020Spring/.git/objects/7e/564a8979d23b745e1aa6cb172b1ed2d453de4a' (168)
2020-07-13 23:07:17: Copy New 'L:/Github/spring/.git/objects/7e/b406d359e1cf05a110e809ebcf07d354692879' -> 'K:/Website backup/AE2020Spring/.git/objects/7e/b406d359e1cf05a110e809ebcf07d354692879' (671)
2020-07-13 23:07:17: Copy New 'L:/Github/spring/.git/objects/7f/466c36df1ae148be6c9551e409270d123f23d0' -> 'K:/Website backup/AE2020Spring/.git/objects/7f/466c36df1ae148be6c9551e409270d123f23d0' (6,578)
2020-07-13 23:07:18: Copy New 'L:/Github/spring/.git/objects/7f/6b9f611ada7e921f9224924e2e17fb204dc83a' -> 'K:/Website backup/AE2020Spring/.git/objects/7f/6b9f611ada7e921f9224924e2e17fb204dc83a' (6,815)
2020-07-13 23:07:18: Copy New 'L:/Github/spring/.git/objects/80/6bd38e4fc9c592ef3c3ffcebc70e1db23a7ad4' -> 'K:/Website backup/AE2020Spring/.git/objects/80/6bd38e4fc9c592ef3c3ffcebc70e1db23a7ad4' (168)
2020-07-13 23:07:18: Copy New 'L:/Github/spring/.git/objects/81/3587d6134b1153572ca8c7a4deca2897410e34' -> 'K:/Website backup/AE2020Spring/.git/objects/81/3587d6134b1153572ca8c7a4deca2897410e34' (6,607)
2020-07-13 23:07:18: Copy New 'L:/Github/spring/.git/objects/82/2c8cbf40b1e67027d61b5060d490fb5486e8ed' -> 'K:/Website backup/AE2020Spring/.git/objects/82/2c8cbf40b1e67027d61b5060d490fb5486e8ed' (459)
2020-07-13 23:07:18: Copy New 'L:/Github/spring/.git/objects/83/1499c5bc8d8f551ec22b5ab6a9e5040dbf00eb' -> 'K:/Website backup/AE2020Spring/.git/objects/83/1499c5bc8d8f551ec22b5ab6a9e5040dbf00eb' (159)
2020-07-13 23:07:18: Copy New 'L:/Github/spring/.git/objects/84/3e8e52ee55400c51b524d489f4345bfe8b7898' -> 'K:/Website backup/AE2020Spring/.git/objects/84/3e8e52ee55400c51b524d489f4345bfe8b7898' (167)
2020-07-13 23:07:18: Copy New 'L:/Github/spring/.git/objects/84/76b46057fb616f0186c159d0f908d0e8742560' -> 'K:/Website backup/AE2020Spring/.git/objects/84/76b46057fb616f0186c159d0f908d0e8742560' (2,310)
2020-07-13 23:07:19: Copy New 'L:/Github/spring/.git/objects/85/58e6ee714200feecf6323e47f5329423883f78' -> 'K:/Website backup/AE2020Spring/.git/objects/85/58e6ee714200feecf6323e47f5329423883f78' (2,325)
2020-07-13 23:07:19: Copy New 'L:/Github/spring/.git/objects/86/512ee9b22eb9a93eef5baa27a3e4c40b73ae06' -> 'K:/Website backup/AE2020Spring/.git/objects/86/512ee9b22eb9a93eef5baa27a3e4c40b73ae06' (167)
2020-07-13 23:07:19: Copy New 'L:/Github/spring/.git/objects/86/6fdeda85280c6d070910947d5f7fb58ced8eb5' -> 'K:/Website backup/AE2020Spring/.git/objects/86/6fdeda85280c6d070910947d5f7fb58ced8eb5' (771)
2020-07-13 23:07:19: Copy New 'L:/Github/spring/.git/objects/87/54c7e131f903a2bc2496f78a99ce622e3a9522' -> 'K:/Website backup/AE2020Spring/.git/objects/87/54c7e131f903a2bc2496f78a99ce622e3a9522' (1,745)
2020-07-13 23:07:19: Copy New 'L:/Github/spring/.git/objects/88/275351e064749b1e3fe652c1882d0e38b6a633' -> 'K:/Website backup/AE2020Spring/.git/objects/88/275351e064749b1e3fe652c1882d0e38b6a633' (620)
2020-07-13 23:07:19: Copy New 'L:/Github/spring/.git/objects/88/cdfd496c01ea4d2f1398f065717ee6bdb04396' -> 'K:/Website backup/AE2020Spring/.git/objects/88/cdfd496c01ea4d2f1398f065717ee6bdb04396' (319)
2020-07-13 23:07:19: Copy New 'L:/Github/spring/.git/objects/89/46f95a9ed977a3c646f0f1f634fd934251ba4c' -> 'K:/Website backup/AE2020Spring/.git/objects/89/46f95a9ed977a3c646f0f1f634fd934251ba4c' (499)
2020-07-13 23:07:19: Copy New 'L:/Github/spring/.git/objects/89/5007e51217ed1c13f42af8e0f584f5e8305491' -> 'K:/Website backup/AE2020Spring/.git/objects/89/5007e51217ed1c13f42af8e0f584f5e8305491' (463)
2020-07-13 23:07:19: Copy New 'L:/Github/spring/.git/objects/8a/23af8410b962252cc1e3a0c3496707854d10e1' -> 'K:/Website backup/AE2020Spring/.git/objects/8a/23af8410b962252cc1e3a0c3496707854d10e1' (6,587)
2020-07-13 23:07:20: Copy New 'L:/Github/spring/.git/objects/8b/4d7edfa106a105e2e4c051220846f3798bc29c' -> 'K:/Website backup/AE2020Spring/.git/objects/8b/4d7edfa106a105e2e4c051220846f3798bc29c' (4,752)
2020-07-13 23:07:20: Copy New 'L:/Github/spring/.git/objects/8b/e87f09c88913d72202e055f8711eddaa692065' -> 'K:/Website backup/AE2020Spring/.git/objects/8b/e87f09c88913d72202e055f8711eddaa692065' (737)
2020-07-13 23:07:20: Copy New 'L:/Github/spring/.git/objects/8c/a4f03165e93e0a40b39f0e77f117821476d1ea' -> 'K:/Website backup/AE2020Spring/.git/objects/8c/a4f03165e93e0a40b39f0e77f117821476d1ea' (6,779)
2020-07-13 23:07:20: Copy New 'L:/Github/spring/.git/objects/8c/ada89df388616b507ac72332034afce294c7de' -> 'K:/Website backup/AE2020Spring/.git/objects/8c/ada89df388616b507ac72332034afce294c7de' (750)
2020-07-13 23:07:20: Copy New 'L:/Github/spring/.git/objects/8d/3b55149e0beddc89a9b555b0aae157129b99c4' -> 'K:/Website backup/AE2020Spring/.git/objects/8d/3b55149e0beddc89a9b555b0aae157129b99c4' (4,877)
2020-07-13 23:07:20: Copy New 'L:/Github/spring/.git/objects/8d/8006841b979f0b7bb1fc5a4baba12be4fc05d6' -> 'K:/Website backup/AE2020Spring/.git/objects/8d/8006841b979f0b7bb1fc5a4baba12be4fc05d6' (2,325)
2020-07-13 23:07:20: Copy New 'L:/Github/spring/.git/objects/8d/93e3a579fcd826a288eb28546d2a1f9b86f9da' -> 'K:/Website backup/AE2020Spring/.git/objects/8d/93e3a579fcd826a288eb28546d2a1f9b86f9da' (737)
2020-07-13 23:07:20: Copy New 'L:/Github/spring/.git/objects/8e/450e0edb7f8ed4afe0024900544bfd31340385' -> 'K:/Website backup/AE2020Spring/.git/objects/8e/450e0edb7f8ed4afe0024900544bfd31340385' (751)
2020-07-13 23:07:20: Copy New 'L:/Github/spring/.git/objects/8f/80973f60a1ff7630d557503b3bb1f40141562d' -> 'K:/Website backup/AE2020Spring/.git/objects/8f/80973f60a1ff7630d557503b3bb1f40141562d' (159)
2020-07-13 23:07:21: Copy New 'L:/Github/spring/.git/objects/8f/d750f8d7ed1f90be0b8501cff47dd0e697116b' -> 'K:/Website backup/AE2020Spring/.git/objects/8f/d750f8d7ed1f90be0b8501cff47dd0e697116b' (498)
2020-07-13 23:07:21: Copy New 'L:/Github/spring/.git/objects/92/18a8d4643210ff5bc5d7dbeb341f786e642bd3' -> 'K:/Website backup/AE2020Spring/.git/objects/92/18a8d4643210ff5bc5d7dbeb341f786e642bd3' (170)
2020-07-13 23:07:21: Copy New 'L:/Github/spring/.git/objects/92/347044fabcdcefefdcd2fdab92d55e7e3cafae' -> 'K:/Website backup/AE2020Spring/.git/objects/92/347044fabcdcefefdcd2fdab92d55e7e3cafae' (805)
2020-07-13 23:07:21: Copy New 'L:/Github/spring/.git/objects/92/689816b865e895be5c7926f7801dcd2f56e2b1' -> 'K:/Website backup/AE2020Spring/.git/objects/92/689816b865e895be5c7926f7801dcd2f56e2b1' (168)
2020-07-13 23:07:21: Copy New 'L:/Github/spring/.git/objects/94/4949d03cee6359a5524c53e4d5e85ebd4ba2bd' -> 'K:/Website backup/AE2020Spring/.git/objects/94/4949d03cee6359a5524c53e4d5e85ebd4ba2bd' (805)
2020-07-13 23:07:21: Copy New 'L:/Github/spring/.git/objects/95/37b80016430c42439032f1f7ea84c8e47668c1' -> 'K:/Website backup/AE2020Spring/.git/objects/95/37b80016430c42439032f1f7ea84c8e47668c1' (98)
2020-07-13 23:07:21: Copy New 'L:/Github/spring/.git/objects/96/70f8d4f22ee6b458f18db012c60aa014d3d23f' -> 'K:/Website backup/AE2020Spring/.git/objects/96/70f8d4f22ee6b458f18db012c60aa014d3d23f' (778)
2020-07-13 23:07:21: Copy New 'L:/Github/spring/.git/objects/97/461035adbe90f3685528b75506bfc182bbc61d' -> 'K:/Website backup/AE2020Spring/.git/objects/97/461035adbe90f3685528b75506bfc182bbc61d' (568)
2020-07-13 23:07:21: Copy New 'L:/Github/spring/.git/objects/97/7a9dc1d1aeefc7b72d8f3188bb33dec5b4fec4' -> 'K:/Website backup/AE2020Spring/.git/objects/97/7a9dc1d1aeefc7b72d8f3188bb33dec5b4fec4' (751)
2020-07-13 23:07:21: Copy New 'L:/Github/spring/.git/objects/99/d22bef48ee292649bcca7ac478bdc24a91bdd3' -> 'K:/Website backup/AE2020Spring/.git/objects/99/d22bef48ee292649bcca7ac478bdc24a91bdd3' (157)
2020-07-13 23:07:22: Copy New 'L:/Github/spring/.git/objects/9a/9d54b4876f93733d6ac06dffaf75aac59172b8' -> 'K:/Website backup/AE2020Spring/.git/objects/9a/9d54b4876f93733d6ac06dffaf75aac59172b8' (170)
2020-07-13 23:07:22: Copy New 'L:/Github/spring/.git/objects/9b/fe313285aa422a95fdc59b9d56fd76fd14f0ae' -> 'K:/Website backup/AE2020Spring/.git/objects/9b/fe313285aa422a95fdc59b9d56fd76fd14f0ae' (805)
2020-07-13 23:07:22: Copy New 'L:/Github/spring/.git/objects/9c/96bd3a9633fbeac7205c112d772dc4cc9712e4' -> 'K:/Website backup/AE2020Spring/.git/objects/9c/96bd3a9633fbeac7205c112d772dc4cc9712e4' (459)
2020-07-13 23:07:22: Copy New 'L:/Github/spring/.git/objects/9d/911d9045975a3bb895532790266ba9f1abe469' -> 'K:/Website backup/AE2020Spring/.git/objects/9d/911d9045975a3bb895532790266ba9f1abe469' (568)
2020-07-13 23:07:22: Copy New 'L:/Github/spring/.git/objects/9e/621fabc31d04437d22a77aecbf36d0cc7815d1' -> 'K:/Website backup/AE2020Spring/.git/objects/9e/621fabc31d04437d22a77aecbf36d0cc7815d1' (170)
2020-07-13 23:07:22: Copy New 'L:/Github/spring/.git/objects/9e/a34a5fd860dcfd6da66e9bb9144add2bfe178f' -> 'K:/Website backup/AE2020Spring/.git/objects/9e/a34a5fd860dcfd6da66e9bb9144add2bfe178f' (3,596)
2020-07-13 23:07:22: Copy New 'L:/Github/spring/.git/objects/9e/a984a8d80bf240bb9d88a1d2c07704c620c8b0' -> 'K:/Website backup/AE2020Spring/.git/objects/9e/a984a8d80bf240bb9d88a1d2c07704c620c8b0' (738)
2020-07-13 23:07:22: Copy New 'L:/Github/spring/.git/objects/9f/1a8db492f274d1b34711c63d1e99b916f07fb5' -> 'K:/Website backup/AE2020Spring/.git/objects/9f/1a8db492f274d1b34711c63d1e99b916f07fb5' (167)
2020-07-13 23:07:23: Copy New 'L:/Github/spring/.git/objects/9f/299b3b17a68fff33c58fec1c63338e3bb8c1f0' -> 'K:/Website backup/AE2020Spring/.git/objects/9f/299b3b17a68fff33c58fec1c63338e3bb8c1f0' (2,331)
2020-07-13 23:07:23: Copy New 'L:/Github/spring/.git/objects/9f/31a71d4aca8503a62d910907a72d0e3e8f6adc' -> 'K:/Website backup/AE2020Spring/.git/objects/9f/31a71d4aca8503a62d910907a72d0e3e8f6adc' (30,996)
2020-07-13 23:07:23: Copy New 'L:/Github/spring/.git/objects/9f/8ea59350654b8f3abfdd1ee794f7dbe99233bc' -> 'K:/Website backup/AE2020Spring/.git/objects/9f/8ea59350654b8f3abfdd1ee794f7dbe99233bc' (568)
2020-07-13 23:07:23: Copy New 'L:/Github/spring/.git/objects/9f/b07b3cf25ac8f99dcb904102c5b666b74d3cb5' -> 'K:/Website backup/AE2020Spring/.git/objects/9f/b07b3cf25ac8f99dcb904102c5b666b74d3cb5' (169)
2020-07-13 23:07:23: Copy New 'L:/Github/spring/.git/objects/9f/e1e8c7412ea6c046f1c18b77d6fdfa59746391' -> 'K:/Website backup/AE2020Spring/.git/objects/9f/e1e8c7412ea6c046f1c18b77d6fdfa59746391' (777)
2020-07-13 23:07:23: Copy New 'L:/Github/spring/.git/objects/a0/c05f64e9f9099b04667e8e0e568e3105cf9097' -> 'K:/Website backup/AE2020Spring/.git/objects/a0/c05f64e9f9099b04667e8e0e568e3105cf9097' (459)
2020-07-13 23:07:23: Copy New 'L:/Github/spring/.git/objects/a1/05760c76fd5fd8cf30f55ab54480444eab12ed' -> 'K:/Website backup/AE2020Spring/.git/objects/a1/05760c76fd5fd8cf30f55ab54480444eab12ed' (171)
2020-07-13 23:07:23: Copy New 'L:/Github/spring/.git/objects/a1/4276167d84bab31c3fb1e370fb14f46b703232' -> 'K:/Website backup/AE2020Spring/.git/objects/a1/4276167d84bab31c3fb1e370fb14f46b703232' (2,399)
2020-07-13 23:07:23: Copy New 'L:/Github/spring/.git/objects/a2/dc256e3bd2da87fdd2f7f09aa44fce55d750aa' -> 'K:/Website backup/AE2020Spring/.git/objects/a2/dc256e3bd2da87fdd2f7f09aa44fce55d750aa' (620)
2020-07-13 23:07:23: Copy New 'L:/Github/spring/.git/objects/a3/996f1103597f574d80fe2351567f5c6df86099' -> 'K:/Website backup/AE2020Spring/.git/objects/a3/996f1103597f574d80fe2351567f5c6df86099' (2,390)
2020-07-13 23:07:23: Copy New 'L:/Github/spring/.git/objects/a3/debe42b771add0bbb4efc518c48966ae7b937e' -> 'K:/Website backup/AE2020Spring/.git/objects/a3/debe42b771add0bbb4efc518c48966ae7b937e' (620)
2020-07-13 23:07:23: Copy New 'L:/Github/spring/.git/objects/a4/a91a9545932f56d42e06435461bad30f41409b' -> 'K:/Website backup/AE2020Spring/.git/objects/a4/a91a9545932f56d42e06435461bad30f41409b' (2,296)
2020-07-13 23:07:24: Copy New 'L:/Github/spring/.git/objects/a5/ef83bd114169fdaaabdc73b96d0b8a0289735f' -> 'K:/Website backup/AE2020Spring/.git/objects/a5/ef83bd114169fdaaabdc73b96d0b8a0289735f' (620)
2020-07-13 23:07:24: Copy New 'L:/Github/spring/.git/objects/a6/27c5f11fde5e8deeeb2c47654f36f276ba5c6e' -> 'K:/Website backup/AE2020Spring/.git/objects/a6/27c5f11fde5e8deeeb2c47654f36f276ba5c6e' (170)
2020-07-13 23:07:24: Copy New 'L:/Github/spring/.git/objects/a6/fb9d00cb9fa9c46a650849352fb544f86c57bb' -> 'K:/Website backup/AE2020Spring/.git/objects/a6/fb9d00cb9fa9c46a650849352fb544f86c57bb' (568)
2020-07-13 23:07:24: Copy New 'L:/Github/spring/.git/objects/a7/3f87593b33a54870af54e4a313f85f55fc8e8e' -> 'K:/Website backup/AE2020Spring/.git/objects/a7/3f87593b33a54870af54e4a313f85f55fc8e8e' (96)
2020-07-13 23:07:24: Copy New 'L:/Github/spring/.git/objects/a7/7e949a93157576201739b3774796df44f31429' -> 'K:/Website backup/AE2020Spring/.git/objects/a7/7e949a93157576201739b3774796df44f31429' (168)
2020-07-13 23:07:24: Copy New 'L:/Github/spring/.git/objects/a8/462f0c85f07cf2df7698fcd6469e4bd77e11b7' -> 'K:/Website backup/AE2020Spring/.git/objects/a8/462f0c85f07cf2df7698fcd6469e4bd77e11b7' (8,388)
2020-07-13 23:07:24: Copy New 'L:/Github/spring/.git/objects/a8/537932d853392b45b7706b8168c1f1dd5cd6a2' -> 'K:/Website backup/AE2020Spring/.git/objects/a8/537932d853392b45b7706b8168c1f1dd5cd6a2' (620)
2020-07-13 23:07:24: Copy New 'L:/Github/spring/.git/objects/a8/57c371c621ce5bbfce77ced92f9624f4a3f430' -> 'K:/Website backup/AE2020Spring/.git/objects/a8/57c371c621ce5bbfce77ced92f9624f4a3f430' (2,325)
2020-07-13 23:07:24: Copy New 'L:/Github/spring/.git/objects/a8/a52dfab6fc189b0071a0a978a7c57aad5b7d8b' -> 'K:/Website backup/AE2020Spring/.git/objects/a8/a52dfab6fc189b0071a0a978a7c57aad5b7d8b' (6,772)
2020-07-13 23:07:25: Copy New 'L:/Github/spring/.git/objects/a9/6d66568c2e79581d9eb76137b0855b194eb952' -> 'K:/Website backup/AE2020Spring/.git/objects/a9/6d66568c2e79581d9eb76137b0855b194eb952' (6,908)
2020-07-13 23:07:25: Copy New 'L:/Github/spring/.git/objects/a9/cf1758f5ac97547d635387ebe940c95b7f7d6c' -> 'K:/Website backup/AE2020Spring/.git/objects/a9/cf1758f5ac97547d635387ebe940c95b7f7d6c' (262)
2020-07-13 23:07:25: Copy New 'L:/Github/spring/.git/objects/ab/9b56c17c4d08f2307d68080b740175ae2cae13' -> 'K:/Website backup/AE2020Spring/.git/objects/ab/9b56c17c4d08f2307d68080b740175ae2cae13' (2,296)
2020-07-13 23:07:25: Copy New 'L:/Github/spring/.git/objects/ab/dfb247fe563afbbe91800c5a2f9762004d9ccd' -> 'K:/Website backup/AE2020Spring/.git/objects/ab/dfb247fe563afbbe91800c5a2f9762004d9ccd' (3,794)
2020-07-13 23:07:25: Copy New 'L:/Github/spring/.git/objects/ac/c2975a5fe7a46f08860b91720d5b1e9c10dcf3' -> 'K:/Website backup/AE2020Spring/.git/objects/ac/c2975a5fe7a46f08860b91720d5b1e9c10dcf3' (2,387)
2020-07-13 23:07:25: Copy New 'L:/Github/spring/.git/objects/ae/740c5f7ad18b4ac4e8ee8d736d5b47bd2ea8c4' -> 'K:/Website backup/AE2020Spring/.git/objects/ae/740c5f7ad18b4ac4e8ee8d736d5b47bd2ea8c4' (805)
2020-07-13 23:07:25: Copy New 'L:/Github/spring/.git/objects/ae/8db781341595e1935eed9f6912a990cc067131' -> 'K:/Website backup/AE2020Spring/.git/objects/ae/8db781341595e1935eed9f6912a990cc067131' (169)
2020-07-13 23:07:25: Copy New 'L:/Github/spring/.git/objects/b0/d0b6934d6070068155f90b31422ba5e2ae51ea' -> 'K:/Website backup/AE2020Spring/.git/objects/b0/d0b6934d6070068155f90b31422ba5e2ae51ea' (8,408)
2020-07-13 23:07:26: Copy New 'L:/Github/spring/.git/objects/b4/2626ec830399f23044c769d125b7f98c39ce83' -> 'K:/Website backup/AE2020Spring/.git/objects/b4/2626ec830399f23044c769d125b7f98c39ce83' (458)
2020-07-13 23:07:26: Copy New 'L:/Github/spring/.git/objects/b6/302889a2b42fe93fdf093c9b3613933591fae0' -> 'K:/Website backup/AE2020Spring/.git/objects/b6/302889a2b42fe93fdf093c9b3613933591fae0' (178)
2020-07-13 23:07:26: Copy New 'L:/Github/spring/.git/objects/b6/a810108e9e669741430b214670abda27ae08e2' -> 'K:/Website backup/AE2020Spring/.git/objects/b6/a810108e9e669741430b214670abda27ae08e2' (804)
2020-07-13 23:07:26: Copy New 'L:/Github/spring/.git/objects/b6/caec36a20c8398f1d6ab454acc1bd84f0125bc' -> 'K:/Website backup/AE2020Spring/.git/objects/b6/caec36a20c8398f1d6ab454acc1bd84f0125bc' (262)
2020-07-13 23:07:26: Copy New 'L:/Github/spring/.git/objects/b7/9a788387739935b7f4aa6c1cf22ddf95f67333' -> 'K:/Website backup/AE2020Spring/.git/objects/b7/9a788387739935b7f4aa6c1cf22ddf95f67333' (159)
2020-07-13 23:07:26: Copy New 'L:/Github/spring/.git/objects/b8/e22ceebd817cfadfba2849b66c532437a17d83' -> 'K:/Website backup/AE2020Spring/.git/objects/b8/e22ceebd817cfadfba2849b66c532437a17d83' (6,580)
2020-07-13 23:07:26: Copy New 'L:/Github/spring/.git/objects/bb/656aab2d04f34e0a80c1c75c99b22d8cdfdbac' -> 'K:/Website backup/AE2020Spring/.git/objects/bb/656aab2d04f34e0a80c1c75c99b22d8cdfdbac' (429)
2020-07-13 23:07:27: Copy New 'L:/Github/spring/.git/objects/bc/ce7b5392cbbac45e4416a208eedc8623cde4e2' -> 'K:/Website backup/AE2020Spring/.git/objects/bc/ce7b5392cbbac45e4416a208eedc8623cde4e2' (168)
2020-07-13 23:07:27: Copy New 'L:/Github/spring/.git/objects/bd/25a1f6ca23f9c32d0df49820ec301551dfa231' -> 'K:/Website backup/AE2020Spring/.git/objects/bd/25a1f6ca23f9c32d0df49820ec301551dfa231' (159)
2020-07-13 23:07:27: Copy New 'L:/Github/spring/.git/objects/bd/36527b46ba5e16a86addf1373de7507fb8a96e' -> 'K:/Website backup/AE2020Spring/.git/objects/bd/36527b46ba5e16a86addf1373de7507fb8a96e' (739)
2020-07-13 23:07:27: Copy New 'L:/Github/spring/.git/objects/be/786e2e9171bb43ab2dbb38581cb644faf7f55c' -> 'K:/Website backup/AE2020Spring/.git/objects/be/786e2e9171bb43ab2dbb38581cb644faf7f55c' (777)
2020-07-13 23:07:27: Copy New 'L:/Github/spring/.git/objects/be/eb8ad342ddb19944cc780282ba10fdf3387e23' -> 'K:/Website backup/AE2020Spring/.git/objects/be/eb8ad342ddb19944cc780282ba10fdf3387e23' (171)
2020-07-13 23:07:27: Copy New 'L:/Github/spring/.git/objects/be/ecd555da543a33d6f6c01f71dd4e338d27d1e3' -> 'K:/Website backup/AE2020Spring/.git/objects/be/ecd555da543a33d6f6c01f71dd4e338d27d1e3' (2,394)
2020-07-13 23:07:27: Copy New 'L:/Github/spring/.git/objects/bf/f7e31e7dbc55a683188f809b74ee2a70c7507e' -> 'K:/Website backup/AE2020Spring/.git/objects/bf/f7e31e7dbc55a683188f809b74ee2a70c7507e' (159)
2020-07-13 23:07:27: Copy New 'L:/Github/spring/.git/objects/c0/1eb4d755ce13417116e7c05d982610e4147ccc' -> 'K:/Website backup/AE2020Spring/.git/objects/c0/1eb4d755ce13417116e7c05d982610e4147ccc' (737)
2020-07-13 23:07:27: Copy New 'L:/Github/spring/.git/objects/c0/f1113e1e3b908821dbe8efec09810e7b431051' -> 'K:/Website backup/AE2020Spring/.git/objects/c0/f1113e1e3b908821dbe8efec09810e7b431051' (738)
2020-07-13 23:07:28: Copy New 'L:/Github/spring/.git/objects/c3/4c6ad4308fc3e64dd8959d14f944f8b116402f' -> 'K:/Website backup/AE2020Spring/.git/objects/c3/4c6ad4308fc3e64dd8959d14f944f8b116402f' (170)
2020-07-13 23:07:28: Copy New 'L:/Github/spring/.git/objects/c4/03785cfa48e893368af43bb0366a4920c7339e' -> 'K:/Website backup/AE2020Spring/.git/objects/c4/03785cfa48e893368af43bb0366a4920c7339e' (160)
2020-07-13 23:07:28: Copy New 'L:/Github/spring/.git/objects/c6/75ecbbaa6964d357842fd4b0dae646cf3fc2ac' -> 'K:/Website backup/AE2020Spring/.git/objects/c6/75ecbbaa6964d357842fd4b0dae646cf3fc2ac' (751)
2020-07-13 23:07:28: Copy New 'L:/Github/spring/.git/objects/c6/8d5d0f5050db569cd47164a9e3738ba239331d' -> 'K:/Website backup/AE2020Spring/.git/objects/c6/8d5d0f5050db569cd47164a9e3738ba239331d' (3,665)
2020-07-13 23:07:28: Copy New 'L:/Github/spring/.git/objects/c8/753abcfb21587154e3aab8960867437c9ee249' -> 'K:/Website backup/AE2020Spring/.git/objects/c8/753abcfb21587154e3aab8960867437c9ee249' (12,141)
2020-07-13 23:07:28: Copy New 'L:/Github/spring/.git/objects/c8/e41e04e78f51dc3799912b5e0665961f06f73a' -> 'K:/Website backup/AE2020Spring/.git/objects/c8/e41e04e78f51dc3799912b5e0665961f06f73a' (7,128)
2020-07-13 23:07:28: Copy New 'L:/Github/spring/.git/objects/c9/1b32b29b56fd1e9366e68ec506b63f1bfc046a' -> 'K:/Website backup/AE2020Spring/.git/objects/c9/1b32b29b56fd1e9366e68ec506b63f1bfc046a' (2,320)
2020-07-13 23:07:28: Copy New 'L:/Github/spring/.git/objects/cb/3eafda39260c71ea0678038636293e79031052' -> 'K:/Website backup/AE2020Spring/.git/objects/cb/3eafda39260c71ea0678038636293e79031052' (6,817)
2020-07-13 23:07:28: Copy New 'L:/Github/spring/.git/objects/cc/17b3f15eb7443ec818447468052e850748a584' -> 'K:/Website backup/AE2020Spring/.git/objects/cc/17b3f15eb7443ec818447468052e850748a584' (8,376)
2020-07-13 23:07:29: Copy New 'L:/Github/spring/.git/objects/cd/153652351ff3a8d87101336c8901f76c4abe03' -> 'K:/Website backup/AE2020Spring/.git/objects/cd/153652351ff3a8d87101336c8901f76c4abe03' (777)
2020-07-13 23:07:29: Copy New 'L:/Github/spring/.git/objects/ce/18d42b7593be25d930556387d050323ee3b267' -> 'K:/Website backup/AE2020Spring/.git/objects/ce/18d42b7593be25d930556387d050323ee3b267' (568)
2020-07-13 23:07:29: Copy New 'L:/Github/spring/.git/objects/ce/9d455ebe273f663b7a93d3b1a3244fc7ce4233' -> 'K:/Website backup/AE2020Spring/.git/objects/ce/9d455ebe273f663b7a93d3b1a3244fc7ce4233' (170)
2020-07-13 23:07:29: Copy New 'L:/Github/spring/.git/objects/d1/60133714708d675845dde2b6acb247a6a7b9a1' -> 'K:/Website backup/AE2020Spring/.git/objects/d1/60133714708d675845dde2b6acb247a6a7b9a1' (616,820)
2020-07-13 23:07:29: Copy New 'L:/Github/spring/.git/objects/d2/836c3818e41d61467f55e68d41c2e6cf617155' -> 'K:/Website backup/AE2020Spring/.git/objects/d2/836c3818e41d61467f55e68d41c2e6cf617155' (2,867)
2020-07-13 23:07:29: Copy New 'L:/Github/spring/.git/objects/d2/8d360c2192b5d6b1c278ef8b8b2372f33720b3' -> 'K:/Website backup/AE2020Spring/.git/objects/d2/8d360c2192b5d6b1c278ef8b8b2372f33720b3' (169)
2020-07-13 23:07:30: Copy New 'L:/Github/spring/.git/objects/d3/6be290438b065a2fa90a9a5d0b6c2b9c12e4c8' -> 'K:/Website backup/AE2020Spring/.git/objects/d3/6be290438b065a2fa90a9a5d0b6c2b9c12e4c8' (725)
2020-07-13 23:07:30: Copy New 'L:/Github/spring/.git/objects/d4/4ba5862c6e9d270bef9a787dc3e5cc8531a1d8' -> 'K:/Website backup/AE2020Spring/.git/objects/d4/4ba5862c6e9d270bef9a787dc3e5cc8531a1d8' (178)
2020-07-13 23:07:30: Copy New 'L:/Github/spring/.git/objects/d4/f2c31645f4e3ae7e76687f0ce595ce54a79d6b' -> 'K:/Website backup/AE2020Spring/.git/objects/d4/f2c31645f4e3ae7e76687f0ce595ce54a79d6b' (737)
2020-07-13 23:07:30: Copy New 'L:/Github/spring/.git/objects/d5/95c07d6e4ad27bc7c2d55f3dd99002779c461f' -> 'K:/Website backup/AE2020Spring/.git/objects/d5/95c07d6e4ad27bc7c2d55f3dd99002779c461f' (3,682)
2020-07-13 23:07:30: Copy New 'L:/Github/spring/.git/objects/d6/d3f40716cac28ef2359946ab7e43b5e1a4f884' -> 'K:/Website backup/AE2020Spring/.git/objects/d6/d3f40716cac28ef2359946ab7e43b5e1a4f884' (169)
2020-07-13 23:07:30: Copy New 'L:/Github/spring/.git/objects/d7/d6e1df202a8df9188234dc969afc9f61d5c442' -> 'K:/Website backup/AE2020Spring/.git/objects/d7/d6e1df202a8df9188234dc969afc9f61d5c442' (763)
2020-07-13 23:07:30: Copy New 'L:/Github/spring/.git/objects/d9/0017242d5a47aa9754aa8c689ca484a6d1c7be' -> 'K:/Website backup/AE2020Spring/.git/objects/d9/0017242d5a47aa9754aa8c689ca484a6d1c7be' (178)
2020-07-13 23:07:31: Copy New 'L:/Github/spring/.git/objects/d9/94c60f7c521a0cc020969298f5baf9ecad714e' -> 'K:/Website backup/AE2020Spring/.git/objects/d9/94c60f7c521a0cc020969298f5baf9ecad714e' (171)
2020-07-13 23:07:31: Copy New 'L:/Github/spring/.git/objects/d9/b1aba76f6f786d53f20c3e07bb6f0fb1240e7d' -> 'K:/Website backup/AE2020Spring/.git/objects/d9/b1aba76f6f786d53f20c3e07bb6f0fb1240e7d' (739)
2020-07-13 23:07:31: Copy New 'L:/Github/spring/.git/objects/da/6329c5fc2620af0f9c2e1e25d43123ba272926' -> 'K:/Website backup/AE2020Spring/.git/objects/da/6329c5fc2620af0f9c2e1e25d43123ba272926' (6,905)
2020-07-13 23:07:31: Copy New 'L:/Github/spring/.git/objects/db/22b066c7944bf6d3b3ceb079a27bfb3169a1de' -> 'K:/Website backup/AE2020Spring/.git/objects/db/22b066c7944bf6d3b3ceb079a27bfb3169a1de' (2,387)
2020-07-13 23:07:31: Copy New 'L:/Github/spring/.git/objects/dc/16d6b5cdbd9f85c3eb1d5c5e89d95fae19b641' -> 'K:/Website backup/AE2020Spring/.git/objects/dc/16d6b5cdbd9f85c3eb1d5c5e89d95fae19b641' (158)
2020-07-13 23:07:31: Copy New 'L:/Github/spring/.git/objects/dc/ea322f4635cc10a12f8f03c2ad787ee1e5f3ae' -> 'K:/Website backup/AE2020Spring/.git/objects/dc/ea322f4635cc10a12f8f03c2ad787ee1e5f3ae' (3,683)
2020-07-13 23:07:31: Copy New 'L:/Github/spring/.git/objects/dc/f1ada716e9e4f75470400ac074ac135e029bef' -> 'K:/Website backup/AE2020Spring/.git/objects/dc/f1ada716e9e4f75470400ac074ac135e029bef' (2,328)
2020-07-13 23:07:31: Copy New 'L:/Github/spring/.git/objects/dd/2a04bd55523b78e430ca70dafaf2c748f547ed' -> 'K:/Website backup/AE2020Spring/.git/objects/dd/2a04bd55523b78e430ca70dafaf2c748f547ed' (7,225)
2020-07-13 23:07:31: Copy Over 'L:/Github/spring/.git/objects/e0/15c8101b0d3a0684ef086dcc6e55bbd47c07c6' -> 'K:/Website backup/AE2020Spring/.git/objects/e0/15c8101b0d3a0684ef086dcc6e55bbd47c07c6' (6,343)
2020-07-13 23:07:31: Copy New 'L:/Github/spring/.git/objects/e1/1e70eb97a216683e2688f6baa081ccd83eb587' -> 'K:/Website backup/AE2020Spring/.git/objects/e1/1e70eb97a216683e2688f6baa081ccd83eb587' (619)
2020-07-13 23:07:32: Copy New 'L:/Github/spring/.git/objects/e1/2bee63543e92a5a792324ced2156afc4f07956' -> 'K:/Website backup/AE2020Spring/.git/objects/e1/2bee63543e92a5a792324ced2156afc4f07956' (2,289)
2020-07-13 23:07:32: Copy New 'L:/Github/spring/.git/objects/e2/0ef5b8f808f55c949e550dee080ef14363ec52' -> 'K:/Website backup/AE2020Spring/.git/objects/e2/0ef5b8f808f55c949e550dee080ef14363ec52' (8,103)
2020-07-13 23:07:32: Copy New 'L:/Github/spring/.git/objects/e2/6c33fdf747f2be4ed840f2e9d766ad69a30f59' -> 'K:/Website backup/AE2020Spring/.git/objects/e2/6c33fdf747f2be4ed840f2e9d766ad69a30f59' (708)
2020-07-13 23:07:32: Copy New 'L:/Github/spring/.git/objects/e2/6d9e47bda556ad20c0dec3f924ad32b711d1ef' -> 'K:/Website backup/AE2020Spring/.git/objects/e2/6d9e47bda556ad20c0dec3f924ad32b711d1ef' (6,584)
2020-07-13 23:07:32: Copy New 'L:/Github/spring/.git/objects/e2/7bdb3451c78c33a3d4bf29c7bb5873781ae278' -> 'K:/Website backup/AE2020Spring/.git/objects/e2/7bdb3451c78c33a3d4bf29c7bb5873781ae278' (7,243)
2020-07-13 23:07:32: Copy New 'L:/Github/spring/.git/objects/e2/c7a4ff4e97cc76d9d84ecc7c2dcecf39f9d5a2' -> 'K:/Website backup/AE2020Spring/.git/objects/e2/c7a4ff4e97cc76d9d84ecc7c2dcecf39f9d5a2' (177)
2020-07-13 23:07:32: Copy New 'L:/Github/spring/.git/objects/e3/0470857acf374e1829f441058aa8ca982a9575' -> 'K:/Website backup/AE2020Spring/.git/objects/e3/0470857acf374e1829f441058aa8ca982a9575' (568)
2020-07-13 23:07:32: Copy New 'L:/Github/spring/.git/objects/e3/b98cc32710ca350f0cd1b32d8ed482356faa79' -> 'K:/Website backup/AE2020Spring/.git/objects/e3/b98cc32710ca350f0cd1b32d8ed482356faa79' (568)
2020-07-13 23:07:32: Copy New 'L:/Github/spring/.git/objects/e4/509e06906a1f567730f023c7736c3d16d0801a' -> 'K:/Website backup/AE2020Spring/.git/objects/e4/509e06906a1f567730f023c7736c3d16d0801a' (511)
2020-07-13 23:07:32: Copy New 'L:/Github/spring/.git/objects/e5/62c9ddbe86802c2102870e67bbf8297f8c9720' -> 'K:/Website backup/AE2020Spring/.git/objects/e5/62c9ddbe86802c2102870e67bbf8297f8c9720' (174)
2020-07-13 23:07:33: Copy New 'L:/Github/spring/.git/objects/e6/d5c1433f0b126badcb29bb5bdee6962888109d' -> 'K:/Website backup/AE2020Spring/.git/objects/e6/d5c1433f0b126badcb29bb5bdee6962888109d' (620)
2020-07-13 23:07:33: Copy New 'L:/Github/spring/.git/objects/e7/1d16c8aa963d19ce5ae5a47474913816c0d8b1' -> 'K:/Website backup/AE2020Spring/.git/objects/e7/1d16c8aa963d19ce5ae5a47474913816c0d8b1' (6,616)
2020-07-13 23:07:33: Copy New 'L:/Github/spring/.git/objects/e8/3bd17d6672464bbd00a2df110a2bddf60b84e1' -> 'K:/Website backup/AE2020Spring/.git/objects/e8/3bd17d6672464bbd00a2df110a2bddf60b84e1' (112)
2020-07-13 23:07:33: Copy New 'L:/Github/spring/.git/objects/e8/ee0d75ed46e0c642824b518bd066db8de18390' -> 'K:/Website backup/AE2020Spring/.git/objects/e8/ee0d75ed46e0c642824b518bd066db8de18390' (2,443)
2020-07-13 23:07:33: Copy New 'L:/Github/spring/.git/objects/ea/26e9c7ddfb79c324524badd209077d1853da59' -> 'K:/Website backup/AE2020Spring/.git/objects/ea/26e9c7ddfb79c324524badd209077d1853da59' (2,386)
2020-07-13 23:07:33: Copy New 'L:/Github/spring/.git/objects/ed/5cee38f50c99759d1aecf915093baa121f8210' -> 'K:/Website backup/AE2020Spring/.git/objects/ed/5cee38f50c99759d1aecf915093baa121f8210' (83)
2020-07-13 23:07:33: Copy New 'L:/Github/spring/.git/objects/ed/6240cf7d71deef20cd42fb7420bc30565e87ba' -> 'K:/Website backup/AE2020Spring/.git/objects/ed/6240cf7d71deef20cd42fb7420bc30565e87ba' (171)
2020-07-13 23:07:34: Copy New 'L:/Github/spring/.git/objects/ed/d127ed06956e06f5ea581160649b796fa9dab1' -> 'K:/Website backup/AE2020Spring/.git/objects/ed/d127ed06956e06f5ea581160649b796fa9dab1' (737)
2020-07-13 23:07:34: Copy New 'L:/Github/spring/.git/objects/ee/6d33b0ecf40833dedbda6ec4c22807a023b86b' -> 'K:/Website backup/AE2020Spring/.git/objects/ee/6d33b0ecf40833dedbda6ec4c22807a023b86b' (7,111)
2020-07-13 23:07:34: Copy New 'L:/Github/spring/.git/objects/f0/737b4c9670c404c106b19a4d41bc59907f0213' -> 'K:/Website backup/AE2020Spring/.git/objects/f0/737b4c9670c404c106b19a4d41bc59907f0213' (169)
2020-07-13 23:07:34: Copy New 'L:/Github/spring/.git/objects/f1/b1a6dd8c74fcab627dc60e5b7fa0aa62ba9b23' -> 'K:/Website backup/AE2020Spring/.git/objects/f1/b1a6dd8c74fcab627dc60e5b7fa0aa62ba9b23' (2,352)
2020-07-13 23:07:34: Copy New 'L:/Github/spring/.git/objects/f3/2c36941471326093ed96f7537cab8511063cce' -> 'K:/Website backup/AE2020Spring/.git/objects/f3/2c36941471326093ed96f7537cab8511063cce' (569)
2020-07-13 23:07:34: Copy New 'L:/Github/spring/.git/objects/f4/d50d4c6bfd6ec2feb8333f39a511c49e304cf9' -> 'K:/Website backup/AE2020Spring/.git/objects/f4/d50d4c6bfd6ec2feb8333f39a511c49e304cf9' (170)
2020-07-13 23:07:34: Copy New 'L:/Github/spring/.git/objects/f4/d6b323a2ac62f3fbcdb3c01061bfe5d0a05486' -> 'K:/Website backup/AE2020Spring/.git/objects/f4/d6b323a2ac62f3fbcdb3c01061bfe5d0a05486' (6,206)
2020-07-13 23:07:34: Copy New 'L:/Github/spring/.git/objects/f5/e0d52f70e67ab46d255ae3bc0927b9e4def8bf' -> 'K:/Website backup/AE2020Spring/.git/objects/f5/e0d52f70e67ab46d255ae3bc0927b9e4def8bf' (319)
2020-07-13 23:07:35: Copy New 'L:/Github/spring/.git/objects/f5/e73a3b4e24f2167e4db931cd0ca54569a63368' -> 'K:/Website backup/AE2020Spring/.git/objects/f5/e73a3b4e24f2167e4db931cd0ca54569a63368' (166)
2020-07-13 23:07:35: Copy New 'L:/Github/spring/.git/objects/f6/5a451b0a196ff813a4d0aad4b5ea892da73588' -> 'K:/Website backup/AE2020Spring/.git/objects/f6/5a451b0a196ff813a4d0aad4b5ea892da73588' (158)
2020-07-13 23:07:35: Copy New 'L:/Github/spring/.git/objects/f7/b1a17941858ae398f343c61a709e71095aeeb5' -> 'K:/Website backup/AE2020Spring/.git/objects/f7/b1a17941858ae398f343c61a709e71095aeeb5' (6,772)
2020-07-13 23:07:35: Copy New 'L:/Github/spring/.git/objects/f8/790e65a7f20b0519e48226a8aae6131c9e2b29' -> 'K:/Website backup/AE2020Spring/.git/objects/f8/790e65a7f20b0519e48226a8aae6131c9e2b29' (738)
2020-07-13 23:07:35: Copy New 'L:/Github/spring/.git/objects/f8/934f712817d3a432e33381c8cdb4a8df79a7a4' -> 'K:/Website backup/AE2020Spring/.git/objects/f8/934f712817d3a432e33381c8cdb4a8df79a7a4' (59,072)
2020-07-13 23:07:35: Copy New 'L:/Github/spring/.git/objects/f9/d08c4fdeda22dd578e06447c86d3b892936aa8' -> 'K:/Website backup/AE2020Spring/.git/objects/f9/d08c4fdeda22dd578e06447c86d3b892936aa8' (159)
2020-07-13 23:07:35: Copy New 'L:/Github/spring/.git/objects/f9/f3b39a963c76deab830eb4b780fa1b325e4d5b' -> 'K:/Website backup/AE2020Spring/.git/objects/f9/f3b39a963c76deab830eb4b780fa1b325e4d5b' (2,340)
2020-07-13 23:07:35: Copy New 'L:/Github/spring/.git/objects/fa/dfdcd8f622b47f369e990ffff53816c5618395' -> 'K:/Website backup/AE2020Spring/.git/objects/fa/dfdcd8f622b47f369e990ffff53816c5618395' (738)
2020-07-13 23:07:35: Copy New 'L:/Github/spring/.git/objects/fc/87cfbb0abad588c2157b682a2751ecb54b9587' -> 'K:/Website backup/AE2020Spring/.git/objects/fc/87cfbb0abad588c2157b682a2751ecb54b9587' (757)
2020-07-13 23:07:36: Copy New 'L:/Github/spring/.git/objects/fc/ea144f8c43ac41262dc2d37211dc867f1f850d' -> 'K:/Website backup/AE2020Spring/.git/objects/fc/ea144f8c43ac41262dc2d37211dc867f1f850d' (7,172)
2020-07-13 23:07:36: Copy New 'L:/Github/spring/.git/objects/fd/ddbc1b8419a6b90d8d3cb0c080206c44995f1b' -> 'K:/Website backup/AE2020Spring/.git/objects/fd/ddbc1b8419a6b90d8d3cb0c080206c44995f1b' (177)
2020-07-13 23:07:36: Copy Over 'L:/Github/spring/.git/refs/heads/master' -> 'K:/Website backup/AE2020Spring/.git/refs/heads/master' (41)
2020-07-13 23:07:36: Copy Over 'L:/Github/spring/.git/refs/remotes/origin/master' -> 'K:/Website backup/AE2020Spring/.git/refs/remotes/origin/master' (41)
2020-07-13 23:07:37: Copy New 'L:/Github/spring/block1.html' -> 'K:/Website backup/AE2020Spring/block1.html' (29,824)
2020-07-13 23:07:37: Copy New 'L:/Github/spring/block2.html' -> 'K:/Website backup/AE2020Spring/block2.html' (29,931)
2020-07-13 23:07:37: Copy Over 'L:/Github/spring/classrooms.html' -> 'K:/Website backup/AE2020Spring/classrooms.html' (8,852)
2020-07-13 23:07:37: Copy Over 'L:/Github/spring/css/bootstrap.min.css' -> 'K:/Website backup/AE2020Spring/css/bootstrap.min.css' (174,040)
2020-07-13 23:07:37: Copy Over 'L:/Github/spring/css/style2.css' -> 'K:/Website backup/AE2020Spring/css/style2.css' (14,033)
2020-07-13 23:07:37: Copy New 'L:/Github/spring/css/style3.css' -> 'K:/Website backup/AE2020Spring/css/style3.css' (14,801)
2020-07-13 23:07:38: Copy New 'L:/Github/spring/css/tabs3.css' -> 'K:/Website backup/AE2020Spring/css/tabs3.css' (1,387)
2020-07-13 23:07:38: Copy New 'L:/Github/spring/css/vertical.css' -> 'K:/Website backup/AE2020Spring/css/vertical.css' (2,867)
2020-07-13 23:07:38: Copy Over 'L:/Github/spring/grades.html' -> 'K:/Website backup/AE2020Spring/grades.html' (9,439)
2020-07-13 23:07:38: Copy New 'L:/Github/spring/img/doc.jpg' -> 'K:/Website backup/AE2020Spring/img/doc.jpg' (14,224)
2020-07-13 23:07:38: Copy New 'L:/Github/spring/img/doc2.jpg' -> 'K:/Website backup/AE2020Spring/img/doc2.jpg' (62,126)
2020-07-13 23:07:38: Copy New 'L:/Github/spring/img/quiz-answers.jpg' -> 'K:/Website backup/AE2020Spring/img/quiz-answers.jpg' (19,384)
2020-07-13 23:07:38: Copy New 'L:/Github/spring/img/spell1.jpg' -> 'K:/Website backup/AE2020Spring/img/spell1.jpg' (127,817)
2020-07-13 23:07:38: Copy Over 'L:/Github/spring/index.html' -> 'K:/Website backup/AE2020Spring/index.html' (31,075)
2020-07-13 23:07:39: Copy New 'L:/Github/spring/js/tabs3.js' -> 'K:/Website backup/AE2020Spring/js/tabs3.js' (1,229)
2020-07-13 23:07:39: Copy New 'L:/Github/spring/lessons.html' -> 'K:/Website backup/AE2020Spring/lessons.html' (8,475)
2020-07-13 23:07:39: Copy Over 'L:/Github/spring/message.html' -> 'K:/Website backup/AE2020Spring/message.html' (7,412)
2020-07-13 23:07:39: Copy New 'L:/Github/spring/practice/block3/plants_answers.pdf' -> 'K:/Website backup/AE2020Spring/practice/block3/plants_answers.pdf' (641,506)
2020-07-13 23:07:39: Copy New 'L:/Github/spring/practice/block3/plants_questions.pdf' -> 'K:/Website backup/AE2020Spring/practice/block3/plants_questions.pdf' (625,734)
2020-07-13 23:07:39: Copy Over 'L:/Github/spring/splitscreen/block-1-test-mon-1.html' -> 'K:/Website backup/AE2020Spring/splitscreen/block-1-test-mon-1.html' (6,064)
2020-07-13 23:07:39: Copy New 'L:/Github/spring/splitscreen/block-2-test-mon-1.html' -> 'K:/Website backup/AE2020Spring/splitscreen/block-2-test-mon-1.html' (6,064)
2020-07-13 23:07:40: Copy New 'L:/Github/spring/splitscreen/block-2-test-mon2.html' -> 'K:/Website backup/AE2020Spring/splitscreen/block-2-test-mon2.html' (6,062)
2020-07-13 23:07:40: Copy New 'L:/Github/spring/splitscreen/block-2-test-thurs-1.html' -> 'K:/Website backup/AE2020Spring/splitscreen/block-2-test-thurs-1.html' (6,242)
2020-07-13 23:07:40: Copy New 'L:/Github/spring/splitscreen/block-2-test-thurs-3.html' -> 'K:/Website backup/AE2020Spring/splitscreen/block-2-test-thurs-3.html' (6,242)
2020-07-13 23:07:40: Copy New 'L:/Github/spring/splitscreen/block-2-test-thurs2.html' -> 'K:/Website backup/AE2020Spring/splitscreen/block-2-test-thurs2.html' (6,240)
2020-07-13 23:07:40: Copy New 'L:/Github/spring/splitscreen/block-2-test-thurs4.html' -> 'K:/Website backup/AE2020Spring/splitscreen/block-2-test-thurs4.html' (6,242)
2020-07-13 23:07:40: Copy New 'L:/Github/spring/splitscreen/block-2-test.html' -> 'K:/Website backup/AE2020Spring/splitscreen/block-2-test.html' (6,255)
2020-07-13 23:07:40: Copy Over 'L:/Github/spring/surveys/surveys.html' -> 'K:/Website backup/AE2020Spring/surveys/surveys.html' (18,645)
2020-07-13 23:07:40: Copy Over 'L:/Github/spring/textbook.html' -> 'K:/Website backup/AE2020Spring/textbook.html' (15,699)
2020-07-13 23:07:41: Copy Over 'L:/Github/spring/tutorials.html' -> 'K:/Website backup/AE2020Spring/tutorials.html' (5,897)
2020-07-13 23:07:41: Copy New 'L:/Github/spring/week-9.html' -> 'K:/Website backup/AE2020Spring/week-9.html' (26,691)
2020-07-13 23:07:41: == Sync Complete. Time: 00:00:43, Speed: 631.34 KB/s, OK: 377, Errors: 0
2020-07-13 23:07:41: 
