2020-05-12 16:49:51: == Sync Started by User Command
2020-05-12 16:49:51: Create Folder 'K:/Website backup/AE2020Spring/.git/objects/05'
2020-05-12 16:49:51: Create Folder 'K:/Website backup/AE2020Spring/.git/objects/07'
2020-05-12 16:49:51: Create Folder 'K:/Website backup/AE2020Spring/.git/objects/0c'
2020-05-12 16:49:51: Create Folder 'K:/Website backup/AE2020Spring/.git/objects/13'
2020-05-12 16:49:51: Create Folder 'K:/Website backup/AE2020Spring/.git/objects/14'
2020-05-12 16:49:51: Create Folder 'K:/Website backup/AE2020Spring/.git/objects/22'
2020-05-12 16:49:51: Create Folder 'K:/Website backup/AE2020Spring/.git/objects/27'
2020-05-12 16:49:51: Create Folder 'K:/Website backup/AE2020Spring/.git/objects/3b'
2020-05-12 16:49:51: Create Folder 'K:/Website backup/AE2020Spring/.git/objects/3e'
2020-05-12 16:49:51: Create Folder 'K:/Website backup/AE2020Spring/.git/objects/40'
2020-05-12 16:49:51: Create Folder 'K:/Website backup/AE2020Spring/.git/objects/4e'
2020-05-12 16:49:52: Create Folder 'K:/Website backup/AE2020Spring/.git/objects/50'
2020-05-12 16:49:52: Create Folder 'K:/Website backup/AE2020Spring/.git/objects/5d'
2020-05-12 16:49:52: Create Folder 'K:/Website backup/AE2020Spring/.git/objects/5e'
2020-05-12 16:49:52: Create Folder 'K:/Website backup/AE2020Spring/.git/objects/60'
2020-05-12 16:49:52: Create Folder 'K:/Website backup/AE2020Spring/.git/objects/63'
2020-05-12 16:49:52: Create Folder 'K:/Website backup/AE2020Spring/.git/objects/6a'
2020-05-12 16:49:52: Create Folder 'K:/Website backup/AE2020Spring/.git/objects/79'
2020-05-12 16:49:52: Create Folder 'K:/Website backup/AE2020Spring/.git/objects/7a'
2020-05-12 16:49:52: Create Folder 'K:/Website backup/AE2020Spring/.git/objects/7f'
2020-05-12 16:49:52: Create Folder 'K:/Website backup/AE2020Spring/.git/objects/80'
2020-05-12 16:49:52: Create Folder 'K:/Website backup/AE2020Spring/.git/objects/8c'
2020-05-12 16:49:52: Create Folder 'K:/Website backup/AE2020Spring/.git/objects/8e'
2020-05-12 16:49:53: Create Folder 'K:/Website backup/AE2020Spring/.git/objects/92'
2020-05-12 16:49:53: Create Folder 'K:/Website backup/AE2020Spring/.git/objects/94'
2020-05-12 16:49:53: Create Folder 'K:/Website backup/AE2020Spring/.git/objects/9c'
2020-05-12 16:49:53: Create Folder 'K:/Website backup/AE2020Spring/.git/objects/a0'
2020-05-12 16:49:53: Create Folder 'K:/Website backup/AE2020Spring/.git/objects/a8'
2020-05-12 16:49:53: Create Folder 'K:/Website backup/AE2020Spring/.git/objects/b0'
2020-05-12 16:49:53: Create Folder 'K:/Website backup/AE2020Spring/.git/objects/b4'
2020-05-12 16:49:53: Create Folder 'K:/Website backup/AE2020Spring/.git/objects/b7'
2020-05-12 16:49:53: Create Folder 'K:/Website backup/AE2020Spring/.git/objects/b8'
2020-05-12 16:49:53: Create Folder 'K:/Website backup/AE2020Spring/.git/objects/bb'
2020-05-12 16:49:53: Create Folder 'K:/Website backup/AE2020Spring/.git/objects/bc'
2020-05-12 16:49:53: Create Folder 'K:/Website backup/AE2020Spring/.git/objects/c3'
2020-05-12 16:49:53: Create Folder 'K:/Website backup/AE2020Spring/.git/objects/c6'
2020-05-12 16:49:53: Create Folder 'K:/Website backup/AE2020Spring/.git/objects/c8'
2020-05-12 16:49:53: Create Folder 'K:/Website backup/AE2020Spring/.git/objects/d1'
2020-05-12 16:49:54: Create Folder 'K:/Website backup/AE2020Spring/.git/objects/d4'
2020-05-12 16:49:54: Create Folder 'K:/Website backup/AE2020Spring/.git/objects/d9'
2020-05-12 16:49:54: Create Folder 'K:/Website backup/AE2020Spring/.git/objects/dc'
2020-05-12 16:49:54: Create Folder 'K:/Website backup/AE2020Spring/.git/objects/de'
2020-05-12 16:49:54: Create Folder 'K:/Website backup/AE2020Spring/.git/objects/df'
2020-05-12 16:49:54: Create Folder 'K:/Website backup/AE2020Spring/.git/objects/e4'
2020-05-12 16:49:54: Create Folder 'K:/Website backup/AE2020Spring/.git/objects/ea'
2020-05-12 16:49:54: Create Folder 'K:/Website backup/AE2020Spring/.git/objects/f4'
2020-05-12 16:49:54: Create Folder 'K:/Website backup/AE2020Spring/.git/objects/f9'
2020-05-12 16:49:54: Create Folder 'K:/Website backup/AE2020Spring/.git/objects/fb'
2020-05-12 16:49:54: Create Folder 'K:/Website backup/AE2020Spring/.git/objects/fc'
2020-05-12 16:49:55: Create Folder 'K:/Website backup/AE2020Spring/.git/objects/fe'
2020-05-12 16:49:55: Copy Over 'L:/Github/spring/.git/COMMIT_EDITMSG' -> 'K:/Website backup/AE2020Spring/.git/COMMIT_EDITMSG' (30)
2020-05-12 16:49:55: Copy Over 'L:/Github/spring/.git/FETCH_HEAD' -> 'K:/Website backup/AE2020Spring/.git/FETCH_HEAD' (100)
2020-05-12 16:49:56: Copy Over 'L:/Github/spring/.git/index' -> 'K:/Website backup/AE2020Spring/.git/index' (5,738)
2020-05-12 16:49:56: Copy Over 'L:/Github/spring/.git/logs/HEAD' -> 'K:/Website backup/AE2020Spring/.git/logs/HEAD' (6,494)
2020-05-12 16:49:56: Copy Over 'L:/Github/spring/.git/logs/refs/heads/master' -> 'K:/Website backup/AE2020Spring/.git/logs/refs/heads/master' (6,494)
2020-05-12 16:49:57: Copy Over 'L:/Github/spring/.git/logs/refs/remotes/origin/master' -> 'K:/Website backup/AE2020Spring/.git/logs/refs/remotes/origin/master' (4,832)
2020-05-12 16:49:57: Copy New 'L:/Github/spring/.git/objects/03/19595a564ea31c7ccc2ac1dd05a100bef2f9a7' -> 'K:/Website backup/AE2020Spring/.git/objects/03/19595a564ea31c7ccc2ac1dd05a100bef2f9a7' (112)
2020-05-12 16:49:57: Copy New 'L:/Github/spring/.git/objects/05/9b7f653a44ee2a2fb8a2cd3645252be547b896' -> 'K:/Website backup/AE2020Spring/.git/objects/05/9b7f653a44ee2a2fb8a2cd3645252be547b896' (5,294)
2020-05-12 16:49:57: Copy New 'L:/Github/spring/.git/objects/07/514ea3d42b5bf3d083e200597bfb70eb44816a' -> 'K:/Website backup/AE2020Spring/.git/objects/07/514ea3d42b5bf3d083e200597bfb70eb44816a' (152)
2020-05-12 16:49:58: Copy New 'L:/Github/spring/.git/objects/0c/ad2673c4246f5510ce78f2d7a50dc132cd8c4f' -> 'K:/Website backup/AE2020Spring/.git/objects/0c/ad2673c4246f5510ce78f2d7a50dc132cd8c4f' (159)
2020-05-12 16:49:58: Copy New 'L:/Github/spring/.git/objects/13/beeab0d56d2251a45388f3a3bdc8189669930c' -> 'K:/Website backup/AE2020Spring/.git/objects/13/beeab0d56d2251a45388f3a3bdc8189669930c' (2,996)
2020-05-12 16:49:58: Copy New 'L:/Github/spring/.git/objects/14/7db6433c78b2d7ab64b48c5db2be1059e4bc08' -> 'K:/Website backup/AE2020Spring/.git/objects/14/7db6433c78b2d7ab64b48c5db2be1059e4bc08' (531)
2020-05-12 16:49:58: Copy New 'L:/Github/spring/.git/objects/14/be60cae07f218726f906c50de6ecd14b78c637' -> 'K:/Website backup/AE2020Spring/.git/objects/14/be60cae07f218726f906c50de6ecd14b78c637' (200)
2020-05-12 16:49:58: Copy New 'L:/Github/spring/.git/objects/22/6c1cd9fac151822d39cf3592aa90e1192042f9' -> 'K:/Website backup/AE2020Spring/.git/objects/22/6c1cd9fac151822d39cf3592aa90e1192042f9' (2,142)
2020-05-12 16:49:59: Copy New 'L:/Github/spring/.git/objects/22/bfd1cc9235a8d7109390dcc4103af0538fb556' -> 'K:/Website backup/AE2020Spring/.git/objects/22/bfd1cc9235a8d7109390dcc4103af0538fb556' (531)
2020-05-12 16:49:59: Copy New 'L:/Github/spring/.git/objects/26/77ea6476ae88c313e6b285d7770ca582247c18' -> 'K:/Website backup/AE2020Spring/.git/objects/26/77ea6476ae88c313e6b285d7770ca582247c18' (5,974)
2020-05-12 16:49:59: Copy New 'L:/Github/spring/.git/objects/27/27b4df319d557569b769f7521cd30ee81a02c9' -> 'K:/Website backup/AE2020Spring/.git/objects/27/27b4df319d557569b769f7521cd30ee81a02c9' (177)
2020-05-12 16:49:59: Copy New 'L:/Github/spring/.git/objects/27/d9e83f46e260e1b39aebef6ffca6cca9489778' -> 'K:/Website backup/AE2020Spring/.git/objects/27/d9e83f46e260e1b39aebef6ffca6cca9489778' (2,176)
2020-05-12 16:50:00: Copy New 'L:/Github/spring/.git/objects/29/147ea2b8c44c46eeae8f11bc6e1d29fd46d714' -> 'K:/Website backup/AE2020Spring/.git/objects/29/147ea2b8c44c46eeae8f11bc6e1d29fd46d714' (3,502)
2020-05-12 16:50:00: Copy New 'L:/Github/spring/.git/objects/3b/d613d3ad3a7738df25c6727a31ea56d03c39c8' -> 'K:/Website backup/AE2020Spring/.git/objects/3b/d613d3ad3a7738df25c6727a31ea56d03c39c8' (530)
2020-05-12 16:50:00: Copy New 'L:/Github/spring/.git/objects/3d/1eff6997ec47aad3dcd42f4efdd7155abf1de9' -> 'K:/Website backup/AE2020Spring/.git/objects/3d/1eff6997ec47aad3dcd42f4efdd7155abf1de9' (2,146)
2020-05-12 16:50:00: Copy New 'L:/Github/spring/.git/objects/3e/b1652862c45d98891de034ea10de990ca34bcf' -> 'K:/Website backup/AE2020Spring/.git/objects/3e/b1652862c45d98891de034ea10de990ca34bcf' (178)
2020-05-12 16:50:01: Copy New 'L:/Github/spring/.git/objects/40/700ce81cf0a0d3fb0505be45a89f8d95d9b958' -> 'K:/Website backup/AE2020Spring/.git/objects/40/700ce81cf0a0d3fb0505be45a89f8d95d9b958' (2,170)
2020-05-12 16:50:01: Copy New 'L:/Github/spring/.git/objects/4a/d7ad7bd2c62fe185eca96fa272a1900d2bb90f' -> 'K:/Website backup/AE2020Spring/.git/objects/4a/d7ad7bd2c62fe185eca96fa272a1900d2bb90f' (170)
2020-05-12 16:50:01: Copy New 'L:/Github/spring/.git/objects/4e/257413e09bbb4d8fec3a75427f39046669840c' -> 'K:/Website backup/AE2020Spring/.git/objects/4e/257413e09bbb4d8fec3a75427f39046669840c' (2,465)
2020-05-12 16:50:01: Copy New 'L:/Github/spring/.git/objects/50/68d83b30038da29a15932fb3d37b09fec6072b' -> 'K:/Website backup/AE2020Spring/.git/objects/50/68d83b30038da29a15932fb3d37b09fec6072b' (170)
2020-05-12 16:50:02: Copy New 'L:/Github/spring/.git/objects/58/2708134e07635f3c8993c78338d07d916d5129' -> 'K:/Website backup/AE2020Spring/.git/objects/58/2708134e07635f3c8993c78338d07d916d5129' (5,798)
2020-05-12 16:50:02: Copy New 'L:/Github/spring/.git/objects/5d/73d71eb00724a90c4587f7855eae2d70e907a7' -> 'K:/Website backup/AE2020Spring/.git/objects/5d/73d71eb00724a90c4587f7855eae2d70e907a7' (5,963)
2020-05-12 16:50:02: Copy New 'L:/Github/spring/.git/objects/5e/3c3b72e99058eb770bef6652c3d13ddcbfeea2' -> 'K:/Website backup/AE2020Spring/.git/objects/5e/3c3b72e99058eb770bef6652c3d13ddcbfeea2' (5,799)
2020-05-12 16:50:02: Copy New 'L:/Github/spring/.git/objects/60/6e11a22d8f41a271fe2d737a0b9c87efae55ca' -> 'K:/Website backup/AE2020Spring/.git/objects/60/6e11a22d8f41a271fe2d737a0b9c87efae55ca' (531)
2020-05-12 16:50:03: Copy New 'L:/Github/spring/.git/objects/62/95906f9bda53890708be23ecbf8c0096d359cf' -> 'K:/Website backup/AE2020Spring/.git/objects/62/95906f9bda53890708be23ecbf8c0096d359cf' (167)
2020-05-12 16:50:03: Copy New 'L:/Github/spring/.git/objects/63/a026d84a5fe4153c84b80545e8b0979be174b0' -> 'K:/Website backup/AE2020Spring/.git/objects/63/a026d84a5fe4153c84b80545e8b0979be174b0' (2,155)
2020-05-12 16:50:03: Copy New 'L:/Github/spring/.git/objects/6a/5b9911afa8443298dae13cec842d68efe7cc16' -> 'K:/Website backup/AE2020Spring/.git/objects/6a/5b9911afa8443298dae13cec842d68efe7cc16' (532)
2020-05-12 16:50:03: Copy New 'L:/Github/spring/.git/objects/79/de8b8aecafac53057fdc3978087c4443cb3623' -> 'K:/Website backup/AE2020Spring/.git/objects/79/de8b8aecafac53057fdc3978087c4443cb3623' (531)
2020-05-12 16:50:04: Copy New 'L:/Github/spring/.git/objects/7a/847d11ff5ce1b44f3400b7410ffd63e6eac9b8' -> 'K:/Website backup/AE2020Spring/.git/objects/7a/847d11ff5ce1b44f3400b7410ffd63e6eac9b8' (206)
2020-05-12 16:50:04: Copy New 'L:/Github/spring/.git/objects/7f/a7f51119a8fca34a41bc64cfee225c9851dd4a' -> 'K:/Website backup/AE2020Spring/.git/objects/7f/a7f51119a8fca34a41bc64cfee225c9851dd4a' (168)
2020-05-12 16:50:04: Copy New 'L:/Github/spring/.git/objects/80/0eee3ad2cdb9eaf8d563dedcc24f705455115c' -> 'K:/Website backup/AE2020Spring/.git/objects/80/0eee3ad2cdb9eaf8d563dedcc24f705455115c' (179)
2020-05-12 16:50:04: Copy New 'L:/Github/spring/.git/objects/8c/d51345e3de1f1b563fffabac6513933e1c6c1d' -> 'K:/Website backup/AE2020Spring/.git/objects/8c/d51345e3de1f1b563fffabac6513933e1c6c1d' (169)
2020-05-12 16:50:05: Copy New 'L:/Github/spring/.git/objects/8e/4ed7d628f68499fe09a39a16409e0087fd5b09' -> 'K:/Website backup/AE2020Spring/.git/objects/8e/4ed7d628f68499fe09a39a16409e0087fd5b09' (531)
2020-05-12 16:50:05: Copy New 'L:/Github/spring/.git/objects/8e/725462182b17b672790bd284e3217fe8abbf39' -> 'K:/Website backup/AE2020Spring/.git/objects/8e/725462182b17b672790bd284e3217fe8abbf39' (167)
2020-05-12 16:50:05: Copy New 'L:/Github/spring/.git/objects/8f/c7435b8cf25a4e804459bfc87bfb5fc7342725' -> 'K:/Website backup/AE2020Spring/.git/objects/8f/c7435b8cf25a4e804459bfc87bfb5fc7342725' (531)
2020-05-12 16:50:05: Copy New 'L:/Github/spring/.git/objects/92/4a2f8c098fa5484f73ca8684ed5272d46abd58' -> 'K:/Website backup/AE2020Spring/.git/objects/92/4a2f8c098fa5484f73ca8684ed5272d46abd58' (200)
2020-05-12 16:50:05: Copy New 'L:/Github/spring/.git/objects/94/29e7b66aa72a2523d596af7477f46e4ce08180' -> 'K:/Website backup/AE2020Spring/.git/objects/94/29e7b66aa72a2523d596af7477f46e4ce08180' (177)
2020-05-12 16:50:06: Copy New 'L:/Github/spring/.git/objects/96/b6127cdc9aba72264d5a2986678a9bcbe729d1' -> 'K:/Website backup/AE2020Spring/.git/objects/96/b6127cdc9aba72264d5a2986678a9bcbe729d1' (170)
2020-05-12 16:50:06: Copy New 'L:/Github/spring/.git/objects/9c/d58da9e553c0c67938a4c0e9a5e250c3ee9bdf' -> 'K:/Website backup/AE2020Spring/.git/objects/9c/d58da9e553c0c67938a4c0e9a5e250c3ee9bdf' (532)
2020-05-12 16:50:06: Copy New 'L:/Github/spring/.git/objects/a0/b935988a08ee26b44436be8b00449473af109a' -> 'K:/Website backup/AE2020Spring/.git/objects/a0/b935988a08ee26b44436be8b00449473af109a' (200)
2020-05-12 16:50:07: Copy New 'L:/Github/spring/.git/objects/a8/6abc337f1ae6a99c3b61d51d0d2adb0b194fd7' -> 'K:/Website backup/AE2020Spring/.git/objects/a8/6abc337f1ae6a99c3b61d51d0d2adb0b194fd7' (200)
2020-05-12 16:50:07: Copy New 'L:/Github/spring/.git/objects/a8/ba83d59cf111b2d4f828a10b2764484efadd65' -> 'K:/Website backup/AE2020Spring/.git/objects/a8/ba83d59cf111b2d4f828a10b2764484efadd65' (5,802)
2020-05-12 16:50:07: Copy New 'L:/Github/spring/.git/objects/a8/d6cca94bff235f773e60b02d0a82e37997de9d' -> 'K:/Website backup/AE2020Spring/.git/objects/a8/d6cca94bff235f773e60b02d0a82e37997de9d' (2,150)
2020-05-12 16:50:07: Copy New 'L:/Github/spring/.git/objects/b0/656e5adb115511a301df16b320e2acacf0974e' -> 'K:/Website backup/AE2020Spring/.git/objects/b0/656e5adb115511a301df16b320e2acacf0974e' (532)
2020-05-12 16:50:08: Copy New 'L:/Github/spring/.git/objects/b4/045a07d7aa747e0279cb66c190812a955d72bd' -> 'K:/Website backup/AE2020Spring/.git/objects/b4/045a07d7aa747e0279cb66c190812a955d72bd' (5,780)
2020-05-12 16:50:08: Copy New 'L:/Github/spring/.git/objects/b7/e9a4cb82a6a7a6df66bdee41fd6c5e5cbbb3d1' -> 'K:/Website backup/AE2020Spring/.git/objects/b7/e9a4cb82a6a7a6df66bdee41fd6c5e5cbbb3d1' (532)
2020-05-12 16:50:08: Copy New 'L:/Github/spring/.git/objects/b8/231c94a011c78339f5ff81f654dec435be8348' -> 'K:/Website backup/AE2020Spring/.git/objects/b8/231c94a011c78339f5ff81f654dec435be8348' (175)
2020-05-12 16:50:08: Copy New 'L:/Github/spring/.git/objects/bb/11bb111cc5a33e6648632ef9ac182f860a193a' -> 'K:/Website backup/AE2020Spring/.git/objects/bb/11bb111cc5a33e6648632ef9ac182f860a193a' (5,793)
2020-05-12 16:50:09: Copy New 'L:/Github/spring/.git/objects/bc/7b634365b19dd4f9923557f023e79259e23f7a' -> 'K:/Website backup/AE2020Spring/.git/objects/bc/7b634365b19dd4f9923557f023e79259e23f7a' (2,438)
2020-05-12 16:50:09: Copy New 'L:/Github/spring/.git/objects/c3/1ccc4612f1dada429ae6813456daa3c9ab9854' -> 'K:/Website backup/AE2020Spring/.git/objects/c3/1ccc4612f1dada429ae6813456daa3c9ab9854' (170)
2020-05-12 16:50:09: Copy New 'L:/Github/spring/.git/objects/c3/d6bfea0b05a526e6cc421ba04d4b60df4a044c' -> 'K:/Website backup/AE2020Spring/.git/objects/c3/d6bfea0b05a526e6cc421ba04d4b60df4a044c' (172)
2020-05-12 16:50:09: Copy New 'L:/Github/spring/.git/objects/c6/fd5874488153e89603471abf94c98e35622a6c' -> 'K:/Website backup/AE2020Spring/.git/objects/c6/fd5874488153e89603471abf94c98e35622a6c' (531)
2020-05-12 16:50:10: Copy New 'L:/Github/spring/.git/objects/c7/986eb17502b92a6f2407ba1069e29a216b8ffb' -> 'K:/Website backup/AE2020Spring/.git/objects/c7/986eb17502b92a6f2407ba1069e29a216b8ffb' (5,800)
2020-05-12 16:50:10: Copy New 'L:/Github/spring/.git/objects/c7/a7c8d36da95128cbb71a85bbf3121e8ae76972' -> 'K:/Website backup/AE2020Spring/.git/objects/c7/a7c8d36da95128cbb71a85bbf3121e8ae76972' (531)
2020-05-12 16:50:10: Copy New 'L:/Github/spring/.git/objects/c8/7b1816bf55d38b65ced4d482af23b7e1587eac' -> 'K:/Website backup/AE2020Spring/.git/objects/c8/7b1816bf55d38b65ced4d482af23b7e1587eac' (200)
2020-05-12 16:50:10: Copy New 'L:/Github/spring/.git/objects/d1/5eae080c8045fbde2dfefb1ff1a12933bf63cb' -> 'K:/Website backup/AE2020Spring/.git/objects/d1/5eae080c8045fbde2dfefb1ff1a12933bf63cb' (531)
2020-05-12 16:50:11: Copy New 'L:/Github/spring/.git/objects/d4/9ab4626760fc5dc17bd16b824aa1b957df0d31' -> 'K:/Website backup/AE2020Spring/.git/objects/d4/9ab4626760fc5dc17bd16b824aa1b957df0d31' (532)
2020-05-12 16:50:11: Copy New 'L:/Github/spring/.git/objects/d9/d0fe1c19147163c8ba107bd7b2269eba7d632b' -> 'K:/Website backup/AE2020Spring/.git/objects/d9/d0fe1c19147163c8ba107bd7b2269eba7d632b' (531)
2020-05-12 16:50:11: Copy New 'L:/Github/spring/.git/objects/dc/0c54e3453afd845ea1fc9987611527180c5643' -> 'K:/Website backup/AE2020Spring/.git/objects/dc/0c54e3453afd845ea1fc9987611527180c5643' (5,801)
2020-05-12 16:50:11: Copy New 'L:/Github/spring/.git/objects/dd/656f236ee72868e469b8af0260fd97ad0a6dbf' -> 'K:/Website backup/AE2020Spring/.git/objects/dd/656f236ee72868e469b8af0260fd97ad0a6dbf' (531)
2020-05-12 16:50:11: Copy New 'L:/Github/spring/.git/objects/de/9d856942a8e6a99fe0b9e0858de5a59ecb05df' -> 'K:/Website backup/AE2020Spring/.git/objects/de/9d856942a8e6a99fe0b9e0858de5a59ecb05df' (170)
2020-05-12 16:50:12: Copy New 'L:/Github/spring/.git/objects/df/2c4e704e68b179294df82df01fcf51429ad505' -> 'K:/Website backup/AE2020Spring/.git/objects/df/2c4e704e68b179294df82df01fcf51429ad505' (532)
2020-05-12 16:50:12: Copy New 'L:/Github/spring/.git/objects/e4/eb132333fac5324f8c7258c096a084d9e39df0' -> 'K:/Website backup/AE2020Spring/.git/objects/e4/eb132333fac5324f8c7258c096a084d9e39df0' (168)
2020-05-12 16:50:12: Copy New 'L:/Github/spring/.git/objects/ea/cfb5680ab5ffef67da11917dacb6b6500c6f60' -> 'K:/Website backup/AE2020Spring/.git/objects/ea/cfb5680ab5ffef67da11917dacb6b6500c6f60' (5,974)
2020-05-12 16:50:12: Copy New 'L:/Github/spring/.git/objects/ea/dbc1cf1fe7e68eea971aaf25b83940c83d341f' -> 'K:/Website backup/AE2020Spring/.git/objects/ea/dbc1cf1fe7e68eea971aaf25b83940c83d341f' (5,854)
2020-05-12 16:50:13: Copy New 'L:/Github/spring/.git/objects/f4/e522bb8bf72545cc27ba7ac7926550ecabb4e0' -> 'K:/Website backup/AE2020Spring/.git/objects/f4/e522bb8bf72545cc27ba7ac7926550ecabb4e0' (8,085)
2020-05-12 16:50:13: Copy New 'L:/Github/spring/.git/objects/f9/124e9a5ec77f24511c7b4638b35cb5489c04a8' -> 'K:/Website backup/AE2020Spring/.git/objects/f9/124e9a5ec77f24511c7b4638b35cb5489c04a8' (532)
2020-05-12 16:50:13: Copy New 'L:/Github/spring/.git/objects/f9/498f990e72020dba6063a489b604654fbfa9d8' -> 'K:/Website backup/AE2020Spring/.git/objects/f9/498f990e72020dba6063a489b604654fbfa9d8' (200)
2020-05-12 16:50:13: Copy New 'L:/Github/spring/.git/objects/fb/d0b09a204fbb681616aef1e673d953b1c92e27' -> 'K:/Website backup/AE2020Spring/.git/objects/fb/d0b09a204fbb681616aef1e673d953b1c92e27' (168)
2020-05-12 16:50:14: Copy New 'L:/Github/spring/.git/objects/fc/990097d50ff11670cb0ec1368e38c0bd5fa1b1' -> 'K:/Website backup/AE2020Spring/.git/objects/fc/990097d50ff11670cb0ec1368e38c0bd5fa1b1' (169)
2020-05-12 16:50:14: Copy New 'L:/Github/spring/.git/objects/fe/58738a8d76a3da43e98885946cfa32d8af97f5' -> 'K:/Website backup/AE2020Spring/.git/objects/fe/58738a8d76a3da43e98885946cfa32d8af97f5' (158)
2020-05-12 16:50:14: Copy Over 'L:/Github/spring/.git/refs/heads/master' -> 'K:/Website backup/AE2020Spring/.git/refs/heads/master' (41)
2020-05-12 16:50:14: Copy Over 'L:/Github/spring/.git/refs/remotes/origin/master' -> 'K:/Website backup/AE2020Spring/.git/refs/remotes/origin/master' (41)
2020-05-12 16:50:15: Copy Over 'L:/Github/spring/css/style.css' -> 'K:/Website backup/AE2020Spring/css/style.css' (13,719)
2020-05-12 16:50:15: Copy Over 'L:/Github/spring/index.html' -> 'K:/Website backup/AE2020Spring/index.html' (18,537)
2020-05-12 16:50:16: Copy Over 'L:/Github/spring/message.html' -> 'K:/Website backup/AE2020Spring/message.html' (8,554)
2020-05-12 16:50:16: Copy Over 'L:/Github/spring/self-intro.html' -> 'K:/Website backup/AE2020Spring/self-intro.html' (6,326)
2020-05-12 16:50:16: Copy Over 'L:/Github/spring/splitscreen/livestream-viewer.html' -> 'K:/Website backup/AE2020Spring/splitscreen/livestream-viewer.html' (5,316)
2020-05-12 16:50:17: == Sync Complete. Time: 00:00:26, Speed: 348.86 KB/s, OK: 134, Errors: 0
2020-05-12 16:50:17: 
