2020-05-09 14:46:06: == Sync Started by User Command
2020-05-09 14:46:06: Delete File 'K:/Website backup/AE2020Spring/.gitattributes'
2020-05-09 14:46:06: Delete Folder 'K:/Website backup/AE2020Spring/splitscreen/images'
2020-05-09 14:46:06: Create Folder 'K:/Website backup/AE2020Spring/.git'
2020-05-09 14:46:06: Create Folder 'K:/Website backup/AE2020Spring/.git/hooks'
2020-05-09 14:46:06: Create Folder 'K:/Website backup/AE2020Spring/.git/info'
2020-05-09 14:46:06: Create Folder 'K:/Website backup/AE2020Spring/.git/logs'
2020-05-09 14:46:07: Create Folder 'K:/Website backup/AE2020Spring/.git/logs/refs'
2020-05-09 14:46:07: Create Folder 'K:/Website backup/AE2020Spring/.git/logs/refs/heads'
2020-05-09 14:46:07: Create Folder 'K:/Website backup/AE2020Spring/.git/logs/refs/remotes'
2020-05-09 14:46:07: Create Folder 'K:/Website backup/AE2020Spring/.git/logs/refs/remotes/origin'
2020-05-09 14:46:07: Create Folder 'K:/Website backup/AE2020Spring/.git/objects'
2020-05-09 14:46:07: Create Folder 'K:/Website backup/AE2020Spring/.git/objects/08'
2020-05-09 14:46:07: Create Folder 'K:/Website backup/AE2020Spring/.git/objects/21'
2020-05-09 14:46:07: Create Folder 'K:/Website backup/AE2020Spring/.git/objects/29'
2020-05-09 14:46:07: Create Folder 'K:/Website backup/AE2020Spring/.git/objects/6c'
2020-05-09 14:46:07: Create Folder 'K:/Website backup/AE2020Spring/.git/objects/d8'
2020-05-09 14:46:07: Create Folder 'K:/Website backup/AE2020Spring/.git/objects/dd'
2020-05-09 14:46:07: Create Folder 'K:/Website backup/AE2020Spring/.git/objects/e3'
2020-05-09 14:46:07: Create Folder 'K:/Website backup/AE2020Spring/.git/objects/info'
2020-05-09 14:46:07: Create Folder 'K:/Website backup/AE2020Spring/.git/objects/pack'
2020-05-09 14:46:08: Create Folder 'K:/Website backup/AE2020Spring/.git/refs'
2020-05-09 14:46:08: Create Folder 'K:/Website backup/AE2020Spring/.git/refs/heads'
2020-05-09 14:46:08: Create Folder 'K:/Website backup/AE2020Spring/.git/refs/remotes'
2020-05-09 14:46:08: Create Folder 'K:/Website backup/AE2020Spring/.git/refs/remotes/origin'
2020-05-09 14:46:08: Create Folder 'K:/Website backup/AE2020Spring/.git/refs/tags'
2020-05-09 14:46:08: Copy New 'L:/Github/spring/.git/COMMIT_EDITMSG' -> 'K:/Website backup/AE2020Spring/.git/COMMIT_EDITMSG' (30)
2020-05-09 14:46:08: Copy New 'L:/Github/spring/.git/config' -> 'K:/Website backup/AE2020Spring/.git/config' (329)
2020-05-09 14:46:08: Copy New 'L:/Github/spring/.git/description' -> 'K:/Website backup/AE2020Spring/.git/description' (73)
2020-05-09 14:46:09: Copy New 'L:/Github/spring/.git/FETCH_HEAD' -> 'K:/Website backup/AE2020Spring/.git/FETCH_HEAD' (100)
2020-05-09 14:46:09: Copy New 'L:/Github/spring/.git/HEAD' -> 'K:/Website backup/AE2020Spring/.git/HEAD' (23)
2020-05-09 14:46:09: Copy New 'L:/Github/spring/.git/hooks/applypatch-msg.sample' -> 'K:/Website backup/AE2020Spring/.git/hooks/applypatch-msg.sample' (478)
2020-05-09 14:46:09: Copy New 'L:/Github/spring/.git/hooks/commit-msg.sample' -> 'K:/Website backup/AE2020Spring/.git/hooks/commit-msg.sample' (896)
2020-05-09 14:46:09: Copy New 'L:/Github/spring/.git/hooks/fsmonitor-watchman.sample' -> 'K:/Website backup/AE2020Spring/.git/hooks/fsmonitor-watchman.sample' (3,327)
2020-05-09 14:46:10: Copy New 'L:/Github/spring/.git/hooks/post-update.sample' -> 'K:/Website backup/AE2020Spring/.git/hooks/post-update.sample' (189)
2020-05-09 14:46:10: Copy New 'L:/Github/spring/.git/hooks/pre-applypatch.sample' -> 'K:/Website backup/AE2020Spring/.git/hooks/pre-applypatch.sample' (424)
2020-05-09 14:46:10: Copy New 'L:/Github/spring/.git/hooks/pre-commit.sample' -> 'K:/Website backup/AE2020Spring/.git/hooks/pre-commit.sample' (1,638)
2020-05-09 14:46:10: Copy New 'L:/Github/spring/.git/hooks/pre-push.sample' -> 'K:/Website backup/AE2020Spring/.git/hooks/pre-push.sample' (1,348)
2020-05-09 14:46:10: Copy New 'L:/Github/spring/.git/hooks/pre-rebase.sample' -> 'K:/Website backup/AE2020Spring/.git/hooks/pre-rebase.sample' (4,898)
2020-05-09 14:46:11: Copy New 'L:/Github/spring/.git/hooks/pre-receive.sample' -> 'K:/Website backup/AE2020Spring/.git/hooks/pre-receive.sample' (544)
2020-05-09 14:46:11: Copy New 'L:/Github/spring/.git/hooks/prepare-commit-msg.sample' -> 'K:/Website backup/AE2020Spring/.git/hooks/prepare-commit-msg.sample' (1,492)
2020-05-09 14:46:11: Copy New 'L:/Github/spring/.git/hooks/update.sample' -> 'K:/Website backup/AE2020Spring/.git/hooks/update.sample' (3,610)
2020-05-09 14:46:11: Copy New 'L:/Github/spring/.git/index' -> 'K:/Website backup/AE2020Spring/.git/index' (5,185)
2020-05-09 14:46:12: Copy New 'L:/Github/spring/.git/info/exclude' -> 'K:/Website backup/AE2020Spring/.git/info/exclude' (240)
2020-05-09 14:46:12: Copy New 'L:/Github/spring/.git/logs/HEAD' -> 'K:/Website backup/AE2020Spring/.git/logs/HEAD' (527)
2020-05-09 14:46:12: Copy New 'L:/Github/spring/.git/logs/refs/heads/master' -> 'K:/Website backup/AE2020Spring/.git/logs/refs/heads/master' (527)
2020-05-09 14:46:12: Copy New 'L:/Github/spring/.git/logs/refs/remotes/origin/HEAD' -> 'K:/Website backup/AE2020Spring/.git/logs/refs/remotes/origin/HEAD' (191)
2020-05-09 14:46:12: Copy New 'L:/Github/spring/.git/logs/refs/remotes/origin/master' -> 'K:/Website backup/AE2020Spring/.git/logs/refs/remotes/origin/master' (302)
2020-05-09 14:46:13: Copy New 'L:/Github/spring/.git/objects/08/9acf6c01ede159d5c1d34315f795c078b36918' -> 'K:/Website backup/AE2020Spring/.git/objects/08/9acf6c01ede159d5c1d34315f795c078b36918' (466)
2020-05-09 14:46:13: Copy New 'L:/Github/spring/.git/objects/21/becc349168c6dbdce8af89c39022384c45eb68' -> 'K:/Website backup/AE2020Spring/.git/objects/21/becc349168c6dbdce8af89c39022384c45eb68' (178)
2020-05-09 14:46:13: Copy New 'L:/Github/spring/.git/objects/29/90a3e091e2d45e2943beed09a4d0b50c97f676' -> 'K:/Website backup/AE2020Spring/.git/objects/29/90a3e091e2d45e2943beed09a4d0b50c97f676' (170)
2020-05-09 14:46:13: Copy New 'L:/Github/spring/.git/objects/6c/c078560dac8a329455742ba816a2b27f25b00c' -> 'K:/Website backup/AE2020Spring/.git/objects/6c/c078560dac8a329455742ba816a2b27f25b00c' (200)
2020-05-09 14:46:13: Copy New 'L:/Github/spring/.git/objects/d8/96839803a2b74289404a8c72c8a61385ad894f' -> 'K:/Website backup/AE2020Spring/.git/objects/d8/96839803a2b74289404a8c72c8a61385ad894f' (5,574)
2020-05-09 14:46:14: Copy New 'L:/Github/spring/.git/objects/dd/4aeb870ea16cd31e8e8bbd327665ddcfb6c8a1' -> 'K:/Website backup/AE2020Spring/.git/objects/dd/4aeb870ea16cd31e8e8bbd327665ddcfb6c8a1' (1,970)
2020-05-09 14:46:14: Copy New 'L:/Github/spring/.git/objects/e3/7f67f29aa26036c95b59cfdd2ef7ff84624d3d' -> 'K:/Website backup/AE2020Spring/.git/objects/e3/7f67f29aa26036c95b59cfdd2ef7ff84624d3d' (466)
2020-05-09 14:46:14: Copy New 'L:/Github/spring/.git/objects/pack/pack-b32eab5c5ce6b6ae97e6dd86675a8350134c97e0.idx' -> 'K:/Website backup/AE2020Spring/.git/objects/pack/pack-b32eab5c5ce6b6ae97e6dd86675a8350134c97e0.idx' (3,088)
2020-05-09 14:46:15: Copy New 'L:/Github/spring/.git/objects/pack/pack-b32eab5c5ce6b6ae97e6dd86675a8350134c97e0.pack' -> 'K:/Website backup/AE2020Spring/.git/objects/pack/pack-b32eab5c5ce6b6ae97e6dd86675a8350134c97e0.pack' (3,672,040)
2020-05-09 14:46:15: Copy New 'L:/Github/spring/.git/packed-refs' -> 'K:/Website backup/AE2020Spring/.git/packed-refs' (114)
2020-05-09 14:46:15: Copy New 'L:/Github/spring/.git/refs/heads/master' -> 'K:/Website backup/AE2020Spring/.git/refs/heads/master' (41)
2020-05-09 14:46:16: Copy New 'L:/Github/spring/.git/refs/remotes/origin/HEAD' -> 'K:/Website backup/AE2020Spring/.git/refs/remotes/origin/HEAD' (32)
2020-05-09 14:46:16: Copy New 'L:/Github/spring/.git/refs/remotes/origin/master' -> 'K:/Website backup/AE2020Spring/.git/refs/remotes/origin/master' (41)
2020-05-09 14:46:16: Copy Over 'L:/Github/spring/classrooms.html' -> 'K:/Website backup/AE2020Spring/classrooms.html' (10,348)
2020-05-09 14:46:17: Copy Over 'L:/Github/spring/css/bootstrap.min.css' -> 'K:/Website backup/AE2020Spring/css/bootstrap.min.css' (174,014)
2020-05-09 14:46:17: Copy Over 'L:/Github/spring/css/style.css' -> 'K:/Website backup/AE2020Spring/css/style.css' (13,329)
2020-05-09 14:46:17: Copy Over 'L:/Github/spring/css/tabs.css' -> 'K:/Website backup/AE2020Spring/css/tabs.css' (1,351)
2020-05-09 14:46:17: Copy Over 'L:/Github/spring/css/ticker.css' -> 'K:/Website backup/AE2020Spring/css/ticker.css' (730)
2020-05-09 14:46:18: Copy Over 'L:/Github/spring/grades.html' -> 'K:/Website backup/AE2020Spring/grades.html' (9,239)
2020-05-09 14:46:18: Copy Over 'L:/Github/spring/gulpfile.js' -> 'K:/Website backup/AE2020Spring/gulpfile.js' (3,640)
2020-05-09 14:46:18: Copy Over 'L:/Github/spring/img/external-black.png' -> 'K:/Website backup/AE2020Spring/img/external-black.png' (500)
2020-05-09 14:46:19: Copy Over 'L:/Github/spring/img/external.png' -> 'K:/Website backup/AE2020Spring/img/external.png' (1,824)
2020-05-09 14:46:19: Copy Over 'L:/Github/spring/img/Facebook.png' -> 'K:/Website backup/AE2020Spring/img/Facebook.png' (2,967)
2020-05-09 14:46:19: Copy Over 'L:/Github/spring/img/favicon-16x16.png' -> 'K:/Website backup/AE2020Spring/img/favicon-16x16.png' (1,574)
2020-05-09 14:46:19: Copy Over 'L:/Github/spring/img/favicon-32x32.png' -> 'K:/Website backup/AE2020Spring/img/favicon-32x32.png' (2,077)
2020-05-09 14:46:20: Copy Over 'L:/Github/spring/img/Instagram.png' -> 'K:/Website backup/AE2020Spring/img/Instagram.png' (3,586)
2020-05-09 14:46:20: Copy Over 'L:/Github/spring/img/LastFM.png' -> 'K:/Website backup/AE2020Spring/img/LastFM.png' (3,975)
2020-05-09 14:46:20: Copy Over 'L:/Github/spring/img/livestream.jpg' -> 'K:/Website backup/AE2020Spring/img/livestream.jpg' (154,645)
2020-05-09 14:46:20: Copy Over 'L:/Github/spring/img/logo.gif' -> 'K:/Website backup/AE2020Spring/img/logo.gif' (7,235)
2020-05-09 14:46:21: Copy Over 'L:/Github/spring/img/logo.jpg' -> 'K:/Website backup/AE2020Spring/img/logo.jpg' (20,005)
2020-05-09 14:46:21: Copy Over 'L:/Github/spring/img/logo.png' -> 'K:/Website backup/AE2020Spring/img/logo.png' (15,493)
2020-05-09 14:46:21: Copy Over 'L:/Github/spring/img/message.jpg' -> 'K:/Website backup/AE2020Spring/img/message.jpg' (3,626)
2020-05-09 14:46:21: Copy Over 'L:/Github/spring/img/modal/message-1.jpg' -> 'K:/Website backup/AE2020Spring/img/modal/message-1.jpg' (75,362)
2020-05-09 14:46:21: Copy Over 'L:/Github/spring/img/modal/message-2.jpg' -> 'K:/Website backup/AE2020Spring/img/modal/message-2.jpg' (29,909)
2020-05-09 14:46:22: Copy Over 'L:/Github/spring/img/modal/messaging.jpg' -> 'K:/Website backup/AE2020Spring/img/modal/messaging.jpg' (31,856)
2020-05-09 14:46:22: Copy Over 'L:/Github/spring/img/modal.afphoto' -> 'K:/Website backup/AE2020Spring/img/modal.afphoto' (1,567,051)
2020-05-09 14:46:22: Copy Over 'L:/Github/spring/img/thumbs/animals-thumb.jpg' -> 'K:/Website backup/AE2020Spring/img/thumbs/animals-thumb.jpg' (10,516)
2020-05-09 14:46:23: Copy Over 'L:/Github/spring/img/welcome.jpg' -> 'K:/Website backup/AE2020Spring/img/welcome.jpg' (49,877)
2020-05-09 14:46:23: Copy Over 'L:/Github/spring/img/welcome.webp' -> 'K:/Website backup/AE2020Spring/img/welcome.webp' (15,350)
2020-05-09 14:46:23: Copy Over 'L:/Github/spring/index.html' -> 'K:/Website backup/AE2020Spring/index.html' (17,315)
2020-05-09 14:46:23: Copy Over 'L:/Github/spring/js/bootstrap/bootstrap.bundle.min.js' -> 'K:/Website backup/AE2020Spring/js/bootstrap/bootstrap.bundle.min.js' (69,459)
2020-05-09 14:46:24: Copy Over 'L:/Github/spring/js/custom.js' -> 'K:/Website backup/AE2020Spring/js/custom.js' (934)
2020-05-09 14:46:24: Copy Over 'L:/Github/spring/js/jquery/jquery.js' -> 'K:/Website backup/AE2020Spring/js/jquery/jquery.js' (278,292)
2020-05-09 14:46:24: Copy Over 'L:/Github/spring/js/jquery/jquery.min.js' -> 'K:/Website backup/AE2020Spring/js/jquery/jquery.min.js' (86,663)
2020-05-09 14:46:25: Copy Over 'L:/Github/spring/js/jquery-easing/jquery.easing.compatibility.js' -> 'K:/Website backup/AE2020Spring/js/jquery-easing/jquery.easing.compatibility.js' (1,715)
2020-05-09 14:46:25: Copy Over 'L:/Github/spring/js/jquery-easing/jquery.easing.js' -> 'K:/Website backup/AE2020Spring/js/jquery-easing/jquery.easing.js' (4,213)
2020-05-09 14:46:25: Copy Over 'L:/Github/spring/js/jquery-easing/jquery.easing.min.js' -> 'K:/Website backup/AE2020Spring/js/jquery-easing/jquery.easing.min.js' (2,532)
2020-05-09 14:46:26: Copy Over 'L:/Github/spring/message.html' -> 'K:/Website backup/AE2020Spring/message.html' (8,159)
2020-05-09 14:46:26: Copy Over 'L:/Github/spring/practice/block1/animals.pdf' -> 'K:/Website backup/AE2020Spring/practice/block1/animals.pdf' (289,517)
2020-05-09 14:46:26: Copy Over 'L:/Github/spring/practice/block1/buildings.pdf' -> 'K:/Website backup/AE2020Spring/practice/block1/buildings.pdf' (456,328)
2020-05-09 14:46:27: Copy Over 'L:/Github/spring/practice/block1/family.pdf' -> 'K:/Website backup/AE2020Spring/practice/block1/family.pdf' (71,766)
2020-05-09 14:46:27: Copy Over 'L:/Github/spring/practice/block1/fruit.pdf' -> 'K:/Website backup/AE2020Spring/practice/block1/fruit.pdf' (313,092)
2020-05-09 14:46:27: Copy Over 'L:/Github/spring/practice/block1/household.pdf' -> 'K:/Website backup/AE2020Spring/practice/block1/household.pdf' (362,377)
2020-05-09 14:46:28: Copy Over 'L:/Github/spring/practice/block2/mathematics.pdf' -> 'K:/Website backup/AE2020Spring/practice/block2/mathematics.pdf' (102,909)
2020-05-09 14:46:28: Copy Over 'L:/Github/spring/practice/block2/nature.pdf' -> 'K:/Website backup/AE2020Spring/practice/block2/nature.pdf' (73,715)
2020-05-09 14:46:28: Copy New 'L:/Github/spring/README.md' -> 'K:/Website backup/AE2020Spring/README.md' (54)
2020-05-09 14:46:28: Copy Over 'L:/Github/spring/sent.html' -> 'K:/Website backup/AE2020Spring/sent.html' (5,017)
2020-05-09 14:46:29: Copy Over 'L:/Github/spring/splitscreen/css/normalize.css' -> 'K:/Website backup/AE2020Spring/splitscreen/css/normalize.css' (2,166)
2020-05-09 14:46:29: Copy Over 'L:/Github/spring/splitscreen/css/style.css' -> 'K:/Website backup/AE2020Spring/splitscreen/css/style.css' (1,421)
2020-05-09 14:46:29: Copy Over 'L:/Github/spring/splitscreen/css/tabs.css' -> 'K:/Website backup/AE2020Spring/splitscreen/css/tabs.css' (1,320)
2020-05-09 14:46:29: Copy Over 'L:/Github/spring/splitscreen/css/xopixel.css' -> 'K:/Website backup/AE2020Spring/splitscreen/css/xopixel.css' (1,002)
2020-05-09 14:46:30: Copy Over 'L:/Github/spring/splitscreen/favicon-16x16.png' -> 'K:/Website backup/AE2020Spring/splitscreen/favicon-16x16.png' (1,574)
2020-05-09 14:46:30: Copy Over 'L:/Github/spring/splitscreen/favicon-32x32.png' -> 'K:/Website backup/AE2020Spring/splitscreen/favicon-32x32.png' (2,077)
2020-05-09 14:46:30: Copy Over 'L:/Github/spring/splitscreen/index.html' -> 'K:/Website backup/AE2020Spring/splitscreen/index.html' (5,054)
2020-05-09 14:46:30: Copy Over 'L:/Github/spring/splitscreen/livestream-viewer.html' -> 'K:/Website backup/AE2020Spring/splitscreen/livestream-viewer.html' (5,107)
2020-05-09 14:46:31: Copy Over 'L:/Github/spring/textbook.html' -> 'K:/Website backup/AE2020Spring/textbook.html' (10,760)
2020-05-09 14:46:31: Copy Over 'L:/Github/spring/tutorials.html' -> 'K:/Website backup/AE2020Spring/tutorials.html' (5,595)
2020-05-09 14:46:31: == Sync Complete. Time: 00:00:25, Speed: 608.96 KB/s, OK: 130, Errors: 0
2020-05-09 14:46:31: 
