2020-05-11 00:01:06: == Sync Started by User Command
2020-05-11 00:01:06: Delete File 'K:/Website backup/AE2020Spring/.gitattributes'
2020-05-11 00:01:06: Delete Folder 'K:/Website backup/AE2020Spring/splitscreen/images'
2020-05-11 00:01:06: Create Folder 'K:/Website backup/AE2020Spring/.git'
2020-05-11 00:01:06: Create Folder 'K:/Website backup/AE2020Spring/.git/hooks'
2020-05-11 00:01:06: Create Folder 'K:/Website backup/AE2020Spring/.git/info'
2020-05-11 00:01:07: Create Folder 'K:/Website backup/AE2020Spring/.git/logs'
2020-05-11 00:01:07: Create Folder 'K:/Website backup/AE2020Spring/.git/logs/refs'
2020-05-11 00:01:07: Create Folder 'K:/Website backup/AE2020Spring/.git/logs/refs/heads'
2020-05-11 00:01:07: Create Folder 'K:/Website backup/AE2020Spring/.git/logs/refs/remotes'
2020-05-11 00:01:07: Create Folder 'K:/Website backup/AE2020Spring/.git/logs/refs/remotes/origin'
2020-05-11 00:01:07: Create Folder 'K:/Website backup/AE2020Spring/.git/objects'
2020-05-11 00:01:07: Create Folder 'K:/Website backup/AE2020Spring/.git/objects/03'
2020-05-11 00:01:07: Create Folder 'K:/Website backup/AE2020Spring/.git/objects/04'
2020-05-11 00:01:07: Create Folder 'K:/Website backup/AE2020Spring/.git/objects/08'
2020-05-11 00:01:07: Create Folder 'K:/Website backup/AE2020Spring/.git/objects/09'
2020-05-11 00:01:07: Create Folder 'K:/Website backup/AE2020Spring/.git/objects/0e'
2020-05-11 00:01:07: Create Folder 'K:/Website backup/AE2020Spring/.git/objects/0f'
2020-05-11 00:01:07: Create Folder 'K:/Website backup/AE2020Spring/.git/objects/11'
2020-05-11 00:01:08: Create Folder 'K:/Website backup/AE2020Spring/.git/objects/15'
2020-05-11 00:01:08: Create Folder 'K:/Website backup/AE2020Spring/.git/objects/16'
2020-05-11 00:01:08: Create Folder 'K:/Website backup/AE2020Spring/.git/objects/18'
2020-05-11 00:01:08: Create Folder 'K:/Website backup/AE2020Spring/.git/objects/19'
2020-05-11 00:01:08: Create Folder 'K:/Website backup/AE2020Spring/.git/objects/1e'
2020-05-11 00:01:08: Create Folder 'K:/Website backup/AE2020Spring/.git/objects/20'
2020-05-11 00:01:08: Create Folder 'K:/Website backup/AE2020Spring/.git/objects/21'
2020-05-11 00:01:08: Create Folder 'K:/Website backup/AE2020Spring/.git/objects/26'
2020-05-11 00:01:08: Create Folder 'K:/Website backup/AE2020Spring/.git/objects/28'
2020-05-11 00:01:08: Create Folder 'K:/Website backup/AE2020Spring/.git/objects/29'
2020-05-11 00:01:08: Create Folder 'K:/Website backup/AE2020Spring/.git/objects/2c'
2020-05-11 00:01:09: Create Folder 'K:/Website backup/AE2020Spring/.git/objects/3a'
2020-05-11 00:01:09: Create Folder 'K:/Website backup/AE2020Spring/.git/objects/3d'
2020-05-11 00:01:09: Create Folder 'K:/Website backup/AE2020Spring/.git/objects/46'
2020-05-11 00:01:09: Create Folder 'K:/Website backup/AE2020Spring/.git/objects/48'
2020-05-11 00:01:09: Create Folder 'K:/Website backup/AE2020Spring/.git/objects/4a'
2020-05-11 00:01:09: Create Folder 'K:/Website backup/AE2020Spring/.git/objects/4b'
2020-05-11 00:01:09: Create Folder 'K:/Website backup/AE2020Spring/.git/objects/4c'
2020-05-11 00:01:09: Create Folder 'K:/Website backup/AE2020Spring/.git/objects/55'
2020-05-11 00:01:09: Create Folder 'K:/Website backup/AE2020Spring/.git/objects/58'
2020-05-11 00:01:10: Create Folder 'K:/Website backup/AE2020Spring/.git/objects/5b'
2020-05-11 00:01:10: Create Folder 'K:/Website backup/AE2020Spring/.git/objects/62'
2020-05-11 00:01:10: Create Folder 'K:/Website backup/AE2020Spring/.git/objects/68'
2020-05-11 00:01:10: Create Folder 'K:/Website backup/AE2020Spring/.git/objects/69'
2020-05-11 00:01:10: Create Folder 'K:/Website backup/AE2020Spring/.git/objects/6c'
2020-05-11 00:01:10: Create Folder 'K:/Website backup/AE2020Spring/.git/objects/7c'
2020-05-11 00:01:10: Create Folder 'K:/Website backup/AE2020Spring/.git/objects/7d'
2020-05-11 00:01:10: Create Folder 'K:/Website backup/AE2020Spring/.git/objects/7e'
2020-05-11 00:01:10: Create Folder 'K:/Website backup/AE2020Spring/.git/objects/83'
2020-05-11 00:01:10: Create Folder 'K:/Website backup/AE2020Spring/.git/objects/85'
2020-05-11 00:01:10: Create Folder 'K:/Website backup/AE2020Spring/.git/objects/8a'
2020-05-11 00:01:10: Create Folder 'K:/Website backup/AE2020Spring/.git/objects/8f'
2020-05-11 00:01:10: Create Folder 'K:/Website backup/AE2020Spring/.git/objects/93'
2020-05-11 00:01:10: Create Folder 'K:/Website backup/AE2020Spring/.git/objects/96'
2020-05-11 00:01:11: Create Folder 'K:/Website backup/AE2020Spring/.git/objects/9d'
2020-05-11 00:01:11: Create Folder 'K:/Website backup/AE2020Spring/.git/objects/a3'
2020-05-11 00:01:11: Create Folder 'K:/Website backup/AE2020Spring/.git/objects/a7'
2020-05-11 00:01:11: Create Folder 'K:/Website backup/AE2020Spring/.git/objects/bd'
2020-05-11 00:01:11: Create Folder 'K:/Website backup/AE2020Spring/.git/objects/bf'
2020-05-11 00:01:11: Create Folder 'K:/Website backup/AE2020Spring/.git/objects/c1'
2020-05-11 00:01:11: Create Folder 'K:/Website backup/AE2020Spring/.git/objects/c5'
2020-05-11 00:01:11: Create Folder 'K:/Website backup/AE2020Spring/.git/objects/c7'
2020-05-11 00:01:11: Create Folder 'K:/Website backup/AE2020Spring/.git/objects/cf'
2020-05-11 00:01:12: Create Folder 'K:/Website backup/AE2020Spring/.git/objects/d2'
2020-05-11 00:01:12: Create Folder 'K:/Website backup/AE2020Spring/.git/objects/d8'
2020-05-11 00:01:12: Create Folder 'K:/Website backup/AE2020Spring/.git/objects/da'
2020-05-11 00:01:12: Create Folder 'K:/Website backup/AE2020Spring/.git/objects/dd'
2020-05-11 00:01:12: Create Folder 'K:/Website backup/AE2020Spring/.git/objects/e3'
2020-05-11 00:01:12: Create Folder 'K:/Website backup/AE2020Spring/.git/objects/e7'
2020-05-11 00:01:12: Create Folder 'K:/Website backup/AE2020Spring/.git/objects/ee'
2020-05-11 00:01:12: Create Folder 'K:/Website backup/AE2020Spring/.git/objects/f3'
2020-05-11 00:01:12: Create Folder 'K:/Website backup/AE2020Spring/.git/objects/f5'
2020-05-11 00:01:12: Create Folder 'K:/Website backup/AE2020Spring/.git/objects/fd'
2020-05-11 00:01:12: Create Folder 'K:/Website backup/AE2020Spring/.git/objects/info'
2020-05-11 00:01:12: Create Folder 'K:/Website backup/AE2020Spring/.git/objects/pack'
2020-05-11 00:01:12: Create Folder 'K:/Website backup/AE2020Spring/.git/refs'
2020-05-11 00:01:13: Create Folder 'K:/Website backup/AE2020Spring/.git/refs/heads'
2020-05-11 00:01:13: Create Folder 'K:/Website backup/AE2020Spring/.git/refs/remotes'
2020-05-11 00:01:13: Create Folder 'K:/Website backup/AE2020Spring/.git/refs/remotes/origin'
2020-05-11 00:01:13: Create Folder 'K:/Website backup/AE2020Spring/.git/refs/tags'
2020-05-11 00:01:13: Copy New 'L:/Github/spring/.git/COMMIT_EDITMSG' -> 'K:/Website backup/AE2020Spring/.git/COMMIT_EDITMSG' (23)
2020-05-11 00:01:13: Copy New 'L:/Github/spring/.git/config' -> 'K:/Website backup/AE2020Spring/.git/config' (329)
2020-05-11 00:01:13: Copy New 'L:/Github/spring/.git/description' -> 'K:/Website backup/AE2020Spring/.git/description' (73)
2020-05-11 00:01:14: Copy New 'L:/Github/spring/.git/FETCH_HEAD' -> 'K:/Website backup/AE2020Spring/.git/FETCH_HEAD' (100)
2020-05-11 00:01:14: Copy New 'L:/Github/spring/.git/HEAD' -> 'K:/Website backup/AE2020Spring/.git/HEAD' (23)
2020-05-11 00:01:14: Copy New 'L:/Github/spring/.git/hooks/applypatch-msg.sample' -> 'K:/Website backup/AE2020Spring/.git/hooks/applypatch-msg.sample' (478)
2020-05-11 00:01:14: Copy New 'L:/Github/spring/.git/hooks/commit-msg.sample' -> 'K:/Website backup/AE2020Spring/.git/hooks/commit-msg.sample' (896)
2020-05-11 00:01:14: Copy New 'L:/Github/spring/.git/hooks/fsmonitor-watchman.sample' -> 'K:/Website backup/AE2020Spring/.git/hooks/fsmonitor-watchman.sample' (3,327)
2020-05-11 00:01:15: Copy New 'L:/Github/spring/.git/hooks/post-update.sample' -> 'K:/Website backup/AE2020Spring/.git/hooks/post-update.sample' (189)
2020-05-11 00:01:15: Copy New 'L:/Github/spring/.git/hooks/pre-applypatch.sample' -> 'K:/Website backup/AE2020Spring/.git/hooks/pre-applypatch.sample' (424)
2020-05-11 00:01:15: Copy New 'L:/Github/spring/.git/hooks/pre-commit.sample' -> 'K:/Website backup/AE2020Spring/.git/hooks/pre-commit.sample' (1,638)
2020-05-11 00:01:15: Copy New 'L:/Github/spring/.git/hooks/pre-push.sample' -> 'K:/Website backup/AE2020Spring/.git/hooks/pre-push.sample' (1,348)
2020-05-11 00:01:15: Copy New 'L:/Github/spring/.git/hooks/pre-rebase.sample' -> 'K:/Website backup/AE2020Spring/.git/hooks/pre-rebase.sample' (4,898)
2020-05-11 00:01:16: Copy New 'L:/Github/spring/.git/hooks/pre-receive.sample' -> 'K:/Website backup/AE2020Spring/.git/hooks/pre-receive.sample' (544)
2020-05-11 00:01:16: Copy New 'L:/Github/spring/.git/hooks/prepare-commit-msg.sample' -> 'K:/Website backup/AE2020Spring/.git/hooks/prepare-commit-msg.sample' (1,492)
2020-05-11 00:01:16: Copy New 'L:/Github/spring/.git/hooks/update.sample' -> 'K:/Website backup/AE2020Spring/.git/hooks/update.sample' (3,610)
2020-05-11 00:01:16: Copy New 'L:/Github/spring/.git/index' -> 'K:/Website backup/AE2020Spring/.git/index' (5,610)
2020-05-11 00:01:16: Copy New 'L:/Github/spring/.git/info/exclude' -> 'K:/Website backup/AE2020Spring/.git/info/exclude' (240)
2020-05-11 00:01:17: Copy New 'L:/Github/spring/.git/logs/HEAD' -> 'K:/Website backup/AE2020Spring/.git/logs/HEAD' (3,208)
2020-05-11 00:01:17: Copy New 'L:/Github/spring/.git/logs/refs/heads/master' -> 'K:/Website backup/AE2020Spring/.git/logs/refs/heads/master' (3,208)
2020-05-11 00:01:17: Copy New 'L:/Github/spring/.git/logs/refs/remotes/origin/HEAD' -> 'K:/Website backup/AE2020Spring/.git/logs/refs/remotes/origin/HEAD' (191)
2020-05-11 00:01:17: Copy New 'L:/Github/spring/.git/logs/refs/remotes/origin/master' -> 'K:/Website backup/AE2020Spring/.git/logs/refs/remotes/origin/master' (2,265)
2020-05-11 00:01:18: Copy New 'L:/Github/spring/.git/objects/03/92db4612d8f30611f798647595ad42da5badf0' -> 'K:/Website backup/AE2020Spring/.git/objects/03/92db4612d8f30611f798647595ad42da5badf0' (1,954)
2020-05-11 00:01:18: Copy New 'L:/Github/spring/.git/objects/03/ae9c29c57607d8b79a5a7a08765bb62048b9a2' -> 'K:/Website backup/AE2020Spring/.git/objects/03/ae9c29c57607d8b79a5a7a08765bb62048b9a2' (3,149)
2020-05-11 00:01:18: Copy New 'L:/Github/spring/.git/objects/04/1359ffad644079ac57033efd021da0ff439975' -> 'K:/Website backup/AE2020Spring/.git/objects/04/1359ffad644079ac57033efd021da0ff439975' (159)
2020-05-11 00:01:18: Copy New 'L:/Github/spring/.git/objects/08/9acf6c01ede159d5c1d34315f795c078b36918' -> 'K:/Website backup/AE2020Spring/.git/objects/08/9acf6c01ede159d5c1d34315f795c078b36918' (466)
2020-05-11 00:01:19: Copy New 'L:/Github/spring/.git/objects/09/ebdf9a0dc2ccaaaa72e22c47c8d64e1a0f1174' -> 'K:/Website backup/AE2020Spring/.git/objects/09/ebdf9a0dc2ccaaaa72e22c47c8d64e1a0f1174' (171)
2020-05-11 00:01:19: Copy New 'L:/Github/spring/.git/objects/0e/999eb09f8dcac882527634af376ee90dc18e1f' -> 'K:/Website backup/AE2020Spring/.git/objects/0e/999eb09f8dcac882527634af376ee90dc18e1f' (94)
2020-05-11 00:01:19: Copy New 'L:/Github/spring/.git/objects/0f/4d7ca1decb8b8bb3b81c82dfc148bc3de02f17' -> 'K:/Website backup/AE2020Spring/.git/objects/0f/4d7ca1decb8b8bb3b81c82dfc148bc3de02f17' (5,658)
2020-05-11 00:01:19: Copy New 'L:/Github/spring/.git/objects/11/d8539567c7363f8069523bbf5911b1474a2ea6' -> 'K:/Website backup/AE2020Spring/.git/objects/11/d8539567c7363f8069523bbf5911b1474a2ea6' (168)
2020-05-11 00:01:20: Copy New 'L:/Github/spring/.git/objects/15/d1135a6d899dc8d8ccbcfa7e46534a0cd6c14a' -> 'K:/Website backup/AE2020Spring/.git/objects/15/d1135a6d899dc8d8ccbcfa7e46534a0cd6c14a' (466)
2020-05-11 00:01:20: Copy New 'L:/Github/spring/.git/objects/16/6bcbb31dbc8d203dae7e4b527d371f74f83164' -> 'K:/Website backup/AE2020Spring/.git/objects/16/6bcbb31dbc8d203dae7e4b527d371f74f83164' (2,374)
2020-05-11 00:01:20: Copy New 'L:/Github/spring/.git/objects/18/88fb3bdaaf4fef51a394e75c07c58b9a63252f' -> 'K:/Website backup/AE2020Spring/.git/objects/18/88fb3bdaaf4fef51a394e75c07c58b9a63252f' (179)
2020-05-11 00:01:21: Copy New 'L:/Github/spring/.git/objects/19/f11b9a7007c7e0371f33fdc2bce196d09d44af' -> 'K:/Website backup/AE2020Spring/.git/objects/19/f11b9a7007c7e0371f33fdc2bce196d09d44af' (498)
2020-05-11 00:01:21: Copy New 'L:/Github/spring/.git/objects/1e/bb517f73abfb39952f42d503d37dba773dd763' -> 'K:/Website backup/AE2020Spring/.git/objects/1e/bb517f73abfb39952f42d503d37dba773dd763' (2,783)
2020-05-11 00:01:21: Copy New 'L:/Github/spring/.git/objects/20/5ceff0141a4905a80a6f2319139c7aba9ad659' -> 'K:/Website backup/AE2020Spring/.git/objects/20/5ceff0141a4905a80a6f2319139c7aba9ad659' (203)
2020-05-11 00:01:21: Copy New 'L:/Github/spring/.git/objects/21/00d0e3b3f25b34bbd8a36beb8fd30940f032b4' -> 'K:/Website backup/AE2020Spring/.git/objects/21/00d0e3b3f25b34bbd8a36beb8fd30940f032b4' (168)
2020-05-11 00:01:21: Copy New 'L:/Github/spring/.git/objects/21/becc349168c6dbdce8af89c39022384c45eb68' -> 'K:/Website backup/AE2020Spring/.git/objects/21/becc349168c6dbdce8af89c39022384c45eb68' (178)
2020-05-11 00:01:22: Copy New 'L:/Github/spring/.git/objects/21/d07dc987729b43f7b98140f02f54585bde5109' -> 'K:/Website backup/AE2020Spring/.git/objects/21/d07dc987729b43f7b98140f02f54585bde5109' (498)
2020-05-11 00:01:22: Copy New 'L:/Github/spring/.git/objects/26/c36bd3f96cc16e7e6e3e92f5b2e6fb874764f5' -> 'K:/Website backup/AE2020Spring/.git/objects/26/c36bd3f96cc16e7e6e3e92f5b2e6fb874764f5' (498)
2020-05-11 00:01:22: Copy New 'L:/Github/spring/.git/objects/28/9d865511eafd74e4489cdc97001aed02b29a4f' -> 'K:/Website backup/AE2020Spring/.git/objects/28/9d865511eafd74e4489cdc97001aed02b29a4f' (173)
2020-05-11 00:01:23: Copy New 'L:/Github/spring/.git/objects/29/90a3e091e2d45e2943beed09a4d0b50c97f676' -> 'K:/Website backup/AE2020Spring/.git/objects/29/90a3e091e2d45e2943beed09a4d0b50c97f676' (170)
2020-05-11 00:01:23: Copy New 'L:/Github/spring/.git/objects/2c/0d71dc1dd6bbeef56aa9526453135a48385dbf' -> 'K:/Website backup/AE2020Spring/.git/objects/2c/0d71dc1dd6bbeef56aa9526453135a48385dbf' (498)
2020-05-11 00:01:23: Copy New 'L:/Github/spring/.git/objects/3a/8f0ec4ecab421d6110425658e328485389ceb2' -> 'K:/Website backup/AE2020Spring/.git/objects/3a/8f0ec4ecab421d6110425658e328485389ceb2' (5,871)
2020-05-11 00:01:23: Copy New 'L:/Github/spring/.git/objects/3d/e3589a7b3822af53f54974f5313d5830a1fa5d' -> 'K:/Website backup/AE2020Spring/.git/objects/3d/e3589a7b3822af53f54974f5313d5830a1fa5d' (498)
2020-05-11 00:01:23: Copy New 'L:/Github/spring/.git/objects/46/89ca8a8cd88b5648047788b39cdfe7fe668f6f' -> 'K:/Website backup/AE2020Spring/.git/objects/46/89ca8a8cd88b5648047788b39cdfe7fe668f6f' (2,178)
2020-05-11 00:01:24: Copy New 'L:/Github/spring/.git/objects/48/a2eb7393a8f3a9838e9114a9329b3bc8283066' -> 'K:/Website backup/AE2020Spring/.git/objects/48/a2eb7393a8f3a9838e9114a9329b3bc8283066' (200)
2020-05-11 00:01:24: Copy New 'L:/Github/spring/.git/objects/4a/3d949148dd3a6104b9b0dcb0abf0a30e1c0aa8' -> 'K:/Website backup/AE2020Spring/.git/objects/4a/3d949148dd3a6104b9b0dcb0abf0a30e1c0aa8' (5,883)
2020-05-11 00:01:24: Copy New 'L:/Github/spring/.git/objects/4b/b22ceaec1fc997ead893a5eb46bf4035f21458' -> 'K:/Website backup/AE2020Spring/.git/objects/4b/b22ceaec1fc997ead893a5eb46bf4035f21458' (532)
2020-05-11 00:01:24: Copy New 'L:/Github/spring/.git/objects/4c/25cdcea33cda8998c6cad884682d82b8d526b9' -> 'K:/Website backup/AE2020Spring/.git/objects/4c/25cdcea33cda8998c6cad884682d82b8d526b9' (5,643)
2020-05-11 00:01:25: Copy New 'L:/Github/spring/.git/objects/4c/749776d4ddd758898d4d574d43442aeda9f0fe' -> 'K:/Website backup/AE2020Spring/.git/objects/4c/749776d4ddd758898d4d574d43442aeda9f0fe' (531)
2020-05-11 00:01:25: Copy New 'L:/Github/spring/.git/objects/55/7ec49707a12ac1f0dce9841d4b07d891bc672a' -> 'K:/Website backup/AE2020Spring/.git/objects/55/7ec49707a12ac1f0dce9841d4b07d891bc672a' (2,119)
2020-05-11 00:01:25: Copy New 'L:/Github/spring/.git/objects/58/874eff818a94c27d55c92f19afde2ab7d9d087' -> 'K:/Website backup/AE2020Spring/.git/objects/58/874eff818a94c27d55c92f19afde2ab7d9d087' (2,305)
2020-05-11 00:01:25: Copy New 'L:/Github/spring/.git/objects/5b/61aa85e6ef028c189ff487b1045acf247d889d' -> 'K:/Website backup/AE2020Spring/.git/objects/5b/61aa85e6ef028c189ff487b1045acf247d889d' (171)
2020-05-11 00:01:26: Copy New 'L:/Github/spring/.git/objects/5b/8bd6d8188ac357604de1eaf474675d91be97f9' -> 'K:/Website backup/AE2020Spring/.git/objects/5b/8bd6d8188ac357604de1eaf474675d91be97f9' (200)
2020-05-11 00:01:26: Copy New 'L:/Github/spring/.git/objects/62/59418627f95b43c30ecd94355de8a109e2faa7' -> 'K:/Website backup/AE2020Spring/.git/objects/62/59418627f95b43c30ecd94355de8a109e2faa7' (498)
2020-05-11 00:01:26: Copy New 'L:/Github/spring/.git/objects/62/b9e671d01ce3c71dc263359de76e980a101ba1' -> 'K:/Website backup/AE2020Spring/.git/objects/62/b9e671d01ce3c71dc263359de76e980a101ba1' (2,600)
2020-05-11 00:01:27: Copy New 'L:/Github/spring/.git/objects/68/678faa26ceb03e5a0bc957ad4cc9bd3d6a8ce0' -> 'K:/Website backup/AE2020Spring/.git/objects/68/678faa26ceb03e5a0bc957ad4cc9bd3d6a8ce0' (3,110)
2020-05-11 00:01:27: Copy New 'L:/Github/spring/.git/objects/69/52c0127ae6decf3f39a09722af1a2ddf74444e' -> 'K:/Website backup/AE2020Spring/.git/objects/69/52c0127ae6decf3f39a09722af1a2ddf74444e' (200)
2020-05-11 00:01:27: Copy New 'L:/Github/spring/.git/objects/6c/c078560dac8a329455742ba816a2b27f25b00c' -> 'K:/Website backup/AE2020Spring/.git/objects/6c/c078560dac8a329455742ba816a2b27f25b00c' (200)
2020-05-11 00:01:27: Copy New 'L:/Github/spring/.git/objects/7c/0b25b120cd7e3b482f7e94157f64944dd5b69f' -> 'K:/Website backup/AE2020Spring/.git/objects/7c/0b25b120cd7e3b482f7e94157f64944dd5b69f' (171)
2020-05-11 00:01:27: Copy New 'L:/Github/spring/.git/objects/7d/e90018cd7b136b548f7188d99bcabf169262de' -> 'K:/Website backup/AE2020Spring/.git/objects/7d/e90018cd7b136b548f7188d99bcabf169262de' (498)
2020-05-11 00:01:28: Copy New 'L:/Github/spring/.git/objects/7e/399775fb19cfb2b0e614c4781a63fa0a11ecf4' -> 'K:/Website backup/AE2020Spring/.git/objects/7e/399775fb19cfb2b0e614c4781a63fa0a11ecf4' (2,437)
2020-05-11 00:01:28: Copy New 'L:/Github/spring/.git/objects/83/9cffbe07978b949613040975fcc4dcca319702' -> 'K:/Website backup/AE2020Spring/.git/objects/83/9cffbe07978b949613040975fcc4dcca319702' (2,119)
2020-05-11 00:01:28: Copy New 'L:/Github/spring/.git/objects/85/18cb167c365d80cb724ddeba06b7f118a7b4a6' -> 'K:/Website backup/AE2020Spring/.git/objects/85/18cb167c365d80cb724ddeba06b7f118a7b4a6' (2,357)
2020-05-11 00:01:28: Copy New 'L:/Github/spring/.git/objects/8a/067b9952fbb8f80dfe6f428fcca3a5b3547e08' -> 'K:/Website backup/AE2020Spring/.git/objects/8a/067b9952fbb8f80dfe6f428fcca3a5b3547e08' (531)
2020-05-11 00:01:29: Copy New 'L:/Github/spring/.git/objects/8f/a5f4ee64e4dd4f21c6ec80db06df6028075835' -> 'K:/Website backup/AE2020Spring/.git/objects/8f/a5f4ee64e4dd4f21c6ec80db06df6028075835' (200)
2020-05-11 00:01:29: Copy New 'L:/Github/spring/.git/objects/93/677f793f101a5e9da6eb4cca115d28ff93be96' -> 'K:/Website backup/AE2020Spring/.git/objects/93/677f793f101a5e9da6eb4cca115d28ff93be96' (498)
2020-05-11 00:01:29: Copy New 'L:/Github/spring/.git/objects/96/8ba01dd1fa98b3260348f0fdf97c4535548e44' -> 'K:/Website backup/AE2020Spring/.git/objects/96/8ba01dd1fa98b3260348f0fdf97c4535548e44' (5,862)
2020-05-11 00:01:29: Copy New 'L:/Github/spring/.git/objects/9d/37d1edfce4c1e97fe36a7026bcca967f318683' -> 'K:/Website backup/AE2020Spring/.git/objects/9d/37d1edfce4c1e97fe36a7026bcca967f318683' (177)
2020-05-11 00:01:30: Copy New 'L:/Github/spring/.git/objects/a3/32a704c5ec33003033bc74fccb7d4d37ed3e8e' -> 'K:/Website backup/AE2020Spring/.git/objects/a3/32a704c5ec33003033bc74fccb7d4d37ed3e8e' (466)
2020-05-11 00:01:30: Copy New 'L:/Github/spring/.git/objects/a7/4bb755ee198b56cd6fc23c65d7aac6241cad9f' -> 'K:/Website backup/AE2020Spring/.git/objects/a7/4bb755ee198b56cd6fc23c65d7aac6241cad9f' (5,889)
2020-05-11 00:01:30: Copy New 'L:/Github/spring/.git/objects/bd/f10a8df908f55471996af66a4682ae522dacc4' -> 'K:/Website backup/AE2020Spring/.git/objects/bd/f10a8df908f55471996af66a4682ae522dacc4' (178)
2020-05-11 00:01:30: Copy New 'L:/Github/spring/.git/objects/bf/49a46c3302529160c562e117519139bacf8d2a' -> 'K:/Website backup/AE2020Spring/.git/objects/bf/49a46c3302529160c562e117519139bacf8d2a' (2,120)
2020-05-11 00:01:31: Copy New 'L:/Github/spring/.git/objects/c1/3efecf8bd379072b2916e1412a417b1b609453' -> 'K:/Website backup/AE2020Spring/.git/objects/c1/3efecf8bd379072b2916e1412a417b1b609453' (170)
2020-05-11 00:01:31: Copy New 'L:/Github/spring/.git/objects/c1/d140f7c3b90de606eef831749846a382adb070' -> 'K:/Website backup/AE2020Spring/.git/objects/c1/d140f7c3b90de606eef831749846a382adb070' (531)
2020-05-11 00:01:31: Copy New 'L:/Github/spring/.git/objects/c5/6dfd07ea205ec07de742a39271685efbd1ed03' -> 'K:/Website backup/AE2020Spring/.git/objects/c5/6dfd07ea205ec07de742a39271685efbd1ed03' (167)
2020-05-11 00:01:31: Copy New 'L:/Github/spring/.git/objects/c5/7672b06657abae78cc8c53dde79b30e0c88bc2' -> 'K:/Website backup/AE2020Spring/.git/objects/c5/7672b06657abae78cc8c53dde79b30e0c88bc2' (498)
2020-05-11 00:01:31: Copy New 'L:/Github/spring/.git/objects/c7/fedde53247b6146deea44b419915195148422c' -> 'K:/Website backup/AE2020Spring/.git/objects/c7/fedde53247b6146deea44b419915195148422c' (137)
2020-05-11 00:01:32: Copy New 'L:/Github/spring/.git/objects/cf/6dbbc53346026005cedd36dad5eb0303570482' -> 'K:/Website backup/AE2020Spring/.git/objects/cf/6dbbc53346026005cedd36dad5eb0303570482' (5,679)
2020-05-11 00:01:32: Copy New 'L:/Github/spring/.git/objects/d2/0de96fa7a0fcd0b007998b23603460637a5e00' -> 'K:/Website backup/AE2020Spring/.git/objects/d2/0de96fa7a0fcd0b007998b23603460637a5e00' (168)
2020-05-11 00:01:32: Copy New 'L:/Github/spring/.git/objects/d2/7faa7d2181521a1ec055091e8c52a7e8250ddf' -> 'K:/Website backup/AE2020Spring/.git/objects/d2/7faa7d2181521a1ec055091e8c52a7e8250ddf' (2,423)
2020-05-11 00:01:32: Copy New 'L:/Github/spring/.git/objects/d8/1fe11f4f65d3aee0c03792f5590315cebf121e' -> 'K:/Website backup/AE2020Spring/.git/objects/d8/1fe11f4f65d3aee0c03792f5590315cebf121e' (499)
2020-05-11 00:01:33: Copy New 'L:/Github/spring/.git/objects/d8/96839803a2b74289404a8c72c8a61385ad894f' -> 'K:/Website backup/AE2020Spring/.git/objects/d8/96839803a2b74289404a8c72c8a61385ad894f' (5,574)
2020-05-11 00:01:33: Copy New 'L:/Github/spring/.git/objects/da/b8a949978c32a4d15dbf1ade163b855b8f7d0e' -> 'K:/Website backup/AE2020Spring/.git/objects/da/b8a949978c32a4d15dbf1ade163b855b8f7d0e' (112)
2020-05-11 00:01:33: Copy New 'L:/Github/spring/.git/objects/dd/4aeb870ea16cd31e8e8bbd327665ddcfb6c8a1' -> 'K:/Website backup/AE2020Spring/.git/objects/dd/4aeb870ea16cd31e8e8bbd327665ddcfb6c8a1' (1,970)
2020-05-11 00:01:34: Copy New 'L:/Github/spring/.git/objects/e3/7f67f29aa26036c95b59cfdd2ef7ff84624d3d' -> 'K:/Website backup/AE2020Spring/.git/objects/e3/7f67f29aa26036c95b59cfdd2ef7ff84624d3d' (466)
2020-05-11 00:01:34: Copy New 'L:/Github/spring/.git/objects/e7/ed62f5bb6e8827136c41eb9ac3826c519c3203' -> 'K:/Website backup/AE2020Spring/.git/objects/e7/ed62f5bb6e8827136c41eb9ac3826c519c3203' (200)
2020-05-11 00:01:34: Copy New 'L:/Github/spring/.git/objects/ee/7bab1ec2480edbcda9f781fc89829894da9387' -> 'K:/Website backup/AE2020Spring/.git/objects/ee/7bab1ec2480edbcda9f781fc89829894da9387' (2,984)
2020-05-11 00:01:34: Copy New 'L:/Github/spring/.git/objects/f3/b63a086937de9fbfc523aef00baeab7ebf32ed' -> 'K:/Website backup/AE2020Spring/.git/objects/f3/b63a086937de9fbfc523aef00baeab7ebf32ed' (178)
2020-05-11 00:01:34: Copy New 'L:/Github/spring/.git/objects/f5/a3255c414b0a146f5c85ae0b29b241bd24c550' -> 'K:/Website backup/AE2020Spring/.git/objects/f5/a3255c414b0a146f5c85ae0b29b241bd24c550' (159)
2020-05-11 00:01:35: Copy New 'L:/Github/spring/.git/objects/fd/60bb0e2d7f80003e119be8474b70ad4305b849' -> 'K:/Website backup/AE2020Spring/.git/objects/fd/60bb0e2d7f80003e119be8474b70ad4305b849' (172)
2020-05-11 00:01:35: Copy New 'L:/Github/spring/.git/objects/pack/pack-b32eab5c5ce6b6ae97e6dd86675a8350134c97e0.idx' -> 'K:/Website backup/AE2020Spring/.git/objects/pack/pack-b32eab5c5ce6b6ae97e6dd86675a8350134c97e0.idx' (3,088)
2020-05-11 00:01:36: Copy New 'L:/Github/spring/.git/objects/pack/pack-b32eab5c5ce6b6ae97e6dd86675a8350134c97e0.pack' -> 'K:/Website backup/AE2020Spring/.git/objects/pack/pack-b32eab5c5ce6b6ae97e6dd86675a8350134c97e0.pack' (3,672,040)
2020-05-11 00:01:36: Copy New 'L:/Github/spring/.git/packed-refs' -> 'K:/Website backup/AE2020Spring/.git/packed-refs' (114)
2020-05-11 00:01:36: Copy New 'L:/Github/spring/.git/refs/heads/master' -> 'K:/Website backup/AE2020Spring/.git/refs/heads/master' (41)
2020-05-11 00:01:37: Copy New 'L:/Github/spring/.git/refs/remotes/origin/HEAD' -> 'K:/Website backup/AE2020Spring/.git/refs/remotes/origin/HEAD' (32)
2020-05-11 00:01:37: Copy New 'L:/Github/spring/.git/refs/remotes/origin/master' -> 'K:/Website backup/AE2020Spring/.git/refs/remotes/origin/master' (41)
2020-05-11 00:01:37: Copy Over 'L:/Github/spring/classrooms.html' -> 'K:/Website backup/AE2020Spring/classrooms.html' (10,683)
2020-05-11 00:01:38: Copy Over 'L:/Github/spring/css/bootstrap.min.css' -> 'K:/Website backup/AE2020Spring/css/bootstrap.min.css' (174,014)
2020-05-11 00:01:38: Copy Over 'L:/Github/spring/css/style.css' -> 'K:/Website backup/AE2020Spring/css/style.css' (13,458)
2020-05-11 00:01:38: Copy Over 'L:/Github/spring/css/tabs.css' -> 'K:/Website backup/AE2020Spring/css/tabs.css' (1,351)
2020-05-11 00:01:38: Copy Over 'L:/Github/spring/css/ticker.css' -> 'K:/Website backup/AE2020Spring/css/ticker.css' (730)
2020-05-11 00:01:39: Copy Over 'L:/Github/spring/grades.html' -> 'K:/Website backup/AE2020Spring/grades.html' (9,574)
2020-05-11 00:01:39: Copy Over 'L:/Github/spring/gulpfile.js' -> 'K:/Website backup/AE2020Spring/gulpfile.js' (3,640)
2020-05-11 00:01:40: Copy Over 'L:/Github/spring/img/external-black.png' -> 'K:/Website backup/AE2020Spring/img/external-black.png' (500)
2020-05-11 00:01:40: Copy Over 'L:/Github/spring/img/external.png' -> 'K:/Website backup/AE2020Spring/img/external.png' (1,824)
2020-05-11 00:01:40: Copy Over 'L:/Github/spring/img/Facebook.png' -> 'K:/Website backup/AE2020Spring/img/Facebook.png' (2,967)
2020-05-11 00:01:40: Copy Over 'L:/Github/spring/img/favicon-16x16.png' -> 'K:/Website backup/AE2020Spring/img/favicon-16x16.png' (1,574)
2020-05-11 00:01:40: Copy Over 'L:/Github/spring/img/favicon-32x32.png' -> 'K:/Website backup/AE2020Spring/img/favicon-32x32.png' (2,077)
2020-05-11 00:01:41: Copy Over 'L:/Github/spring/img/Instagram.png' -> 'K:/Website backup/AE2020Spring/img/Instagram.png' (3,586)
2020-05-11 00:01:41: Copy Over 'L:/Github/spring/img/LastFM.png' -> 'K:/Website backup/AE2020Spring/img/LastFM.png' (3,975)
2020-05-11 00:01:41: Copy Over 'L:/Github/spring/img/livestream.jpg' -> 'K:/Website backup/AE2020Spring/img/livestream.jpg' (154,645)
2020-05-11 00:01:41: Copy Over 'L:/Github/spring/img/logo.gif' -> 'K:/Website backup/AE2020Spring/img/logo.gif' (7,235)
2020-05-11 00:01:42: Copy Over 'L:/Github/spring/img/logo.jpg' -> 'K:/Website backup/AE2020Spring/img/logo.jpg' (20,005)
2020-05-11 00:01:42: Copy Over 'L:/Github/spring/img/logo.png' -> 'K:/Website backup/AE2020Spring/img/logo.png' (15,493)
2020-05-11 00:01:42: Copy Over 'L:/Github/spring/img/message.jpg' -> 'K:/Website backup/AE2020Spring/img/message.jpg' (3,626)
2020-05-11 00:01:42: Copy Over 'L:/Github/spring/img/modal/message-1.jpg' -> 'K:/Website backup/AE2020Spring/img/modal/message-1.jpg' (75,362)
2020-05-11 00:01:42: Copy Over 'L:/Github/spring/img/modal/message-2.jpg' -> 'K:/Website backup/AE2020Spring/img/modal/message-2.jpg' (29,909)
2020-05-11 00:01:43: Copy Over 'L:/Github/spring/img/modal/messaging.jpg' -> 'K:/Website backup/AE2020Spring/img/modal/messaging.jpg' (31,856)
2020-05-11 00:01:43: Copy Over 'L:/Github/spring/img/modal.afphoto' -> 'K:/Website backup/AE2020Spring/img/modal.afphoto' (1,567,051)
2020-05-11 00:01:43: Copy Over 'L:/Github/spring/img/thumbs/animals-thumb.jpg' -> 'K:/Website backup/AE2020Spring/img/thumbs/animals-thumb.jpg' (10,516)
2020-05-11 00:01:44: Copy Over 'L:/Github/spring/img/welcome.jpg' -> 'K:/Website backup/AE2020Spring/img/welcome.jpg' (49,877)
2020-05-11 00:01:44: Copy Over 'L:/Github/spring/img/welcome.webp' -> 'K:/Website backup/AE2020Spring/img/welcome.webp' (15,350)
2020-05-11 00:01:44: L:/Github/spring/index.html: Source file has changed between Analyze and Sync from '[file] size=18,191 accu-time=2020-05-10 23:57:36 attr=Archive cktype=0' to 'size=18,177 time=2020-05-11 00:01:31', noted in source file state
2020-05-11 00:01:44: Copy Over 'L:/Github/spring/index.html' -> 'K:/Website backup/AE2020Spring/index.html' (18,191)
2020-05-11 00:01:44: Copy Over 'L:/Github/spring/js/bootstrap/bootstrap.bundle.min.js' -> 'K:/Website backup/AE2020Spring/js/bootstrap/bootstrap.bundle.min.js' (69,459)
2020-05-11 00:01:45: Copy Over 'L:/Github/spring/js/custom.js' -> 'K:/Website backup/AE2020Spring/js/custom.js' (934)
2020-05-11 00:01:45: Copy Over 'L:/Github/spring/js/jquery/jquery.js' -> 'K:/Website backup/AE2020Spring/js/jquery/jquery.js' (278,292)
2020-05-11 00:01:45: Copy Over 'L:/Github/spring/js/jquery/jquery.min.js' -> 'K:/Website backup/AE2020Spring/js/jquery/jquery.min.js' (86,663)
2020-05-11 00:01:46: Copy Over 'L:/Github/spring/js/jquery-easing/jquery.easing.compatibility.js' -> 'K:/Website backup/AE2020Spring/js/jquery-easing/jquery.easing.compatibility.js' (1,715)
2020-05-11 00:01:46: Copy Over 'L:/Github/spring/js/jquery-easing/jquery.easing.js' -> 'K:/Website backup/AE2020Spring/js/jquery-easing/jquery.easing.js' (4,213)
2020-05-11 00:01:47: Copy Over 'L:/Github/spring/js/jquery-easing/jquery.easing.min.js' -> 'K:/Website backup/AE2020Spring/js/jquery-easing/jquery.easing.min.js' (2,532)
2020-05-11 00:01:47: Copy Over 'L:/Github/spring/message.html' -> 'K:/Website backup/AE2020Spring/message.html' (8,494)
2020-05-11 00:01:47: Copy Over 'L:/Github/spring/practice/block1/animals.pdf' -> 'K:/Website backup/AE2020Spring/practice/block1/animals.pdf' (289,517)
2020-05-11 00:01:48: Copy Over 'L:/Github/spring/practice/block1/buildings.pdf' -> 'K:/Website backup/AE2020Spring/practice/block1/buildings.pdf' (456,328)
2020-05-11 00:01:48: Copy Over 'L:/Github/spring/practice/block1/family.pdf' -> 'K:/Website backup/AE2020Spring/practice/block1/family.pdf' (71,766)
2020-05-11 00:01:48: Copy Over 'L:/Github/spring/practice/block1/fruit.pdf' -> 'K:/Website backup/AE2020Spring/practice/block1/fruit.pdf' (313,092)
2020-05-11 00:01:48: Copy Over 'L:/Github/spring/practice/block1/household.pdf' -> 'K:/Website backup/AE2020Spring/practice/block1/household.pdf' (362,377)
2020-05-11 00:01:49: Copy Over 'L:/Github/spring/practice/block2/mathematics.pdf' -> 'K:/Website backup/AE2020Spring/practice/block2/mathematics.pdf' (102,909)
2020-05-11 00:01:49: Copy Over 'L:/Github/spring/practice/block2/nature.pdf' -> 'K:/Website backup/AE2020Spring/practice/block2/nature.pdf' (73,715)
2020-05-11 00:01:49: Copy New 'L:/Github/spring/README.md' -> 'K:/Website backup/AE2020Spring/README.md' (54)
2020-05-11 00:01:49: Copy New 'L:/Github/spring/self-intro.html' -> 'K:/Website backup/AE2020Spring/self-intro.html' (6,258)
2020-05-11 00:01:50: Copy Over 'L:/Github/spring/sent.html' -> 'K:/Website backup/AE2020Spring/sent.html' (5,017)
2020-05-11 00:01:50: Copy Over 'L:/Github/spring/splitscreen/css/normalize.css' -> 'K:/Website backup/AE2020Spring/splitscreen/css/normalize.css' (2,166)
2020-05-11 00:01:50: Copy Over 'L:/Github/spring/splitscreen/css/style.css' -> 'K:/Website backup/AE2020Spring/splitscreen/css/style.css' (1,421)
2020-05-11 00:01:50: Copy Over 'L:/Github/spring/splitscreen/css/tabs.css' -> 'K:/Website backup/AE2020Spring/splitscreen/css/tabs.css' (1,320)
2020-05-11 00:01:51: Copy Over 'L:/Github/spring/splitscreen/css/xopixel.css' -> 'K:/Website backup/AE2020Spring/splitscreen/css/xopixel.css' (1,002)
2020-05-11 00:01:51: Copy Over 'L:/Github/spring/splitscreen/favicon-16x16.png' -> 'K:/Website backup/AE2020Spring/splitscreen/favicon-16x16.png' (1,574)
2020-05-11 00:01:51: Copy Over 'L:/Github/spring/splitscreen/favicon-32x32.png' -> 'K:/Website backup/AE2020Spring/splitscreen/favicon-32x32.png' (2,077)
2020-05-11 00:01:51: Copy Over 'L:/Github/spring/splitscreen/index.html' -> 'K:/Website backup/AE2020Spring/splitscreen/index.html' (5,054)
2020-05-11 00:01:52: Copy Over 'L:/Github/spring/splitscreen/livestream-viewer.html' -> 'K:/Website backup/AE2020Spring/splitscreen/livestream-viewer.html' (5,390)
2020-05-11 00:01:52: Copy Over 'L:/Github/spring/textbook.html' -> 'K:/Website backup/AE2020Spring/textbook.html' (11,095)
2020-05-11 00:01:53: Copy Over 'L:/Github/spring/tutorials.html' -> 'K:/Website backup/AE2020Spring/tutorials.html' (5,930)
2020-05-11 00:01:53: == Sync Complete. Time: 00:00:47, Speed: 627.90 KB/s, OK: 348, Errors: 0
2020-05-11 00:01:53: 
